ARM GAS  /tmp/ccBn4kZf.s 			page 1


   1              		.syntax unified
   2              		.cpu cortex-m3
   3              		.fpu softvfp
   4              		.eabi_attribute 20, 1	@ Tag_ABI_FP_denormal
   5              		.eabi_attribute 21, 1	@ Tag_ABI_FP_exceptions
   6              		.eabi_attribute 23, 3	@ Tag_ABI_FP_number_model
   7              		.eabi_attribute 24, 1	@ Tag_ABI_align8_needed
   8              		.eabi_attribute 25, 1	@ Tag_ABI_align8_preserved
   9              		.eabi_attribute 26, 1	@ Tag_ABI_enum_size
  10              		.eabi_attribute 30, 6	@ Tag_ABI_optimization_goals
  11              		.eabi_attribute 34, 1	@ Tag_CPU_unaligned_access
  12              		.eabi_attribute 18, 4	@ Tag_ABI_PCS_wchar_t
  13              		.file	"appConfig.c"
  14              	@ GNU C (15:4.9.3+svn231177-1) version 4.9.3 20150529 (prerelease) (arm-none-eabi)
  15              	@	compiled by GNU C version 5.2.1 20151129, GMP version 6.1.0, MPFR version 3.1.3, MPC version 1.0.
  16              	@ warning: MPFR header version 3.1.3 differs from library version 3.1.4.
  17              	@ GGC heuristics: --param ggc-min-expand=100 --param ggc-min-heapsize=131072
  18              	@ options passed:  -I . -I ./include -I ../pcf/include -imultilib armv7-m
  19              	@ -MD Build/Obj/Debug/appConfig.d -MF Build/.dep/appConfig.o.d -MP
  20              	@ -MQ Build/Obj/Debug/appConfig.o -D__USES_INITFINI__ ./source/appConfig.c
  21              	@ -mcpu=cortex-m3 -mthumb -auxbase-strip Build/Obj/Debug/appConfig.o
  22              	@ -gdwarf-2 -O0 -Wall -Wno-cpp -std=gnu99 -fomit-frame-pointer
  23              	@ -fverbose-asm
  24              	@ options enabled:  -faggressive-loop-optimizations -fauto-inc-dec -fcommon
  25              	@ -fdelete-null-pointer-checks -fdwarf2-cfi-asm -fearly-inlining
  26              	@ -feliminate-unused-debug-types -ffunction-cse -fgcse-lm -fgnu-runtime
  27              	@ -fgnu-unique -fident -finline-atomics -fira-hoist-pressure
  28              	@ -fira-share-save-slots -fira-share-spill-slots -fivopts
  29              	@ -fkeep-static-consts -fleading-underscore -flifetime-dse -fmath-errno
  30              	@ -fmerge-debug-strings -fomit-frame-pointer -fpeephole
  31              	@ -fprefetch-loop-arrays -freg-struct-return
  32              	@ -fsched-critical-path-heuristic -fsched-dep-count-heuristic
  33              	@ -fsched-group-heuristic -fsched-interblock -fsched-last-insn-heuristic
  34              	@ -fsched-rank-heuristic -fsched-spec -fsched-spec-insn-heuristic
  35              	@ -fsched-stalled-insns-dep -fshow-column -fsigned-zeros
  36              	@ -fsplit-ivs-in-unroller -fstrict-volatile-bitfields -fsync-libcalls
  37              	@ -ftrapping-math -ftree-coalesce-vars -ftree-cselim -ftree-forwprop
  38              	@ -ftree-loop-if-convert -ftree-loop-im -ftree-loop-ivcanon
  39              	@ -ftree-loop-optimize -ftree-parallelize-loops= -ftree-phiprop
  40              	@ -ftree-reassoc -ftree-scev-cprop -funit-at-a-time -fverbose-asm
  41              	@ -fzero-initialized-in-bss -mfix-cortex-m3-ldrd -mlittle-endian -mlra
  42              	@ -mpic-data-is-text-relative -msched-prolog -mthumb -munaligned-access
  43              	@ -mvectorize-with-neon-quad
  44              	
  45              		.text
  46              	.Ltext0:
  47              		.cfi_sections	.debug_frame
  48              		.comm	myClock,4,4
  49              		.comm	myGpio,4,4
  50              		.comm	LED,4,4
  51              		.comm	myLED,4,4
  52              		.comm	Switch,4,4
  53              		.comm	myUART,4,4
  54              		.global	myClockCfg
  55              		.data
  56              		.align	2
  57              		.type	myClockCfg, %object
ARM GAS  /tmp/ccBn4kZf.s 			page 2


  58              		.size	myClockCfg, 12
  59              	myClockCfg:
  60              	@ cpuFreqHz:
  61 0000 00E1F505 		.word	100000000
  62              	@ oscFreq:
  63 0004 001BB700 		.word	12000000
  64              	@ pllClkSrc:
  65 0008 01       		.byte	1
  66 0009 000000   		.space	3
  67              		.global	myGpioCfg
  68              		.align	2
  69              		.type	myGpioCfg, %object
  70              		.size	myGpioCfg, 12
  71              	myGpioCfg:
  72              	@ portPin:
  73              	@ port:
  74 000c 00       		.byte	0
  75              	@ pin:
  76 000d 1A       		.byte	26
  77              	@ direction:
  78 000e 01       		.byte	1
  79              	@ mode:
  80 000f 00       		.byte	0
  81              	@ openDrain:
  82 0010 00       		.byte	0
  83 0011 00000000 		.space	7
  83      000000
  84              		.global	LED_Config
  85              		.align	2
  86              		.type	LED_Config, %object
  87              		.size	LED_Config, 12
  88              	LED_Config:
  89              	@ portPin:
  90              	@ port:
  91 0018 00       		.byte	0
  92              	@ pin:
  93 0019 19       		.byte	25
  94              	@ direction:
  95 001a 01       		.byte	1
  96              	@ mode:
  97 001b 00       		.byte	0
  98              	@ openDrain:
  99 001c 00       		.byte	0
 100 001d 00000000 		.space	7
 100      000000
 101              		.global	myLED_Config
 102              		.align	2
 103              		.type	myLED_Config, %object
 104              		.size	myLED_Config, 12
 105              	myLED_Config:
 106              	@ portPin:
 107              	@ port:
 108 0024 04       		.byte	4
 109              	@ pin:
 110 0025 1D       		.byte	29
 111              	@ direction:
 112 0026 01       		.byte	1
ARM GAS  /tmp/ccBn4kZf.s 			page 3


 113              	@ mode:
 114 0027 00       		.byte	0
 115              	@ openDrain:
 116 0028 00       		.byte	0
 117 0029 00000000 		.space	7
 117      000000
 118              		.global	Switch_Config
 119              		.align	2
 120              		.type	Switch_Config, %object
 121              		.size	Switch_Config, 12
 122              	Switch_Config:
 123              	@ portPin:
 124              	@ port:
 125 0030 00       		.byte	0
 126              	@ pin:
 127 0031 18       		.byte	24
 128              	@ direction:
 129 0032 00       		.byte	0
 130              	@ mode:
 131 0033 00       		.byte	0
 132              	@ openDrain:
 133 0034 00       		.byte	0
 134 0035 00000000 		.space	7
 134      000000
 135              		.global	uartHWCfg
 136              		.align	2
 137              		.type	uartHWCfg, %object
 138              		.size	uartHWCfg, 4
 139              	uartHWCfg:
 140              	@ uartTxPin:
 141              	@ port:
 142 003c 00       		.byte	0
 143              	@ pin:
 144 003d 02       		.byte	2
 145              	@ uartRxPin:
 146              	@ port:
 147 003e 00       		.byte	0
 148              	@ pin:
 149 003f 03       		.byte	3
 150              		.global	uart_Config
 151              		.align	2
 152              		.type	uart_Config, %object
 153              		.size	uart_Config, 20
 154              	uart_Config:
 155              	@ uartId:
 156 0040 00       		.byte	0
 157              	@ baudrate:
 158 0041 06       		.byte	6
 159              	@ dataBits:
 160 0042 08       		.byte	8
 161              	@ parity:
 162 0043 00       		.byte	0
 163              	@ stopBits:
 164 0044 01       		.byte	1
 165              	@ interruptEnable:
 166 0045 00       		.byte	0
 167              	@ txBufferSize:
ARM GAS  /tmp/ccBn4kZf.s 			page 4


 168 0046 0000     		.space	2
 169 0048 00000000 		.word	0
 170              	@ rxBufferSize:
 171 004c 00000000 		.word	0
 172              	@ hardwareCfg:
 173 0050 00000000 		.word	uartHWCfg
 174              		.text
 175              		.align	2
 176              		.global	delay
 177              		.thumb
 178              		.thumb_func
 179              		.type	delay, %function
 180              	delay:
 181              	.LFB40:
 182              		.file 1 "./source/appConfig.c"
   1:./source/appConfig.c **** /**
   2:./source/appConfig.c ****  *  \file       app_config.c
   3:./source/appConfig.c ****  *  \brief      Configuration settings to use GPIO device in extended mode from EduARM side
   4:./source/appConfig.c ****  *
   5:./source/appConfig.c ****  */
   6:./source/appConfig.c **** 
   7:./source/appConfig.c **** #include "pcf.h"
   8:./source/appConfig.c **** #include "appConfig.h"
   9:./source/appConfig.c **** 
  10:./source/appConfig.c **** EPCFSysClkDevice_t *myClock;
  11:./source/appConfig.c **** EPCFGpioDevice_t   *myGpio;
  12:./source/appConfig.c **** EPCFGpioDevice_t   *LED;
  13:./source/appConfig.c **** EPCFGpioDevice_t   *myLED;
  14:./source/appConfig.c **** EPCFGpioDevice_t   *Switch;
  15:./source/appConfig.c **** EPCFUartDevice_t   *myUART; 
  16:./source/appConfig.c **** 
  17:./source/appConfig.c **** EPCFSysClkCfg_t myClockCfg =
  18:./source/appConfig.c **** {
  19:./source/appConfig.c ****     100000000,
  20:./source/appConfig.c ****     12000000,
  21:./source/appConfig.c ****     enEPCFPllClkSrcMainOSC
  22:./source/appConfig.c **** };
  23:./source/appConfig.c **** 
  24:./source/appConfig.c **** EPCFGpioCfg_t myGpioCfg =
  25:./source/appConfig.c **** {
  26:./source/appConfig.c **** 	{0, 26},
  27:./source/appConfig.c **** 	enEPCFGpioDirection_Output,
  28:./source/appConfig.c **** 	enEPCFGpioPinMode_PullUp,
  29:./source/appConfig.c ****     enEPCFGpioOpenDrain_Disable,
  30:./source/appConfig.c **** };
  31:./source/appConfig.c **** 
  32:./source/appConfig.c **** EPCFGpioCfg_t LED_Config=
  33:./source/appConfig.c **** {
  34:./source/appConfig.c **** 	{0, 25},
  35:./source/appConfig.c **** 	enEPCFGpioDirection_Output,
  36:./source/appConfig.c **** 	enEPCFGpioPinMode_PullUp,
  37:./source/appConfig.c **** 	enEPCFGpioOpenDrain_Disable,
  38:./source/appConfig.c **** };
  39:./source/appConfig.c **** 
  40:./source/appConfig.c **** EPCFGpioCfg_t myLED_Config=
  41:./source/appConfig.c **** {
  42:./source/appConfig.c ****     {4, 29},
ARM GAS  /tmp/ccBn4kZf.s 			page 5


  43:./source/appConfig.c ****     enEPCFGpioDirection_Output,
  44:./source/appConfig.c ****     enEPCFGpioPinMode_PullUp,
  45:./source/appConfig.c ****     enEPCFGpioOpenDrain_Disable,
  46:./source/appConfig.c **** };
  47:./source/appConfig.c **** 
  48:./source/appConfig.c **** EPCFGpioCfg_t Switch_Config=
  49:./source/appConfig.c **** {
  50:./source/appConfig.c **** 	{0,24},
  51:./source/appConfig.c **** 	enEPCFGpioDirection_Input,
  52:./source/appConfig.c **** 	enEPCFGpioPinMode_PullUp,
  53:./source/appConfig.c **** 	enEPCFGpioOpenDrain_Disable,
  54:./source/appConfig.c **** };
  55:./source/appConfig.c **** 
  56:./source/appConfig.c **** 
  57:./source/appConfig.c **** /** Uart config Structure */
  58:./source/appConfig.c **** EPCFUartLpc1768Cfg_t uartHWCfg =
  59:./source/appConfig.c **** {
  60:./source/appConfig.c ****     {EPCF_PORT_0, EPCF_PIN_2},      //TX
  61:./source/appConfig.c ****     {EPCF_PORT_0, EPCF_PIN_3},      //RX
  62:./source/appConfig.c **** };
  63:./source/appConfig.c **** 
  64:./source/appConfig.c **** EPCFUartCfg_t uart_Config = 
  65:./source/appConfig.c **** {
  66:./source/appConfig.c ****     0,
  67:./source/appConfig.c ****     enEPCFUartBaudrate_115200,
  68:./source/appConfig.c ****     enEPCFUartDatabits_8,
  69:./source/appConfig.c ****     enEPCFUartParity_None,
  70:./source/appConfig.c ****     enEPCFUartStopBits_1,
  71:./source/appConfig.c ****     enEPCFBoolean_False,
  72:./source/appConfig.c ****     0,
  73:./source/appConfig.c ****     0,
  74:./source/appConfig.c ****     (EPCFUartLpc1768Cfg_t*)&uartHWCfg,
  75:./source/appConfig.c **** };
  76:./source/appConfig.c **** 
  77:./source/appConfig.c **** 
  78:./source/appConfig.c **** 
  79:./source/appConfig.c **** 
  80:./source/appConfig.c **** 
  81:./source/appConfig.c **** void delay(void)
  82:./source/appConfig.c **** {
 183              		.loc 1 82 0
 184              		.cfi_startproc
 185              		@ args = 0, pretend = 0, frame = 8
 186              		@ frame_needed = 0, uses_anonymous_args = 0
 187              		@ link register save eliminated.
 188 0000 82B0     		sub	sp, sp, #8	@,,
 189              	.LCFI0:
 190              		.cfi_def_cfa_offset 8
  83:./source/appConfig.c ****     uint32_t index=0;
 191              		.loc 1 83 0
 192 0002 0023     		movs	r3, #0	@ tmp110,
 193 0004 0193     		str	r3, [sp, #4]	@ tmp110, index
  84:./source/appConfig.c ****     for(index=0; index<50000000;index++);
 194              		.loc 1 84 0
 195 0006 0023     		movs	r3, #0	@ tmp111,
 196 0008 0193     		str	r3, [sp, #4]	@ tmp111, index
 197 000a 02E0     		b	.L2	@
ARM GAS  /tmp/ccBn4kZf.s 			page 6


 198              	.L3:
 199              		.loc 1 84 0 is_stmt 0 discriminator 3
 200 000c 019B     		ldr	r3, [sp, #4]	@ tmp113, index
 201 000e 0133     		adds	r3, r3, #1	@ tmp112, tmp113,
 202 0010 0193     		str	r3, [sp, #4]	@ tmp112, index
 203              	.L2:
 204              		.loc 1 84 0 discriminator 1
 205 0012 019B     		ldr	r3, [sp, #4]	@ tmp114, index
 206 0014 024A     		ldr	r2, .L4	@ tmp115,
 207 0016 9342     		cmp	r3, r2	@ tmp114, tmp115
 208 0018 F8D9     		bls	.L3	@,
  85:./source/appConfig.c **** }
 209              		.loc 1 85 0 is_stmt 1
 210 001a 02B0     		add	sp, sp, #8	@,,
 211              	.LCFI1:
 212              		.cfi_def_cfa_offset 0
 213              		@ sp needed	@
 214 001c 7047     		bx	lr	@
 215              	.L5:
 216 001e 00BF     		.align	2
 217              	.L4:
 218 0020 7FF0FA02 		.word	49999999
 219              		.cfi_endproc
 220              	.LFE40:
 221              		.size	delay, .-delay
 222              		.align	2
 223              		.global	appInit
 224              		.thumb
 225              		.thumb_func
 226              		.type	appInit, %function
 227              	appInit:
 228              	.LFB41:
  86:./source/appConfig.c **** 
  87:./source/appConfig.c **** int8_t appInit(void)
  88:./source/appConfig.c **** {
 229              		.loc 1 88 0
 230              		.cfi_startproc
 231              		@ args = 0, pretend = 0, frame = 0
 232              		@ frame_needed = 0, uses_anonymous_args = 0
 233 0024 08B5     		push	{r3, lr}	@
 234              	.LCFI2:
 235              		.cfi_def_cfa_offset 8
 236              		.cfi_offset 3, -8
 237              		.cfi_offset 14, -4
  89:./source/appConfig.c ****     myClock = epcfCreateSysClk(&myClockCfg);
 238              		.loc 1 89 0
 239 0026 1E48     		ldr	r0, .L11	@,
 240 0028 FFF7FEFF 		bl	epcfCreateSysClk	@
 241 002c 0246     		mov	r2, r0	@ D.6175,
 242 002e 1D4B     		ldr	r3, .L11+4	@ tmp122,
 243 0030 1A60     		str	r2, [r3]	@ D.6175, myClock
  90:./source/appConfig.c ****     if(myClock == NULL)
 244              		.loc 1 90 0
 245 0032 1C4B     		ldr	r3, .L11+4	@ tmp123,
 246 0034 1B68     		ldr	r3, [r3]	@ D.6175, myClock
 247 0036 002B     		cmp	r3, #0	@ D.6175,
 248 0038 01D1     		bne	.L7	@,
ARM GAS  /tmp/ccBn4kZf.s 			page 7


  91:./source/appConfig.c ****     {
  92:./source/appConfig.c ****         APP_DEBUG("Error in creating SysClk!");
  93:./source/appConfig.c ****         return -1;
 249              		.loc 1 93 0
 250 003a FF23     		movs	r3, #255	@ D.6174,
 251 003c 2CE0     		b	.L8	@
 252              	.L7:
  94:./source/appConfig.c ****     }
  95:./source/appConfig.c **** 
  96:./source/appConfig.c ****     myUART = epcf_uart_createNative(&uart_Config);
 253              		.loc 1 96 0
 254 003e 1A48     		ldr	r0, .L11+8	@,
 255 0040 FFF7FEFF 		bl	epcf_uart_createNative	@
 256 0044 0246     		mov	r2, r0	@ D.6176,
 257 0046 194B     		ldr	r3, .L11+12	@ tmp124,
 258 0048 1A60     		str	r2, [r3]	@ D.6176, myUART
  97:./source/appConfig.c ****     myGpio = epcf_gpio_createNative(&myGpioCfg);
 259              		.loc 1 97 0
 260 004a 1948     		ldr	r0, .L11+16	@,
 261 004c FFF7FEFF 		bl	epcf_gpio_createNative	@
 262 0050 0246     		mov	r2, r0	@ D.6177,
 263 0052 184B     		ldr	r3, .L11+20	@ tmp125,
 264 0054 1A60     		str	r2, [r3]	@ D.6177, myGpio
  98:./source/appConfig.c **** 	LED = epcf_gpio_createNative(&LED_Config);
 265              		.loc 1 98 0
 266 0056 1848     		ldr	r0, .L11+24	@,
 267 0058 FFF7FEFF 		bl	epcf_gpio_createNative	@
 268 005c 0246     		mov	r2, r0	@ D.6177,
 269 005e 174B     		ldr	r3, .L11+28	@ tmp126,
 270 0060 1A60     		str	r2, [r3]	@ D.6177, LED
  99:./source/appConfig.c ****     myLED = epcf_gpio_createNative(&myLED_Config);
 271              		.loc 1 99 0
 272 0062 1748     		ldr	r0, .L11+32	@,
 273 0064 FFF7FEFF 		bl	epcf_gpio_createNative	@
 274 0068 0246     		mov	r2, r0	@ D.6177,
 275 006a 164B     		ldr	r3, .L11+36	@ tmp127,
 276 006c 1A60     		str	r2, [r3]	@ D.6177, myLED
 100:./source/appConfig.c **** 	Switch = epcf_gpio_createNative(&Switch_Config);
 277              		.loc 1 100 0
 278 006e 1648     		ldr	r0, .L11+40	@,
 279 0070 FFF7FEFF 		bl	epcf_gpio_createNative	@
 280 0074 0246     		mov	r2, r0	@ D.6177,
 281 0076 154B     		ldr	r3, .L11+44	@ tmp128,
 282 0078 1A60     		str	r2, [r3]	@ D.6177, Switch
 101:./source/appConfig.c **** 
 102:./source/appConfig.c **** 	
 103:./source/appConfig.c ****     if((LED == NULL) || (Switch == NULL) || (myGpio == NULL))
 283              		.loc 1 103 0
 284 007a 104B     		ldr	r3, .L11+28	@ tmp129,
 285 007c 1B68     		ldr	r3, [r3]	@ D.6177, LED
 286 007e 002B     		cmp	r3, #0	@ D.6177,
 287 0080 07D0     		beq	.L9	@,
 288              		.loc 1 103 0 is_stmt 0 discriminator 1
 289 0082 124B     		ldr	r3, .L11+44	@ tmp130,
 290 0084 1B68     		ldr	r3, [r3]	@ D.6177, Switch
 291 0086 002B     		cmp	r3, #0	@ D.6177,
 292 0088 03D0     		beq	.L9	@,
ARM GAS  /tmp/ccBn4kZf.s 			page 8


 293              		.loc 1 103 0 discriminator 2
 294 008a 0A4B     		ldr	r3, .L11+20	@ tmp131,
 295 008c 1B68     		ldr	r3, [r3]	@ D.6177, myGpio
 296 008e 002B     		cmp	r3, #0	@ D.6177,
 297 0090 01D1     		bne	.L10	@,
 298              	.L9:
 104:./source/appConfig.c ****     {
 105:./source/appConfig.c ****         APP_DEBUG("Error in Initializing GPIO!\n");
 106:./source/appConfig.c ****         return -1;
 299              		.loc 1 106 0 is_stmt 1
 300 0092 FF23     		movs	r3, #255	@ D.6174,
 301 0094 00E0     		b	.L8	@
 302              	.L10:
 107:./source/appConfig.c ****     }
 108:./source/appConfig.c ****     else
 109:./source/appConfig.c ****     {
 110:./source/appConfig.c ****         APP_DEBUG("GPIO Initialized!\n");
 111:./source/appConfig.c ****     }
 112:./source/appConfig.c **** 
 113:./source/appConfig.c ****     return 0;
 303              		.loc 1 113 0
 304 0096 0023     		movs	r3, #0	@ D.6174,
 305              	.L8:
 306 0098 5BB2     		sxtb	r3, r3	@ tmp133, D.6174
 114:./source/appConfig.c **** }
 307              		.loc 1 114 0
 308 009a 1846     		mov	r0, r3	@, <retval>
 309 009c 08BD     		pop	{r3, pc}	@
 310              	.L12:
 311 009e 00BF     		.align	2
 312              	.L11:
 313 00a0 00000000 		.word	myClockCfg
 314 00a4 00000000 		.word	myClock
 315 00a8 00000000 		.word	uart_Config
 316 00ac 00000000 		.word	myUART
 317 00b0 00000000 		.word	myGpioCfg
 318 00b4 00000000 		.word	myGpio
 319 00b8 00000000 		.word	LED_Config
 320 00bc 00000000 		.word	LED
 321 00c0 00000000 		.word	myLED_Config
 322 00c4 00000000 		.word	myLED
 323 00c8 00000000 		.word	Switch_Config
 324 00cc 00000000 		.word	Switch
 325              		.cfi_endproc
 326              	.LFE41:
 327              		.size	appInit, .-appInit
 328              	.Letext0:
 329              		.file 2 "/usr/include/newlib/machine/_default_types.h"
 330              		.file 3 "/usr/include/newlib/sys/_stdint.h"
 331              		.file 4 "../pcf/include/../../epcf/./common/types.h"
 332              		.file 5 "../pcf/include/../../epcf/./common/portpin.h"
 333              		.file 6 "./include/../../epcf/peripheral/include/./sysClk/sysClk.h"
 334              		.file 7 "./include/../../epcf/peripheral/include/./gpio/gpio.h"
 335              		.file 8 "./include/../../epcf/peripheral/include/./uart/uart.h"
 336              		.file 9 "./include/../../epcf/native/port/arm/cm3/nxp/lpc1768/include/uart/uart_lpc1768_config.h"
 337              		.file 10 "../pcf/include/private/arch/arm/cm3/nxp/lpc1768/./../../../../arm/cm3/nxp/lpc1768/lpc176
 338              		.section	.debug_info,"",%progbits
ARM GAS  /tmp/ccBn4kZf.s 			page 9


 339              	.Ldebug_info0:
 340 0000 00060000 		.4byte	0x600
 341 0004 0200     		.2byte	0x2
 342 0006 00000000 		.4byte	.Ldebug_abbrev0
 343 000a 04       		.byte	0x4
 344 000b 01       		.uleb128 0x1
 345 000c 4E030000 		.4byte	.LASF129
 346 0010 01       		.byte	0x1
 347 0011 65070000 		.4byte	.LASF130
 348 0015 8A000000 		.4byte	.LASF131
 349 0019 00000000 		.4byte	.Ltext0
 350 001d D0000000 		.4byte	.Letext0
 351 0021 00000000 		.4byte	.Ldebug_line0
 352 0025 02       		.uleb128 0x2
 353 0026 04       		.byte	0x4
 354 0027 07       		.byte	0x7
 355 0028 21030000 		.4byte	.LASF0
 356 002c 03       		.uleb128 0x3
 357 002d 04       		.byte	0x4
 358 002e 05       		.byte	0x5
 359 002f 696E7400 		.ascii	"int\000"
 360 0033 04       		.uleb128 0x4
 361 0034 41010000 		.4byte	.LASF2
 362 0038 02       		.byte	0x2
 363 0039 1B       		.byte	0x1b
 364 003a 3E000000 		.4byte	0x3e
 365 003e 02       		.uleb128 0x2
 366 003f 01       		.byte	0x1
 367 0040 06       		.byte	0x6
 368 0041 9D010000 		.4byte	.LASF1
 369 0045 04       		.uleb128 0x4
 370 0046 66000000 		.4byte	.LASF3
 371 004a 02       		.byte	0x2
 372 004b 1D       		.byte	0x1d
 373 004c 50000000 		.4byte	0x50
 374 0050 02       		.uleb128 0x2
 375 0051 01       		.byte	0x1
 376 0052 08       		.byte	0x8
 377 0053 1D060000 		.4byte	.LASF4
 378 0057 02       		.uleb128 0x2
 379 0058 02       		.byte	0x2
 380 0059 05       		.byte	0x5
 381 005a 50060000 		.4byte	.LASF5
 382 005e 02       		.uleb128 0x2
 383 005f 02       		.byte	0x2
 384 0060 07       		.byte	0x7
 385 0061 FC070000 		.4byte	.LASF6
 386 0065 04       		.uleb128 0x4
 387 0066 BF070000 		.4byte	.LASF7
 388 006a 02       		.byte	0x2
 389 006b 3F       		.byte	0x3f
 390 006c 70000000 		.4byte	0x70
 391 0070 02       		.uleb128 0x2
 392 0071 04       		.byte	0x4
 393 0072 05       		.byte	0x5
 394 0073 23020000 		.4byte	.LASF8
 395 0077 04       		.uleb128 0x4
ARM GAS  /tmp/ccBn4kZf.s 			page 10


 396 0078 DA020000 		.4byte	.LASF9
 397 007c 02       		.byte	0x2
 398 007d 41       		.byte	0x41
 399 007e 82000000 		.4byte	0x82
 400 0082 02       		.uleb128 0x2
 401 0083 04       		.byte	0x4
 402 0084 07       		.byte	0x7
 403 0085 CE030000 		.4byte	.LASF10
 404 0089 02       		.uleb128 0x2
 405 008a 08       		.byte	0x8
 406 008b 05       		.byte	0x5
 407 008c 8F010000 		.4byte	.LASF11
 408 0090 02       		.uleb128 0x2
 409 0091 08       		.byte	0x8
 410 0092 07       		.byte	0x7
 411 0093 F6000000 		.4byte	.LASF12
 412 0097 02       		.uleb128 0x2
 413 0098 04       		.byte	0x4
 414 0099 07       		.byte	0x7
 415 009a 08050000 		.4byte	.LASF13
 416 009e 05       		.uleb128 0x5
 417 009f 04       		.byte	0x4
 418 00a0 02       		.uleb128 0x2
 419 00a1 01       		.byte	0x1
 420 00a2 08       		.byte	0x8
 421 00a3 5B070000 		.4byte	.LASF14
 422 00a7 04       		.uleb128 0x4
 423 00a8 1E080000 		.4byte	.LASF15
 424 00ac 03       		.byte	0x3
 425 00ad 13       		.byte	0x13
 426 00ae 33000000 		.4byte	0x33
 427 00b2 04       		.uleb128 0x4
 428 00b3 87080000 		.4byte	.LASF16
 429 00b7 03       		.byte	0x3
 430 00b8 14       		.byte	0x14
 431 00b9 45000000 		.4byte	0x45
 432 00bd 04       		.uleb128 0x4
 433 00be 15060000 		.4byte	.LASF17
 434 00c2 03       		.byte	0x3
 435 00c3 1F       		.byte	0x1f
 436 00c4 65000000 		.4byte	0x65
 437 00c8 04       		.uleb128 0x4
 438 00c9 01070000 		.4byte	.LASF18
 439 00cd 03       		.byte	0x3
 440 00ce 20       		.byte	0x20
 441 00cf 77000000 		.4byte	0x77
 442 00d3 02       		.uleb128 0x2
 443 00d4 04       		.byte	0x4
 444 00d5 04       		.byte	0x4
 445 00d6 CA050000 		.4byte	.LASF19
 446 00da 06       		.uleb128 0x6
 447 00db 01       		.byte	0x1
 448 00dc 04       		.byte	0x4
 449 00dd 06       		.byte	0x6
 450 00de F5000000 		.4byte	0xf5
 451 00e2 07       		.uleb128 0x7
 452 00e3 A2050000 		.4byte	.LASF20
ARM GAS  /tmp/ccBn4kZf.s 			page 11


 453 00e7 00       		.sleb128 0
 454 00e8 07       		.uleb128 0x7
 455 00e9 EE060000 		.4byte	.LASF21
 456 00ed 01       		.sleb128 1
 457 00ee 07       		.uleb128 0x7
 458 00ef FF030000 		.4byte	.LASF22
 459 00f3 02       		.sleb128 2
 460 00f4 00       		.byte	0
 461 00f5 04       		.uleb128 0x4
 462 00f6 65040000 		.4byte	.LASF23
 463 00fa 04       		.byte	0x4
 464 00fb 0A       		.byte	0xa
 465 00fc DA000000 		.4byte	0xda
 466 0100 08       		.uleb128 0x8
 467 0101 02       		.byte	0x2
 468 0102 05       		.byte	0x5
 469 0103 47       		.byte	0x47
 470 0104 25010000 		.4byte	0x125
 471 0108 09       		.uleb128 0x9
 472 0109 1C030000 		.4byte	.LASF24
 473 010d 05       		.byte	0x5
 474 010e 49       		.byte	0x49
 475 010f B2000000 		.4byte	0xb2
 476 0113 02       		.byte	0x2
 477 0114 23       		.byte	0x23
 478 0115 00       		.uleb128 0
 479 0116 0A       		.uleb128 0xa
 480 0117 70696E00 		.ascii	"pin\000"
 481 011b 05       		.byte	0x5
 482 011c 4A       		.byte	0x4a
 483 011d B2000000 		.4byte	0xb2
 484 0121 02       		.byte	0x2
 485 0122 23       		.byte	0x23
 486 0123 01       		.uleb128 0x1
 487 0124 00       		.byte	0
 488 0125 04       		.uleb128 0x4
 489 0126 38040000 		.4byte	.LASF25
 490 012a 05       		.byte	0x5
 491 012b 4B       		.byte	0x4b
 492 012c 00010000 		.4byte	0x100
 493 0130 04       		.uleb128 0x4
 494 0131 50020000 		.4byte	.LASF26
 495 0135 06       		.byte	0x6
 496 0136 09       		.byte	0x9
 497 0137 3B010000 		.4byte	0x13b
 498 013b 0B       		.uleb128 0xb
 499 013c 2B050000 		.4byte	.LASF37
 500 0140 01       		.byte	0x1
 501 0141 0C       		.uleb128 0xc
 502 0142 11040000 		.4byte	.LASF39
 503 0146 01       		.byte	0x1
 504 0147 06       		.byte	0x6
 505 0148 0C       		.byte	0xc
 506 0149 66010000 		.4byte	0x166
 507 014d 07       		.uleb128 0x7
 508 014e 8F070000 		.4byte	.LASF27
 509 0152 00       		.sleb128 0
ARM GAS  /tmp/ccBn4kZf.s 			page 12


 510 0153 07       		.uleb128 0x7
 511 0154 E5070000 		.4byte	.LASF28
 512 0158 01       		.sleb128 1
 513 0159 07       		.uleb128 0x7
 514 015a 3A020000 		.4byte	.LASF29
 515 015e 02       		.sleb128 2
 516 015f 07       		.uleb128 0x7
 517 0160 76080000 		.4byte	.LASF30
 518 0164 03       		.sleb128 3
 519 0165 00       		.byte	0
 520 0166 04       		.uleb128 0x4
 521 0167 A3080000 		.4byte	.LASF31
 522 016b 06       		.byte	0x6
 523 016c 12       		.byte	0x12
 524 016d 41010000 		.4byte	0x141
 525 0171 0D       		.uleb128 0xd
 526 0172 F1030000 		.4byte	.LASF101
 527 0176 0C       		.byte	0xc
 528 0177 06       		.byte	0x6
 529 0178 1F       		.byte	0x1f
 530 0179 A8010000 		.4byte	0x1a8
 531 017d 09       		.uleb128 0x9
 532 017e 52050000 		.4byte	.LASF32
 533 0182 06       		.byte	0x6
 534 0183 21       		.byte	0x21
 535 0184 C8000000 		.4byte	0xc8
 536 0188 02       		.byte	0x2
 537 0189 23       		.byte	0x23
 538 018a 00       		.uleb128 0
 539 018b 09       		.uleb128 0x9
 540 018c 1E040000 		.4byte	.LASF33
 541 0190 06       		.byte	0x6
 542 0191 22       		.byte	0x22
 543 0192 C8000000 		.4byte	0xc8
 544 0196 02       		.byte	0x2
 545 0197 23       		.byte	0x23
 546 0198 04       		.uleb128 0x4
 547 0199 09       		.uleb128 0x9
 548 019a 2E040000 		.4byte	.LASF34
 549 019e 06       		.byte	0x6
 550 019f 23       		.byte	0x23
 551 01a0 66010000 		.4byte	0x166
 552 01a4 02       		.byte	0x2
 553 01a5 23       		.byte	0x23
 554 01a6 08       		.uleb128 0x8
 555 01a7 00       		.byte	0
 556 01a8 04       		.uleb128 0x4
 557 01a9 6A010000 		.4byte	.LASF35
 558 01ad 06       		.byte	0x6
 559 01ae 24       		.byte	0x24
 560 01af 71010000 		.4byte	0x171
 561 01b3 04       		.uleb128 0x4
 562 01b4 D0050000 		.4byte	.LASF36
 563 01b8 07       		.byte	0x7
 564 01b9 0A       		.byte	0xa
 565 01ba BE010000 		.4byte	0x1be
 566 01be 0B       		.uleb128 0xb
ARM GAS  /tmp/ccBn4kZf.s 			page 13


 567 01bf 0F080000 		.4byte	.LASF38
 568 01c3 01       		.byte	0x1
 569 01c4 0C       		.uleb128 0xc
 570 01c5 B6050000 		.4byte	.LASF40
 571 01c9 01       		.byte	0x1
 572 01ca 07       		.byte	0x7
 573 01cb 0D       		.byte	0xd
 574 01cc E9010000 		.4byte	0x1e9
 575 01d0 07       		.uleb128 0x7
 576 01d1 11050000 		.4byte	.LASF41
 577 01d5 00       		.sleb128 0
 578 01d6 07       		.uleb128 0x7
 579 01d7 E0010000 		.4byte	.LASF42
 580 01db 01       		.sleb128 1
 581 01dc 07       		.uleb128 0x7
 582 01dd E5020000 		.4byte	.LASF43
 583 01e1 02       		.sleb128 2
 584 01e2 07       		.uleb128 0x7
 585 01e3 D1000000 		.4byte	.LASF44
 586 01e7 03       		.sleb128 3
 587 01e8 00       		.byte	0
 588 01e9 04       		.uleb128 0x4
 589 01ea F2040000 		.4byte	.LASF45
 590 01ee 07       		.byte	0x7
 591 01ef 13       		.byte	0x13
 592 01f0 C4010000 		.4byte	0x1c4
 593 01f4 0C       		.uleb128 0xc
 594 01f5 2B060000 		.4byte	.LASF46
 595 01f9 01       		.byte	0x1
 596 01fa 07       		.byte	0x7
 597 01fb 16       		.byte	0x16
 598 01fc 1F020000 		.4byte	0x21f
 599 0200 07       		.uleb128 0x7
 600 0201 0D010000 		.4byte	.LASF47
 601 0205 00       		.sleb128 0
 602 0206 07       		.uleb128 0x7
 603 0207 D7040000 		.4byte	.LASF48
 604 020b 01       		.sleb128 1
 605 020c 07       		.uleb128 0x7
 606 020d 95060000 		.4byte	.LASF49
 607 0211 02       		.sleb128 2
 608 0212 07       		.uleb128 0x7
 609 0213 7A060000 		.4byte	.LASF50
 610 0217 03       		.sleb128 3
 611 0218 07       		.uleb128 0x7
 612 0219 A9010000 		.4byte	.LASF51
 613 021d 04       		.sleb128 4
 614 021e 00       		.byte	0
 615 021f 04       		.uleb128 0x4
 616 0220 8F080000 		.4byte	.LASF52
 617 0224 07       		.byte	0x7
 618 0225 1D       		.byte	0x1d
 619 0226 F4010000 		.4byte	0x1f4
 620 022a 0C       		.uleb128 0xc
 621 022b FB010000 		.4byte	.LASF53
 622 022f 01       		.byte	0x1
 623 0230 07       		.byte	0x7
ARM GAS  /tmp/ccBn4kZf.s 			page 14


 624 0231 20       		.byte	0x20
 625 0232 49020000 		.4byte	0x249
 626 0236 07       		.uleb128 0x7
 627 0237 2A070000 		.4byte	.LASF54
 628 023b 00       		.sleb128 0
 629 023c 07       		.uleb128 0x7
 630 023d 25080000 		.4byte	.LASF55
 631 0241 01       		.sleb128 1
 632 0242 07       		.uleb128 0x7
 633 0243 0B020000 		.4byte	.LASF56
 634 0247 02       		.sleb128 2
 635 0248 00       		.byte	0
 636 0249 04       		.uleb128 0x4
 637 024a 3C050000 		.4byte	.LASF57
 638 024e 07       		.byte	0x7
 639 024f 25       		.byte	0x25
 640 0250 2A020000 		.4byte	0x22a
 641 0254 06       		.uleb128 0x6
 642 0255 01       		.byte	0x1
 643 0256 07       		.byte	0x7
 644 0257 29       		.byte	0x29
 645 0258 81020000 		.4byte	0x281
 646 025c 07       		.uleb128 0x7
 647 025d 7A020000 		.4byte	.LASF58
 648 0261 00       		.sleb128 0
 649 0262 07       		.uleb128 0x7
 650 0263 16000000 		.4byte	.LASF59
 651 0267 01       		.sleb128 1
 652 0268 07       		.uleb128 0x7
 653 0269 B4060000 		.4byte	.LASF60
 654 026d 02       		.sleb128 2
 655 026e 07       		.uleb128 0x7
 656 026f 4B000000 		.4byte	.LASF61
 657 0273 03       		.sleb128 3
 658 0274 07       		.uleb128 0x7
 659 0275 C9070000 		.4byte	.LASF62
 660 0279 04       		.sleb128 4
 661 027a 07       		.uleb128 0x7
 662 027b 2E030000 		.4byte	.LASF63
 663 027f 05       		.sleb128 5
 664 0280 00       		.byte	0
 665 0281 04       		.uleb128 0x4
 666 0282 16070000 		.4byte	.LASF64
 667 0286 07       		.byte	0x7
 668 0287 30       		.byte	0x30
 669 0288 54020000 		.4byte	0x254
 670 028c 08       		.uleb128 0x8
 671 028d 0C       		.byte	0xc
 672 028e 07       		.byte	0x7
 673 028f 3B       		.byte	0x3b
 674 0290 F7020000 		.4byte	0x2f7
 675 0294 09       		.uleb128 0x9
 676 0295 0D060000 		.4byte	.LASF65
 677 0299 07       		.byte	0x7
 678 029a 3D       		.byte	0x3d
 679 029b 25010000 		.4byte	0x125
 680 029f 02       		.byte	0x2
ARM GAS  /tmp/ccBn4kZf.s 			page 15


 681 02a0 23       		.byte	0x23
 682 02a1 00       		.uleb128 0
 683 02a2 09       		.uleb128 0x9
 684 02a3 C7000000 		.4byte	.LASF66
 685 02a7 07       		.byte	0x7
 686 02a8 3E       		.byte	0x3e
 687 02a9 E9010000 		.4byte	0x1e9
 688 02ad 02       		.byte	0x2
 689 02ae 23       		.byte	0x23
 690 02af 02       		.uleb128 0x2
 691 02b0 09       		.uleb128 0x9
 692 02b1 60070000 		.4byte	.LASF67
 693 02b5 07       		.byte	0x7
 694 02b6 3F       		.byte	0x3f
 695 02b7 1F020000 		.4byte	0x21f
 696 02bb 02       		.byte	0x2
 697 02bc 23       		.byte	0x23
 698 02bd 03       		.uleb128 0x3
 699 02be 09       		.uleb128 0x9
 700 02bf F4080000 		.4byte	.LASF68
 701 02c3 07       		.byte	0x7
 702 02c4 40       		.byte	0x40
 703 02c5 49020000 		.4byte	0x249
 704 02c9 02       		.byte	0x2
 705 02ca 23       		.byte	0x23
 706 02cb 04       		.uleb128 0x4
 707 02cc 09       		.uleb128 0x9
 708 02cd 46040000 		.4byte	.LASF69
 709 02d1 07       		.byte	0x7
 710 02d2 41       		.byte	0x41
 711 02d3 F5000000 		.4byte	0xf5
 712 02d7 02       		.byte	0x2
 713 02d8 23       		.byte	0x23
 714 02d9 05       		.uleb128 0x5
 715 02da 09       		.uleb128 0x9
 716 02db 26040000 		.4byte	.LASF70
 717 02df 07       		.byte	0x7
 718 02e0 42       		.byte	0x42
 719 02e1 81020000 		.4byte	0x281
 720 02e5 02       		.byte	0x2
 721 02e6 23       		.byte	0x23
 722 02e7 06       		.uleb128 0x6
 723 02e8 09       		.uleb128 0x9
 724 02e9 55080000 		.4byte	.LASF71
 725 02ed 07       		.byte	0x7
 726 02ee 43       		.byte	0x43
 727 02ef 9E000000 		.4byte	0x9e
 728 02f3 02       		.byte	0x2
 729 02f4 23       		.byte	0x23
 730 02f5 08       		.uleb128 0x8
 731 02f6 00       		.byte	0
 732 02f7 04       		.uleb128 0x4
 733 02f8 C9040000 		.4byte	.LASF72
 734 02fc 07       		.byte	0x7
 735 02fd 44       		.byte	0x44
 736 02fe 8C020000 		.4byte	0x28c
 737 0302 04       		.uleb128 0x4
ARM GAS  /tmp/ccBn4kZf.s 			page 16


 738 0303 E0030000 		.4byte	.LASF73
 739 0307 08       		.byte	0x8
 740 0308 0B       		.byte	0xb
 741 0309 0D030000 		.4byte	0x30d
 742 030d 0B       		.uleb128 0xb
 743 030e 6B060000 		.4byte	.LASF74
 744 0312 01       		.byte	0x1
 745 0313 06       		.uleb128 0x6
 746 0314 01       		.byte	0x1
 747 0315 08       		.byte	0x8
 748 0316 0F       		.byte	0xf
 749 0317 4C030000 		.4byte	0x34c
 750 031b 07       		.uleb128 0x7
 751 031c C8010000 		.4byte	.LASF75
 752 0320 00       		.sleb128 0
 753 0321 07       		.uleb128 0x7
 754 0322 98020000 		.4byte	.LASF76
 755 0326 01       		.sleb128 1
 756 0327 07       		.uleb128 0x7
 757 0328 33000000 		.4byte	.LASF77
 758 032c 02       		.sleb128 2
 759 032d 07       		.uleb128 0x7
 760 032e 7E040000 		.4byte	.LASF78
 761 0332 03       		.sleb128 3
 762 0333 07       		.uleb128 0x7
 763 0334 97040000 		.4byte	.LASF79
 764 0338 04       		.sleb128 4
 765 0339 07       		.uleb128 0x7
 766 033a B0040000 		.4byte	.LASF80
 767 033e 05       		.sleb128 5
 768 033f 07       		.uleb128 0x7
 769 0340 70000000 		.4byte	.LASF81
 770 0344 06       		.sleb128 6
 771 0345 07       		.uleb128 0x7
 772 0346 63020000 		.4byte	.LASF82
 773 034a 07       		.sleb128 7
 774 034b 00       		.byte	0
 775 034c 04       		.uleb128 0x4
 776 034d B0020000 		.4byte	.LASF83
 777 0351 08       		.byte	0x8
 778 0352 18       		.byte	0x18
 779 0353 13030000 		.4byte	0x313
 780 0357 06       		.uleb128 0x6
 781 0358 01       		.byte	0x1
 782 0359 08       		.byte	0x8
 783 035a 1C       		.byte	0x1c
 784 035b 7E030000 		.4byte	0x37e
 785 035f 07       		.uleb128 0x7
 786 0360 FF020000 		.4byte	.LASF84
 787 0364 05       		.sleb128 5
 788 0365 07       		.uleb128 0x7
 789 0366 FE080000 		.4byte	.LASF85
 790 036a 06       		.sleb128 6
 791 036b 07       		.uleb128 0x7
 792 036c 13090000 		.4byte	.LASF86
 793 0370 07       		.sleb128 7
 794 0371 07       		.uleb128 0x7
ARM GAS  /tmp/ccBn4kZf.s 			page 17


 795 0372 28090000 		.4byte	.LASF87
 796 0376 08       		.sleb128 8
 797 0377 07       		.uleb128 0x7
 798 0378 B2080000 		.4byte	.LASF88
 799 037c 09       		.sleb128 9
 800 037d 00       		.byte	0
 801 037e 04       		.uleb128 0x4
 802 037f 7A010000 		.4byte	.LASF89
 803 0383 08       		.byte	0x8
 804 0384 22       		.byte	0x22
 805 0385 57030000 		.4byte	0x357
 806 0389 06       		.uleb128 0x6
 807 038a 01       		.byte	0x1
 808 038b 08       		.byte	0x8
 809 038c 26       		.byte	0x26
 810 038d B6030000 		.4byte	0x3b6
 811 0391 07       		.uleb128 0x7
 812 0392 DE080000 		.4byte	.LASF90
 813 0396 00       		.sleb128 0
 814 0397 07       		.uleb128 0x7
 815 0398 EE050000 		.4byte	.LASF91
 816 039c 01       		.sleb128 1
 817 039d 07       		.uleb128 0x7
 818 039e 5C050000 		.4byte	.LASF92
 819 03a2 02       		.sleb128 2
 820 03a3 07       		.uleb128 0x7
 821 03a4 50040000 		.4byte	.LASF93
 822 03a8 03       		.sleb128 3
 823 03a9 07       		.uleb128 0x7
 824 03aa 00000000 		.4byte	.LASF94
 825 03ae 04       		.sleb128 4
 826 03af 07       		.uleb128 0x7
 827 03b0 26010000 		.4byte	.LASF95
 828 03b4 05       		.sleb128 5
 829 03b5 00       		.byte	0
 830 03b6 04       		.uleb128 0x4
 831 03b7 57010000 		.4byte	.LASF96
 832 03bb 08       		.byte	0x8
 833 03bc 2D       		.byte	0x2d
 834 03bd 89030000 		.4byte	0x389
 835 03c1 06       		.uleb128 0x6
 836 03c2 01       		.byte	0x1
 837 03c3 08       		.byte	0x8
 838 03c4 31       		.byte	0x31
 839 03c5 DC030000 		.4byte	0x3dc
 840 03c9 07       		.uleb128 0x7
 841 03ca 61080000 		.4byte	.LASF97
 842 03ce 01       		.sleb128 1
 843 03cf 07       		.uleb128 0x7
 844 03d0 46070000 		.4byte	.LASF98
 845 03d4 02       		.sleb128 2
 846 03d5 07       		.uleb128 0x7
 847 03d6 72050000 		.4byte	.LASF99
 848 03da 03       		.sleb128 3
 849 03db 00       		.byte	0
 850 03dc 04       		.uleb128 0x4
 851 03dd C9080000 		.4byte	.LASF100
ARM GAS  /tmp/ccBn4kZf.s 			page 18


 852 03e1 08       		.byte	0x8
 853 03e2 35       		.byte	0x35
 854 03e3 C1030000 		.4byte	0x3c1
 855 03e7 0D       		.uleb128 0xd
 856 03e8 E2060000 		.4byte	.LASF102
 857 03ec 14       		.byte	0x14
 858 03ed 08       		.byte	0x8
 859 03ee 3E       		.byte	0x3e
 860 03ef 72040000 		.4byte	0x472
 861 03f3 09       		.uleb128 0x9
 862 03f4 B8070000 		.4byte	.LASF103
 863 03f8 08       		.byte	0x8
 864 03f9 40       		.byte	0x40
 865 03fa B2000000 		.4byte	0xb2
 866 03fe 02       		.byte	0x2
 867 03ff 23       		.byte	0x23
 868 0400 00       		.uleb128 0
 869 0401 09       		.uleb128 0x9
 870 0402 BF010000 		.4byte	.LASF104
 871 0406 08       		.byte	0x8
 872 0407 42       		.byte	0x42
 873 0408 4C030000 		.4byte	0x34c
 874 040c 02       		.byte	0x2
 875 040d 23       		.byte	0x23
 876 040e 01       		.uleb128 0x1
 877 040f 09       		.uleb128 0x9
 878 0410 75040000 		.4byte	.LASF105
 879 0414 08       		.byte	0x8
 880 0415 44       		.byte	0x44
 881 0416 7E030000 		.4byte	0x37e
 882 041a 02       		.byte	0x2
 883 041b 23       		.byte	0x23
 884 041c 02       		.uleb128 0x2
 885 041d 09       		.uleb128 0x9
 886 041e C5020000 		.4byte	.LASF106
 887 0422 08       		.byte	0x8
 888 0423 46       		.byte	0x46
 889 0424 B6030000 		.4byte	0x3b6
 890 0428 02       		.byte	0x2
 891 0429 23       		.byte	0x23
 892 042a 03       		.uleb128 0x3
 893 042b 09       		.uleb128 0x9
 894 042c A9070000 		.4byte	.LASF107
 895 0430 08       		.byte	0x8
 896 0431 48       		.byte	0x48
 897 0432 DC030000 		.4byte	0x3dc
 898 0436 02       		.byte	0x2
 899 0437 23       		.byte	0x23
 900 0438 04       		.uleb128 0x4
 901 0439 09       		.uleb128 0x9
 902 043a BE030000 		.4byte	.LASF108
 903 043e 08       		.byte	0x8
 904 043f 4A       		.byte	0x4a
 905 0440 F5000000 		.4byte	0xf5
 906 0444 02       		.byte	0x2
 907 0445 23       		.byte	0x23
 908 0446 05       		.uleb128 0x5
ARM GAS  /tmp/ccBn4kZf.s 			page 19


 909 0447 09       		.uleb128 0x9
 910 0448 E9000000 		.4byte	.LASF109
 911 044c 08       		.byte	0x8
 912 044d 4C       		.byte	0x4c
 913 044e C8000000 		.4byte	0xc8
 914 0452 02       		.byte	0x2
 915 0453 23       		.byte	0x23
 916 0454 08       		.uleb128 0x8
 917 0455 09       		.uleb128 0x9
 918 0456 3D060000 		.4byte	.LASF110
 919 045a 08       		.byte	0x8
 920 045b 4F       		.byte	0x4f
 921 045c C8000000 		.4byte	0xc8
 922 0460 02       		.byte	0x2
 923 0461 23       		.byte	0x23
 924 0462 0C       		.uleb128 0xc
 925 0463 09       		.uleb128 0x9
 926 0464 55080000 		.4byte	.LASF71
 927 0468 08       		.byte	0x8
 928 0469 52       		.byte	0x52
 929 046a 9E000000 		.4byte	0x9e
 930 046e 02       		.byte	0x2
 931 046f 23       		.byte	0x23
 932 0470 10       		.uleb128 0x10
 933 0471 00       		.byte	0
 934 0472 04       		.uleb128 0x4
 935 0473 2C020000 		.4byte	.LASF111
 936 0477 08       		.byte	0x8
 937 0478 53       		.byte	0x53
 938 0479 E7030000 		.4byte	0x3e7
 939 047d 0D       		.uleb128 0xd
 940 047e CF060000 		.4byte	.LASF112
 941 0482 04       		.byte	0x4
 942 0483 09       		.byte	0x9
 943 0484 0B       		.byte	0xb
 944 0485 A6040000 		.4byte	0x4a6
 945 0489 09       		.uleb128 0x9
 946 048a 03060000 		.4byte	.LASF113
 947 048e 09       		.byte	0x9
 948 048f 0D       		.byte	0xd
 949 0490 25010000 		.4byte	0x125
 950 0494 02       		.byte	0x2
 951 0495 23       		.byte	0x23
 952 0496 00       		.uleb128 0
 953 0497 09       		.uleb128 0x9
 954 0498 40080000 		.4byte	.LASF114
 955 049c 09       		.byte	0x9
 956 049d 0E       		.byte	0xe
 957 049e 25010000 		.4byte	0x125
 958 04a2 02       		.byte	0x2
 959 04a3 23       		.byte	0x23
 960 04a4 02       		.uleb128 0x2
 961 04a5 00       		.byte	0
 962 04a6 04       		.uleb128 0x4
 963 04a7 7A070000 		.4byte	.LASF115
 964 04ab 09       		.byte	0x9
 965 04ac 0F       		.byte	0xf
ARM GAS  /tmp/ccBn4kZf.s 			page 20


 966 04ad 7D040000 		.4byte	0x47d
 967 04b1 0E       		.uleb128 0xe
 968 04b2 01       		.byte	0x1
 969 04b3 4A060000 		.4byte	.LASF132
 970 04b7 01       		.byte	0x1
 971 04b8 51       		.byte	0x51
 972 04b9 01       		.byte	0x1
 973 04ba 00000000 		.4byte	.LFB40
 974 04be 24000000 		.4byte	.LFE40
 975 04c2 00000000 		.4byte	.LLST0
 976 04c6 01       		.byte	0x1
 977 04c7 DA040000 		.4byte	0x4da
 978 04cb 0F       		.uleb128 0xf
 979 04cc B2070000 		.4byte	.LASF133
 980 04d0 01       		.byte	0x1
 981 04d1 53       		.byte	0x53
 982 04d2 C8000000 		.4byte	0xc8
 983 04d6 02       		.byte	0x2
 984 04d7 91       		.byte	0x91
 985 04d8 7C       		.sleb128 -4
 986 04d9 00       		.byte	0
 987 04da 10       		.uleb128 0x10
 988 04db 01       		.byte	0x1
 989 04dc 14030000 		.4byte	.LASF134
 990 04e0 01       		.byte	0x1
 991 04e1 57       		.byte	0x57
 992 04e2 01       		.byte	0x1
 993 04e3 A7000000 		.4byte	0xa7
 994 04e7 24000000 		.4byte	.LFB41
 995 04eb D0000000 		.4byte	.LFE41
 996 04ef 2C000000 		.4byte	.LLST1
 997 04f3 01       		.byte	0x1
 998 04f4 11       		.uleb128 0x11
 999 04f5 4A010000 		.4byte	.LASF116
 1000 04f9 0A       		.byte	0xa
 1001 04fa E602     		.2byte	0x2e6
 1002 04fc 02050000 		.4byte	0x502
 1003 0500 01       		.byte	0x1
 1004 0501 01       		.byte	0x1
 1005 0502 12       		.uleb128 0x12
 1006 0503 BD000000 		.4byte	0xbd
 1007 0507 13       		.uleb128 0x13
 1008 0508 B6030000 		.4byte	.LASF117
 1009 050c 01       		.byte	0x1
 1010 050d 0A       		.byte	0xa
 1011 050e 19050000 		.4byte	0x519
 1012 0512 01       		.byte	0x1
 1013 0513 05       		.byte	0x5
 1014 0514 03       		.byte	0x3
 1015 0515 00000000 		.4byte	myClock
 1016 0519 14       		.uleb128 0x14
 1017 051a 04       		.byte	0x4
 1018 051b 30010000 		.4byte	0x130
 1019 051f 13       		.uleb128 0x13
 1020 0520 64060000 		.4byte	.LASF118
 1021 0524 01       		.byte	0x1
 1022 0525 0B       		.byte	0xb
ARM GAS  /tmp/ccBn4kZf.s 			page 21


 1023 0526 31050000 		.4byte	0x531
 1024 052a 01       		.byte	0x1
 1025 052b 05       		.byte	0x5
 1026 052c 03       		.byte	0x3
 1027 052d 00000000 		.4byte	myGpio
 1028 0531 14       		.uleb128 0x14
 1029 0532 04       		.byte	0x4
 1030 0533 B3010000 		.4byte	0x1b3
 1031 0537 15       		.uleb128 0x15
 1032 0538 4C454400 		.ascii	"LED\000"
 1033 053c 01       		.byte	0x1
 1034 053d 0C       		.byte	0xc
 1035 053e 31050000 		.4byte	0x531
 1036 0542 01       		.byte	0x1
 1037 0543 05       		.byte	0x5
 1038 0544 03       		.byte	0x3
 1039 0545 00000000 		.4byte	LED
 1040 0549 13       		.uleb128 0x13
 1041 054a 3B010000 		.4byte	.LASF119
 1042 054e 01       		.byte	0x1
 1043 054f 0D       		.byte	0xd
 1044 0550 31050000 		.4byte	0x531
 1045 0554 01       		.byte	0x1
 1046 0555 05       		.byte	0x5
 1047 0556 03       		.byte	0x3
 1048 0557 00000000 		.4byte	myLED
 1049 055b 13       		.uleb128 0x13
 1050 055c 90050000 		.4byte	.LASF120
 1051 0560 01       		.byte	0x1
 1052 0561 0E       		.byte	0xe
 1053 0562 31050000 		.4byte	0x531
 1054 0566 01       		.byte	0x1
 1055 0567 05       		.byte	0x5
 1056 0568 03       		.byte	0x3
 1057 0569 00000000 		.4byte	Switch
 1058 056d 13       		.uleb128 0x13
 1059 056e 89050000 		.4byte	.LASF121
 1060 0572 01       		.byte	0x1
 1061 0573 0F       		.byte	0xf
 1062 0574 7F050000 		.4byte	0x57f
 1063 0578 01       		.byte	0x1
 1064 0579 05       		.byte	0x5
 1065 057a 03       		.byte	0x3
 1066 057b 00000000 		.4byte	myUART
 1067 057f 14       		.uleb128 0x14
 1068 0580 04       		.byte	0x4
 1069 0581 02030000 		.4byte	0x302
 1070 0585 13       		.uleb128 0x13
 1071 0586 4A080000 		.4byte	.LASF122
 1072 058a 01       		.byte	0x1
 1073 058b 11       		.byte	0x11
 1074 058c A8010000 		.4byte	0x1a8
 1075 0590 01       		.byte	0x1
 1076 0591 05       		.byte	0x5
 1077 0592 03       		.byte	0x3
 1078 0593 00000000 		.4byte	myClockCfg
 1079 0597 13       		.uleb128 0x13
ARM GAS  /tmp/ccBn4kZf.s 			page 22


 1080 0598 5A060000 		.4byte	.LASF123
 1081 059c 01       		.byte	0x1
 1082 059d 18       		.byte	0x18
 1083 059e F7020000 		.4byte	0x2f7
 1084 05a2 01       		.byte	0x1
 1085 05a3 05       		.byte	0x5
 1086 05a4 03       		.byte	0x3
 1087 05a5 00000000 		.4byte	myGpioCfg
 1088 05a9 13       		.uleb128 0x13
 1089 05aa 97050000 		.4byte	.LASF124
 1090 05ae 01       		.byte	0x1
 1091 05af 20       		.byte	0x20
 1092 05b0 F7020000 		.4byte	0x2f7
 1093 05b4 01       		.byte	0x1
 1094 05b5 05       		.byte	0x5
 1095 05b6 03       		.byte	0x3
 1096 05b7 00000000 		.4byte	LED_Config
 1097 05bb 13       		.uleb128 0x13
 1098 05bc E1050000 		.4byte	.LASF125
 1099 05c0 01       		.byte	0x1
 1100 05c1 28       		.byte	0x28
 1101 05c2 F7020000 		.4byte	0x2f7
 1102 05c6 01       		.byte	0x1
 1103 05c7 05       		.byte	0x5
 1104 05c8 03       		.byte	0x3
 1105 05c9 00000000 		.4byte	myLED_Config
 1106 05cd 13       		.uleb128 0x13
 1107 05ce CC020000 		.4byte	.LASF126
 1108 05d2 01       		.byte	0x1
 1109 05d3 30       		.byte	0x30
 1110 05d4 F7020000 		.4byte	0x2f7
 1111 05d8 01       		.byte	0x1
 1112 05d9 05       		.byte	0x5
 1113 05da 03       		.byte	0x3
 1114 05db 00000000 		.4byte	Switch_Config
 1115 05df 13       		.uleb128 0x13
 1116 05e0 44030000 		.4byte	.LASF127
 1117 05e4 01       		.byte	0x1
 1118 05e5 3A       		.byte	0x3a
 1119 05e6 A6040000 		.4byte	0x4a6
 1120 05ea 01       		.byte	0x1
 1121 05eb 05       		.byte	0x5
 1122 05ec 03       		.byte	0x3
 1123 05ed 00000000 		.4byte	uartHWCfg
 1124 05f1 13       		.uleb128 0x13
 1125 05f2 0A070000 		.4byte	.LASF128
 1126 05f6 01       		.byte	0x1
 1127 05f7 40       		.byte	0x40
 1128 05f8 72040000 		.4byte	0x472
 1129 05fc 01       		.byte	0x1
 1130 05fd 05       		.byte	0x5
 1131 05fe 03       		.byte	0x3
 1132 05ff 00000000 		.4byte	uart_Config
 1133 0603 00       		.byte	0
 1134              		.section	.debug_abbrev,"",%progbits
 1135              	.Ldebug_abbrev0:
 1136 0000 01       		.uleb128 0x1
ARM GAS  /tmp/ccBn4kZf.s 			page 23


 1137 0001 11       		.uleb128 0x11
 1138 0002 01       		.byte	0x1
 1139 0003 25       		.uleb128 0x25
 1140 0004 0E       		.uleb128 0xe
 1141 0005 13       		.uleb128 0x13
 1142 0006 0B       		.uleb128 0xb
 1143 0007 03       		.uleb128 0x3
 1144 0008 0E       		.uleb128 0xe
 1145 0009 1B       		.uleb128 0x1b
 1146 000a 0E       		.uleb128 0xe
 1147 000b 11       		.uleb128 0x11
 1148 000c 01       		.uleb128 0x1
 1149 000d 12       		.uleb128 0x12
 1150 000e 01       		.uleb128 0x1
 1151 000f 10       		.uleb128 0x10
 1152 0010 06       		.uleb128 0x6
 1153 0011 00       		.byte	0
 1154 0012 00       		.byte	0
 1155 0013 02       		.uleb128 0x2
 1156 0014 24       		.uleb128 0x24
 1157 0015 00       		.byte	0
 1158 0016 0B       		.uleb128 0xb
 1159 0017 0B       		.uleb128 0xb
 1160 0018 3E       		.uleb128 0x3e
 1161 0019 0B       		.uleb128 0xb
 1162 001a 03       		.uleb128 0x3
 1163 001b 0E       		.uleb128 0xe
 1164 001c 00       		.byte	0
 1165 001d 00       		.byte	0
 1166 001e 03       		.uleb128 0x3
 1167 001f 24       		.uleb128 0x24
 1168 0020 00       		.byte	0
 1169 0021 0B       		.uleb128 0xb
 1170 0022 0B       		.uleb128 0xb
 1171 0023 3E       		.uleb128 0x3e
 1172 0024 0B       		.uleb128 0xb
 1173 0025 03       		.uleb128 0x3
 1174 0026 08       		.uleb128 0x8
 1175 0027 00       		.byte	0
 1176 0028 00       		.byte	0
 1177 0029 04       		.uleb128 0x4
 1178 002a 16       		.uleb128 0x16
 1179 002b 00       		.byte	0
 1180 002c 03       		.uleb128 0x3
 1181 002d 0E       		.uleb128 0xe
 1182 002e 3A       		.uleb128 0x3a
 1183 002f 0B       		.uleb128 0xb
 1184 0030 3B       		.uleb128 0x3b
 1185 0031 0B       		.uleb128 0xb
 1186 0032 49       		.uleb128 0x49
 1187 0033 13       		.uleb128 0x13
 1188 0034 00       		.byte	0
 1189 0035 00       		.byte	0
 1190 0036 05       		.uleb128 0x5
 1191 0037 0F       		.uleb128 0xf
 1192 0038 00       		.byte	0
 1193 0039 0B       		.uleb128 0xb
ARM GAS  /tmp/ccBn4kZf.s 			page 24


 1194 003a 0B       		.uleb128 0xb
 1195 003b 00       		.byte	0
 1196 003c 00       		.byte	0
 1197 003d 06       		.uleb128 0x6
 1198 003e 04       		.uleb128 0x4
 1199 003f 01       		.byte	0x1
 1200 0040 0B       		.uleb128 0xb
 1201 0041 0B       		.uleb128 0xb
 1202 0042 3A       		.uleb128 0x3a
 1203 0043 0B       		.uleb128 0xb
 1204 0044 3B       		.uleb128 0x3b
 1205 0045 0B       		.uleb128 0xb
 1206 0046 01       		.uleb128 0x1
 1207 0047 13       		.uleb128 0x13
 1208 0048 00       		.byte	0
 1209 0049 00       		.byte	0
 1210 004a 07       		.uleb128 0x7
 1211 004b 28       		.uleb128 0x28
 1212 004c 00       		.byte	0
 1213 004d 03       		.uleb128 0x3
 1214 004e 0E       		.uleb128 0xe
 1215 004f 1C       		.uleb128 0x1c
 1216 0050 0D       		.uleb128 0xd
 1217 0051 00       		.byte	0
 1218 0052 00       		.byte	0
 1219 0053 08       		.uleb128 0x8
 1220 0054 13       		.uleb128 0x13
 1221 0055 01       		.byte	0x1
 1222 0056 0B       		.uleb128 0xb
 1223 0057 0B       		.uleb128 0xb
 1224 0058 3A       		.uleb128 0x3a
 1225 0059 0B       		.uleb128 0xb
 1226 005a 3B       		.uleb128 0x3b
 1227 005b 0B       		.uleb128 0xb
 1228 005c 01       		.uleb128 0x1
 1229 005d 13       		.uleb128 0x13
 1230 005e 00       		.byte	0
 1231 005f 00       		.byte	0
 1232 0060 09       		.uleb128 0x9
 1233 0061 0D       		.uleb128 0xd
 1234 0062 00       		.byte	0
 1235 0063 03       		.uleb128 0x3
 1236 0064 0E       		.uleb128 0xe
 1237 0065 3A       		.uleb128 0x3a
 1238 0066 0B       		.uleb128 0xb
 1239 0067 3B       		.uleb128 0x3b
 1240 0068 0B       		.uleb128 0xb
 1241 0069 49       		.uleb128 0x49
 1242 006a 13       		.uleb128 0x13
 1243 006b 38       		.uleb128 0x38
 1244 006c 0A       		.uleb128 0xa
 1245 006d 00       		.byte	0
 1246 006e 00       		.byte	0
 1247 006f 0A       		.uleb128 0xa
 1248 0070 0D       		.uleb128 0xd
 1249 0071 00       		.byte	0
 1250 0072 03       		.uleb128 0x3
ARM GAS  /tmp/ccBn4kZf.s 			page 25


 1251 0073 08       		.uleb128 0x8
 1252 0074 3A       		.uleb128 0x3a
 1253 0075 0B       		.uleb128 0xb
 1254 0076 3B       		.uleb128 0x3b
 1255 0077 0B       		.uleb128 0xb
 1256 0078 49       		.uleb128 0x49
 1257 0079 13       		.uleb128 0x13
 1258 007a 38       		.uleb128 0x38
 1259 007b 0A       		.uleb128 0xa
 1260 007c 00       		.byte	0
 1261 007d 00       		.byte	0
 1262 007e 0B       		.uleb128 0xb
 1263 007f 13       		.uleb128 0x13
 1264 0080 00       		.byte	0
 1265 0081 03       		.uleb128 0x3
 1266 0082 0E       		.uleb128 0xe
 1267 0083 3C       		.uleb128 0x3c
 1268 0084 0C       		.uleb128 0xc
 1269 0085 00       		.byte	0
 1270 0086 00       		.byte	0
 1271 0087 0C       		.uleb128 0xc
 1272 0088 04       		.uleb128 0x4
 1273 0089 01       		.byte	0x1
 1274 008a 03       		.uleb128 0x3
 1275 008b 0E       		.uleb128 0xe
 1276 008c 0B       		.uleb128 0xb
 1277 008d 0B       		.uleb128 0xb
 1278 008e 3A       		.uleb128 0x3a
 1279 008f 0B       		.uleb128 0xb
 1280 0090 3B       		.uleb128 0x3b
 1281 0091 0B       		.uleb128 0xb
 1282 0092 01       		.uleb128 0x1
 1283 0093 13       		.uleb128 0x13
 1284 0094 00       		.byte	0
 1285 0095 00       		.byte	0
 1286 0096 0D       		.uleb128 0xd
 1287 0097 13       		.uleb128 0x13
 1288 0098 01       		.byte	0x1
 1289 0099 03       		.uleb128 0x3
 1290 009a 0E       		.uleb128 0xe
 1291 009b 0B       		.uleb128 0xb
 1292 009c 0B       		.uleb128 0xb
 1293 009d 3A       		.uleb128 0x3a
 1294 009e 0B       		.uleb128 0xb
 1295 009f 3B       		.uleb128 0x3b
 1296 00a0 0B       		.uleb128 0xb
 1297 00a1 01       		.uleb128 0x1
 1298 00a2 13       		.uleb128 0x13
 1299 00a3 00       		.byte	0
 1300 00a4 00       		.byte	0
 1301 00a5 0E       		.uleb128 0xe
 1302 00a6 2E       		.uleb128 0x2e
 1303 00a7 01       		.byte	0x1
 1304 00a8 3F       		.uleb128 0x3f
 1305 00a9 0C       		.uleb128 0xc
 1306 00aa 03       		.uleb128 0x3
 1307 00ab 0E       		.uleb128 0xe
ARM GAS  /tmp/ccBn4kZf.s 			page 26


 1308 00ac 3A       		.uleb128 0x3a
 1309 00ad 0B       		.uleb128 0xb
 1310 00ae 3B       		.uleb128 0x3b
 1311 00af 0B       		.uleb128 0xb
 1312 00b0 27       		.uleb128 0x27
 1313 00b1 0C       		.uleb128 0xc
 1314 00b2 11       		.uleb128 0x11
 1315 00b3 01       		.uleb128 0x1
 1316 00b4 12       		.uleb128 0x12
 1317 00b5 01       		.uleb128 0x1
 1318 00b6 40       		.uleb128 0x40
 1319 00b7 06       		.uleb128 0x6
 1320 00b8 9742     		.uleb128 0x2117
 1321 00ba 0C       		.uleb128 0xc
 1322 00bb 01       		.uleb128 0x1
 1323 00bc 13       		.uleb128 0x13
 1324 00bd 00       		.byte	0
 1325 00be 00       		.byte	0
 1326 00bf 0F       		.uleb128 0xf
 1327 00c0 34       		.uleb128 0x34
 1328 00c1 00       		.byte	0
 1329 00c2 03       		.uleb128 0x3
 1330 00c3 0E       		.uleb128 0xe
 1331 00c4 3A       		.uleb128 0x3a
 1332 00c5 0B       		.uleb128 0xb
 1333 00c6 3B       		.uleb128 0x3b
 1334 00c7 0B       		.uleb128 0xb
 1335 00c8 49       		.uleb128 0x49
 1336 00c9 13       		.uleb128 0x13
 1337 00ca 02       		.uleb128 0x2
 1338 00cb 0A       		.uleb128 0xa
 1339 00cc 00       		.byte	0
 1340 00cd 00       		.byte	0
 1341 00ce 10       		.uleb128 0x10
 1342 00cf 2E       		.uleb128 0x2e
 1343 00d0 00       		.byte	0
 1344 00d1 3F       		.uleb128 0x3f
 1345 00d2 0C       		.uleb128 0xc
 1346 00d3 03       		.uleb128 0x3
 1347 00d4 0E       		.uleb128 0xe
 1348 00d5 3A       		.uleb128 0x3a
 1349 00d6 0B       		.uleb128 0xb
 1350 00d7 3B       		.uleb128 0x3b
 1351 00d8 0B       		.uleb128 0xb
 1352 00d9 27       		.uleb128 0x27
 1353 00da 0C       		.uleb128 0xc
 1354 00db 49       		.uleb128 0x49
 1355 00dc 13       		.uleb128 0x13
 1356 00dd 11       		.uleb128 0x11
 1357 00de 01       		.uleb128 0x1
 1358 00df 12       		.uleb128 0x12
 1359 00e0 01       		.uleb128 0x1
 1360 00e1 40       		.uleb128 0x40
 1361 00e2 06       		.uleb128 0x6
 1362 00e3 9642     		.uleb128 0x2116
 1363 00e5 0C       		.uleb128 0xc
 1364 00e6 00       		.byte	0
ARM GAS  /tmp/ccBn4kZf.s 			page 27


 1365 00e7 00       		.byte	0
 1366 00e8 11       		.uleb128 0x11
 1367 00e9 34       		.uleb128 0x34
 1368 00ea 00       		.byte	0
 1369 00eb 03       		.uleb128 0x3
 1370 00ec 0E       		.uleb128 0xe
 1371 00ed 3A       		.uleb128 0x3a
 1372 00ee 0B       		.uleb128 0xb
 1373 00ef 3B       		.uleb128 0x3b
 1374 00f0 05       		.uleb128 0x5
 1375 00f1 49       		.uleb128 0x49
 1376 00f2 13       		.uleb128 0x13
 1377 00f3 3F       		.uleb128 0x3f
 1378 00f4 0C       		.uleb128 0xc
 1379 00f5 3C       		.uleb128 0x3c
 1380 00f6 0C       		.uleb128 0xc
 1381 00f7 00       		.byte	0
 1382 00f8 00       		.byte	0
 1383 00f9 12       		.uleb128 0x12
 1384 00fa 35       		.uleb128 0x35
 1385 00fb 00       		.byte	0
 1386 00fc 49       		.uleb128 0x49
 1387 00fd 13       		.uleb128 0x13
 1388 00fe 00       		.byte	0
 1389 00ff 00       		.byte	0
 1390 0100 13       		.uleb128 0x13
 1391 0101 34       		.uleb128 0x34
 1392 0102 00       		.byte	0
 1393 0103 03       		.uleb128 0x3
 1394 0104 0E       		.uleb128 0xe
 1395 0105 3A       		.uleb128 0x3a
 1396 0106 0B       		.uleb128 0xb
 1397 0107 3B       		.uleb128 0x3b
 1398 0108 0B       		.uleb128 0xb
 1399 0109 49       		.uleb128 0x49
 1400 010a 13       		.uleb128 0x13
 1401 010b 3F       		.uleb128 0x3f
 1402 010c 0C       		.uleb128 0xc
 1403 010d 02       		.uleb128 0x2
 1404 010e 0A       		.uleb128 0xa
 1405 010f 00       		.byte	0
 1406 0110 00       		.byte	0
 1407 0111 14       		.uleb128 0x14
 1408 0112 0F       		.uleb128 0xf
 1409 0113 00       		.byte	0
 1410 0114 0B       		.uleb128 0xb
 1411 0115 0B       		.uleb128 0xb
 1412 0116 49       		.uleb128 0x49
 1413 0117 13       		.uleb128 0x13
 1414 0118 00       		.byte	0
 1415 0119 00       		.byte	0
 1416 011a 15       		.uleb128 0x15
 1417 011b 34       		.uleb128 0x34
 1418 011c 00       		.byte	0
 1419 011d 03       		.uleb128 0x3
 1420 011e 08       		.uleb128 0x8
 1421 011f 3A       		.uleb128 0x3a
ARM GAS  /tmp/ccBn4kZf.s 			page 28


 1422 0120 0B       		.uleb128 0xb
 1423 0121 3B       		.uleb128 0x3b
 1424 0122 0B       		.uleb128 0xb
 1425 0123 49       		.uleb128 0x49
 1426 0124 13       		.uleb128 0x13
 1427 0125 3F       		.uleb128 0x3f
 1428 0126 0C       		.uleb128 0xc
 1429 0127 02       		.uleb128 0x2
 1430 0128 0A       		.uleb128 0xa
 1431 0129 00       		.byte	0
 1432 012a 00       		.byte	0
 1433 012b 00       		.byte	0
 1434              		.section	.debug_loc,"",%progbits
 1435              	.Ldebug_loc0:
 1436              	.LLST0:
 1437 0000 00000000 		.4byte	.LFB40-.Ltext0
 1438 0004 02000000 		.4byte	.LCFI0-.Ltext0
 1439 0008 0200     		.2byte	0x2
 1440 000a 7D       		.byte	0x7d
 1441 000b 00       		.sleb128 0
 1442 000c 02000000 		.4byte	.LCFI0-.Ltext0
 1443 0010 1C000000 		.4byte	.LCFI1-.Ltext0
 1444 0014 0200     		.2byte	0x2
 1445 0016 7D       		.byte	0x7d
 1446 0017 08       		.sleb128 8
 1447 0018 1C000000 		.4byte	.LCFI1-.Ltext0
 1448 001c 24000000 		.4byte	.LFE40-.Ltext0
 1449 0020 0200     		.2byte	0x2
 1450 0022 7D       		.byte	0x7d
 1451 0023 00       		.sleb128 0
 1452 0024 00000000 		.4byte	0
 1453 0028 00000000 		.4byte	0
 1454              	.LLST1:
 1455 002c 24000000 		.4byte	.LFB41-.Ltext0
 1456 0030 26000000 		.4byte	.LCFI2-.Ltext0
 1457 0034 0200     		.2byte	0x2
 1458 0036 7D       		.byte	0x7d
 1459 0037 00       		.sleb128 0
 1460 0038 26000000 		.4byte	.LCFI2-.Ltext0
 1461 003c D0000000 		.4byte	.LFE41-.Ltext0
 1462 0040 0200     		.2byte	0x2
 1463 0042 7D       		.byte	0x7d
 1464 0043 08       		.sleb128 8
 1465 0044 00000000 		.4byte	0
 1466 0048 00000000 		.4byte	0
 1467              		.section	.debug_aranges,"",%progbits
 1468 0000 1C000000 		.4byte	0x1c
 1469 0004 0200     		.2byte	0x2
 1470 0006 00000000 		.4byte	.Ldebug_info0
 1471 000a 04       		.byte	0x4
 1472 000b 00       		.byte	0
 1473 000c 0000     		.2byte	0
 1474 000e 0000     		.2byte	0
 1475 0010 00000000 		.4byte	.Ltext0
 1476 0014 D0000000 		.4byte	.Letext0-.Ltext0
 1477 0018 00000000 		.4byte	0
 1478 001c 00000000 		.4byte	0
ARM GAS  /tmp/ccBn4kZf.s 			page 29


 1479              		.section	.debug_line,"",%progbits
 1480              	.Ldebug_line0:
 1481 0000 66020000 		.section	.debug_str,"MS",%progbits,1
 1481      02002802 
 1481      00000201 
 1481      FB0E0D00 
 1481      01010101 
 1482              	.LASF94:
 1483 0000 656E4550 		.ascii	"enEPCFUartParity_Zero\000"
 1483      43465561 
 1483      72745061 
 1483      72697479 
 1483      5F5A6572 
 1484              	.LASF59:
 1485 0016 656E4550 		.ascii	"enEPCFGpioIntMode_RisingEdge\000"
 1485      43464770 
 1485      696F496E 
 1485      744D6F64 
 1485      655F5269 
 1486              	.LASF77:
 1487 0033 656E4550 		.ascii	"enEPCFUartBaudrate_9600\000"
 1487      43465561 
 1487      72744261 
 1487      75647261 
 1487      74655F39 
 1488              	.LASF61:
 1489 004b 656E4550 		.ascii	"enEPCFGpioIntMode_LowLevel\000"
 1489      43464770 
 1489      696F496E 
 1489      744D6F64 
 1489      655F4C6F 
 1490              	.LASF3:
 1491 0066 5F5F7569 		.ascii	"__uint8_t\000"
 1491      6E74385F 
 1491      7400
 1492              	.LASF81:
 1493 0070 656E4550 		.ascii	"enEPCFUartBaudrate_115200\000"
 1493      43465561 
 1493      72744261 
 1493      75647261 
 1493      74655F31 
 1494              	.LASF131:
 1495 008a 2F686F6D 		.ascii	"/home/majorviraj/Desktop/self_balancing/firmware/Bl"
 1495      652F6D61 
 1495      6A6F7276 
 1495      6972616A 
 1495      2F446573 
 1496 00bd 696E6B30 		.ascii	"ink01/app\000"
 1496      312F6170 
 1496      7000
 1497              	.LASF66:
 1498 00c7 64697265 		.ascii	"direction\000"
 1498      6374696F 
 1498      6E00
 1499              	.LASF44:
 1500 00d1 656E4550 		.ascii	"enEPCFGpioDirection_Max\000"
 1500      43464770 
ARM GAS  /tmp/ccBn4kZf.s 			page 30


 1500      696F4469 
 1500      72656374 
 1500      696F6E5F 
 1501              	.LASF109:
 1502 00e9 74784275 		.ascii	"txBufferSize\000"
 1502      66666572 
 1502      53697A65 
 1502      00
 1503              	.LASF12:
 1504 00f6 6C6F6E67 		.ascii	"long long unsigned int\000"
 1504      206C6F6E 
 1504      6720756E 
 1504      7369676E 
 1504      65642069 
 1505              	.LASF47:
 1506 010d 656E4550 		.ascii	"enEPCFGpioPinMode_PullUp\000"
 1506      43464770 
 1506      696F5069 
 1506      6E4D6F64 
 1506      655F5075 
 1507              	.LASF95:
 1508 0126 656E4550 		.ascii	"enEPCFUartParity_Max\000"
 1508      43465561 
 1508      72745061 
 1508      72697479 
 1508      5F4D6178 
 1509              	.LASF119:
 1510 013b 6D794C45 		.ascii	"myLED\000"
 1510      4400
 1511              	.LASF2:
 1512 0141 5F5F696E 		.ascii	"__int8_t\000"
 1512      74385F74 
 1512      00
 1513              	.LASF116:
 1514 014a 49544D5F 		.ascii	"ITM_RxBuffer\000"
 1514      52784275 
 1514      66666572 
 1514      00
 1515              	.LASF96:
 1516 0157 456E4550 		.ascii	"EnEPCFUartParity_t\000"
 1516      43465561 
 1516      72745061 
 1516      72697479 
 1516      5F7400
 1517              	.LASF35:
 1518 016a 45504346 		.ascii	"EPCFSysClkCfg_t\000"
 1518      53797343 
 1518      6C6B4366 
 1518      675F7400 
 1519              	.LASF89:
 1520 017a 456E4550 		.ascii	"EnEPCFUartDataBits_t\000"
 1520      43465561 
 1520      72744461 
 1520      74614269 
 1520      74735F74 
 1521              	.LASF11:
 1522 018f 6C6F6E67 		.ascii	"long long int\000"
ARM GAS  /tmp/ccBn4kZf.s 			page 31


 1522      206C6F6E 
 1522      6720696E 
 1522      7400
 1523              	.LASF1:
 1524 019d 7369676E 		.ascii	"signed char\000"
 1524      65642063 
 1524      68617200 
 1525              	.LASF51:
 1526 01a9 656E4550 		.ascii	"enEPCFGpioPinMode_Max\000"
 1526      43464770 
 1526      696F5069 
 1526      6E4D6F64 
 1526      655F4D61 
 1527              	.LASF104:
 1528 01bf 62617564 		.ascii	"baudrate\000"
 1528      72617465 
 1528      00
 1529              	.LASF75:
 1530 01c8 656E4550 		.ascii	"enEPCFUartBaudrate_2400\000"
 1530      43465561 
 1530      72744261 
 1530      75647261 
 1530      74655F32 
 1531              	.LASF42:
 1532 01e0 656E4550 		.ascii	"enEPCFGpioDirection_Output\000"
 1532      43464770 
 1532      696F4469 
 1532      72656374 
 1532      696F6E5F 
 1533              	.LASF53:
 1534 01fb 456E4550 		.ascii	"EnEPCFOpenDrain\000"
 1534      43464F70 
 1534      656E4472 
 1534      61696E00 
 1535              	.LASF56:
 1536 020b 656E4550 		.ascii	"enEPCFGpioOpenDrain_Max\000"
 1536      43464770 
 1536      696F4F70 
 1536      656E4472 
 1536      61696E5F 
 1537              	.LASF8:
 1538 0223 6C6F6E67 		.ascii	"long int\000"
 1538      20696E74 
 1538      00
 1539              	.LASF111:
 1540 022c 45504346 		.ascii	"EPCFUartCfg_t\000"
 1540      55617274 
 1540      4366675F 
 1540      7400
 1541              	.LASF29:
 1542 023a 656E4550 		.ascii	"enEPCFPllClkSrcRtcOSC\000"
 1542      4346506C 
 1542      6C436C6B 
 1542      53726352 
 1542      74634F53 
 1543              	.LASF26:
 1544 0250 45504346 		.ascii	"EPCFSysClkDevice_t\000"
ARM GAS  /tmp/ccBn4kZf.s 			page 32


 1544      53797343 
 1544      6C6B4465 
 1544      76696365 
 1544      5F7400
 1545              	.LASF82:
 1546 0263 656E4550 		.ascii	"enEPCFUartBaudrate_Max\000"
 1546      43465561 
 1546      72744261 
 1546      75647261 
 1546      74655F4D 
 1547              	.LASF58:
 1548 027a 656E4550 		.ascii	"enEPCFGpioIntMode_FallingEdge\000"
 1548      43464770 
 1548      696F496E 
 1548      744D6F64 
 1548      655F4661 
 1549              	.LASF76:
 1550 0298 656E4550 		.ascii	"enEPCFUartBaudrate_4800\000"
 1550      43465561 
 1550      72744261 
 1550      75647261 
 1550      74655F34 
 1551              	.LASF83:
 1552 02b0 456E4550 		.ascii	"EnEPCFUartBaudrate_t\000"
 1552      43465561 
 1552      72744261 
 1552      75647261 
 1552      74655F74 
 1553              	.LASF106:
 1554 02c5 70617269 		.ascii	"parity\000"
 1554      747900
 1555              	.LASF126:
 1556 02cc 53776974 		.ascii	"Switch_Config\000"
 1556      63685F43 
 1556      6F6E6669 
 1556      6700
 1557              	.LASF9:
 1558 02da 5F5F7569 		.ascii	"__uint32_t\000"
 1558      6E743332 
 1558      5F7400
 1559              	.LASF43:
 1560 02e5 656E4550 		.ascii	"enEPCFGpioDirection_HighZ\000"
 1560      43464770 
 1560      696F4469 
 1560      72656374 
 1560      696F6E5F 
 1561              	.LASF84:
 1562 02ff 656E4550 		.ascii	"enEPCFUartDatabits_5\000"
 1562      43465561 
 1562      72744461 
 1562      74616269 
 1562      74735F35 
 1563              	.LASF134:
 1564 0314 61707049 		.ascii	"appInit\000"
 1564      6E697400 
 1565              	.LASF24:
 1566 031c 706F7274 		.ascii	"port\000"
ARM GAS  /tmp/ccBn4kZf.s 			page 33


 1566      00
 1567              	.LASF0:
 1568 0321 756E7369 		.ascii	"unsigned int\000"
 1568      676E6564 
 1568      20696E74 
 1568      00
 1569              	.LASF63:
 1570 032e 656E4550 		.ascii	"enEPCFGpioIntMode_Max\000"
 1570      43464770 
 1570      696F496E 
 1570      744D6F64 
 1570      655F4D61 
 1571              	.LASF127:
 1572 0344 75617274 		.ascii	"uartHWCfg\000"
 1572      48574366 
 1572      6700
 1573              	.LASF129:
 1574 034e 474E5520 		.ascii	"GNU C 4.9.3 20150529 (prerelease) -mcpu=cortex-m3 -"
 1574      4320342E 
 1574      392E3320 
 1574      32303135 
 1574      30353239 
 1575 0381 6D746875 		.ascii	"mthumb -gdwarf-2 -O0 -std=gnu99 -fomit-frame-pointe"
 1575      6D62202D 
 1575      67647761 
 1575      72662D32 
 1575      202D4F30 
 1576 03b4 7200     		.ascii	"r\000"
 1577              	.LASF117:
 1578 03b6 6D79436C 		.ascii	"myClock\000"
 1578      6F636B00 
 1579              	.LASF108:
 1580 03be 696E7465 		.ascii	"interruptEnable\000"
 1580      72727570 
 1580      74456E61 
 1580      626C6500 
 1581              	.LASF10:
 1582 03ce 6C6F6E67 		.ascii	"long unsigned int\000"
 1582      20756E73 
 1582      69676E65 
 1582      6420696E 
 1582      7400
 1583              	.LASF73:
 1584 03e0 45504346 		.ascii	"EPCFUartDevice_t\000"
 1584      55617274 
 1584      44657669 
 1584      63655F74 
 1584      00
 1585              	.LASF101:
 1586 03f1 45504346 		.ascii	"EPCFSysClkCfg\000"
 1586      53797343 
 1586      6C6B4366 
 1586      6700
 1587              	.LASF22:
 1588 03ff 656E4550 		.ascii	"enEPCFBoolean_Max\000"
 1588      4346426F 
 1588      6F6C6561 
ARM GAS  /tmp/ccBn4kZf.s 			page 34


 1588      6E5F4D61 
 1588      7800
 1589              	.LASF39:
 1590 0411 456E4550 		.ascii	"EnEPCFClkSrc\000"
 1590      4346436C 
 1590      6B537263 
 1590      00
 1591              	.LASF33:
 1592 041e 6F736346 		.ascii	"oscFreq\000"
 1592      72657100 
 1593              	.LASF70:
 1594 0426 696E744D 		.ascii	"intMode\000"
 1594      6F646500 
 1595              	.LASF34:
 1596 042e 706C6C43 		.ascii	"pllClkSrc\000"
 1596      6C6B5372 
 1596      6300
 1597              	.LASF25:
 1598 0438 45504346 		.ascii	"EPCFPortPin_t\000"
 1598      506F7274 
 1598      50696E5F 
 1598      7400
 1599              	.LASF69:
 1600 0446 696E7445 		.ascii	"intEnable\000"
 1600      6E61626C 
 1600      6500
 1601              	.LASF93:
 1602 0450 656E4550 		.ascii	"enEPCFUartParity_One\000"
 1602      43465561 
 1602      72745061 
 1602      72697479 
 1602      5F4F6E65 
 1603              	.LASF23:
 1604 0465 456E4550 		.ascii	"EnEPCFBoolean_t\000"
 1604      4346426F 
 1604      6F6C6561 
 1604      6E5F7400 
 1605              	.LASF105:
 1606 0475 64617461 		.ascii	"dataBits\000"
 1606      42697473 
 1606      00
 1607              	.LASF78:
 1608 047e 656E4550 		.ascii	"enEPCFUartBaudrate_19200\000"
 1608      43465561 
 1608      72744261 
 1608      75647261 
 1608      74655F31 
 1609              	.LASF79:
 1610 0497 656E4550 		.ascii	"enEPCFUartBaudrate_38400\000"
 1610      43465561 
 1610      72744261 
 1610      75647261 
 1610      74655F33 
 1611              	.LASF80:
 1612 04b0 656E4550 		.ascii	"enEPCFUartBaudrate_57600\000"
 1612      43465561 
 1612      72744261 
ARM GAS  /tmp/ccBn4kZf.s 			page 35


 1612      75647261 
 1612      74655F35 
 1613              	.LASF72:
 1614 04c9 45504346 		.ascii	"EPCFGpioCfg_t\000"
 1614      4770696F 
 1614      4366675F 
 1614      7400
 1615              	.LASF48:
 1616 04d7 656E4550 		.ascii	"enEPCFGpioPinMode_Repeater\000"
 1616      43464770 
 1616      696F5069 
 1616      6E4D6F64 
 1616      655F5265 
 1617              	.LASF45:
 1618 04f2 456E4550 		.ascii	"EnEPCFGpioDirection_t\000"
 1618      43464770 
 1618      696F4469 
 1618      72656374 
 1618      696F6E5F 
 1619              	.LASF13:
 1620 0508 73697A65 		.ascii	"sizetype\000"
 1620      74797065 
 1620      00
 1621              	.LASF41:
 1622 0511 656E4550 		.ascii	"enEPCFGpioDirection_Input\000"
 1622      43464770 
 1622      696F4469 
 1622      72656374 
 1622      696F6E5F 
 1623              	.LASF37:
 1624 052b 45504346 		.ascii	"EPCFSysClkDevice\000"
 1624      53797343 
 1624      6C6B4465 
 1624      76696365 
 1624      00
 1625              	.LASF57:
 1626 053c 456E4550 		.ascii	"EnEPCFGpioOpenDrain_t\000"
 1626      43464770 
 1626      696F4F70 
 1626      656E4472 
 1626      61696E5F 
 1627              	.LASF32:
 1628 0552 63707546 		.ascii	"cpuFreqHz\000"
 1628      72657148 
 1628      7A00
 1629              	.LASF92:
 1630 055c 656E4550 		.ascii	"enEPCFUartParity_Even\000"
 1630      43465561 
 1630      72745061 
 1630      72697479 
 1630      5F457665 
 1631              	.LASF99:
 1632 0572 656E4550 		.ascii	"enEPCFUartStopBits_Max\000"
 1632      43465561 
 1632      72745374 
 1632      6F704269 
 1632      74735F4D 
ARM GAS  /tmp/ccBn4kZf.s 			page 36


 1633              	.LASF121:
 1634 0589 6D795541 		.ascii	"myUART\000"
 1634      525400
 1635              	.LASF120:
 1636 0590 53776974 		.ascii	"Switch\000"
 1636      636800
 1637              	.LASF124:
 1638 0597 4C45445F 		.ascii	"LED_Config\000"
 1638      436F6E66 
 1638      696700
 1639              	.LASF20:
 1640 05a2 656E4550 		.ascii	"enEPCFBoolean_False\000"
 1640      4346426F 
 1640      6F6C6561 
 1640      6E5F4661 
 1640      6C736500 
 1641              	.LASF40:
 1642 05b6 456E4550 		.ascii	"EnEPCFGpioDirection\000"
 1642      43464770 
 1642      696F4469 
 1642      72656374 
 1642      696F6E00 
 1643              	.LASF19:
 1644 05ca 666C6F61 		.ascii	"float\000"
 1644      7400
 1645              	.LASF36:
 1646 05d0 45504346 		.ascii	"EPCFGpioDevice_t\000"
 1646      4770696F 
 1646      44657669 
 1646      63655F74 
 1646      00
 1647              	.LASF125:
 1648 05e1 6D794C45 		.ascii	"myLED_Config\000"
 1648      445F436F 
 1648      6E666967 
 1648      00
 1649              	.LASF91:
 1650 05ee 656E4550 		.ascii	"enEPCFUartparity_Odd\000"
 1650      43465561 
 1650      72747061 
 1650      72697479 
 1650      5F4F6464 
 1651              	.LASF113:
 1652 0603 75617274 		.ascii	"uartTxPin\000"
 1652      54785069 
 1652      6E00
 1653              	.LASF65:
 1654 060d 706F7274 		.ascii	"portPin\000"
 1654      50696E00 
 1655              	.LASF17:
 1656 0615 696E7433 		.ascii	"int32_t\000"
 1656      325F7400 
 1657              	.LASF4:
 1658 061d 756E7369 		.ascii	"unsigned char\000"
 1658      676E6564 
 1658      20636861 
 1658      7200
ARM GAS  /tmp/ccBn4kZf.s 			page 37


 1659              	.LASF46:
 1660 062b 456E4550 		.ascii	"EnEPCFGpioPinMode\000"
 1660      43464770 
 1660      696F5069 
 1660      6E4D6F64 
 1660      6500
 1661              	.LASF110:
 1662 063d 72784275 		.ascii	"rxBufferSize\000"
 1662      66666572 
 1662      53697A65 
 1662      00
 1663              	.LASF132:
 1664 064a 64656C61 		.ascii	"delay\000"
 1664      7900
 1665              	.LASF5:
 1666 0650 73686F72 		.ascii	"short int\000"
 1666      7420696E 
 1666      7400
 1667              	.LASF123:
 1668 065a 6D794770 		.ascii	"myGpioCfg\000"
 1668      696F4366 
 1668      6700
 1669              	.LASF118:
 1670 0664 6D794770 		.ascii	"myGpio\000"
 1670      696F00
 1671              	.LASF74:
 1672 066b 45504346 		.ascii	"EPCFUartDevice\000"
 1672      55617274 
 1672      44657669 
 1672      636500
 1673              	.LASF50:
 1674 067a 656E4550 		.ascii	"enEPCFGpioPinMode_PullDown\000"
 1674      43464770 
 1674      696F5069 
 1674      6E4D6F64 
 1674      655F5075 
 1675              	.LASF49:
 1676 0695 656E4550 		.ascii	"enEPCFGpioPinMode_NoPullUpDown\000"
 1676      43464770 
 1676      696F5069 
 1676      6E4D6F64 
 1676      655F4E6F 
 1677              	.LASF60:
 1678 06b4 656E4550 		.ascii	"enEPCFGpioIntMode_BothEdge\000"
 1678      43464770 
 1678      696F496E 
 1678      744D6F64 
 1678      655F426F 
 1679              	.LASF112:
 1680 06cf 45504346 		.ascii	"EPCFUartLpc1768Cfg\000"
 1680      55617274 
 1680      4C706331 
 1680      37363843 
 1680      666700
 1681              	.LASF102:
 1682 06e2 45504346 		.ascii	"EPCFUartCfg\000"
 1682      55617274 
ARM GAS  /tmp/ccBn4kZf.s 			page 38


 1682      43666700 
 1683              	.LASF21:
 1684 06ee 656E4550 		.ascii	"enEPCFBoolean_True\000"
 1684      4346426F 
 1684      6F6C6561 
 1684      6E5F5472 
 1684      756500
 1685              	.LASF18:
 1686 0701 75696E74 		.ascii	"uint32_t\000"
 1686      33325F74 
 1686      00
 1687              	.LASF128:
 1688 070a 75617274 		.ascii	"uart_Config\000"
 1688      5F436F6E 
 1688      66696700 
 1689              	.LASF64:
 1690 0716 456E4550 		.ascii	"EnEPCFGpioIntMode_t\000"
 1690      43464770 
 1690      696F496E 
 1690      744D6F64 
 1690      655F7400 
 1691              	.LASF54:
 1692 072a 656E4550 		.ascii	"enEPCFGpioOpenDrain_Disable\000"
 1692      43464770 
 1692      696F4F70 
 1692      656E4472 
 1692      61696E5F 
 1693              	.LASF98:
 1694 0746 656E4550 		.ascii	"enEPCFUartStopBits_2\000"
 1694      43465561 
 1694      72745374 
 1694      6F704269 
 1694      74735F32 
 1695              	.LASF14:
 1696 075b 63686172 		.ascii	"char\000"
 1696      00
 1697              	.LASF67:
 1698 0760 6D6F6465 		.ascii	"mode\000"
 1698      00
 1699              	.LASF130:
 1700 0765 2E2F736F 		.ascii	"./source/appConfig.c\000"
 1700      75726365 
 1700      2F617070 
 1700      436F6E66 
 1700      69672E63 
 1701              	.LASF115:
 1702 077a 45504346 		.ascii	"EPCFUartLpc1768Cfg_t\000"
 1702      55617274 
 1702      4C706331 
 1702      37363843 
 1702      66675F74 
 1703              	.LASF27:
 1704 078f 656E4550 		.ascii	"enEPCFPllClkSrcInternalRC\000"
 1704      4346506C 
 1704      6C436C6B 
 1704      53726349 
 1704      6E746572 
ARM GAS  /tmp/ccBn4kZf.s 			page 39


 1705              	.LASF107:
 1706 07a9 73746F70 		.ascii	"stopBits\000"
 1706      42697473 
 1706      00
 1707              	.LASF133:
 1708 07b2 696E6465 		.ascii	"index\000"
 1708      7800
 1709              	.LASF103:
 1710 07b8 75617274 		.ascii	"uartId\000"
 1710      496400
 1711              	.LASF7:
 1712 07bf 5F5F696E 		.ascii	"__int32_t\000"
 1712      7433325F 
 1712      7400
 1713              	.LASF62:
 1714 07c9 656E4550 		.ascii	"enEPCFGpioIntMode_HighLevel\000"
 1714      43464770 
 1714      696F496E 
 1714      744D6F64 
 1714      655F4869 
 1715              	.LASF28:
 1716 07e5 656E4550 		.ascii	"enEPCFPllClkSrcMainOSC\000"
 1716      4346506C 
 1716      6C436C6B 
 1716      5372634D 
 1716      61696E4F 
 1717              	.LASF6:
 1718 07fc 73686F72 		.ascii	"short unsigned int\000"
 1718      7420756E 
 1718      7369676E 
 1718      65642069 
 1718      6E7400
 1719              	.LASF38:
 1720 080f 45504346 		.ascii	"EPCFGpioDevice\000"
 1720      4770696F 
 1720      44657669 
 1720      636500
 1721              	.LASF15:
 1722 081e 696E7438 		.ascii	"int8_t\000"
 1722      5F7400
 1723              	.LASF55:
 1724 0825 656E4550 		.ascii	"enEPCFGpioOpenDrain_Enable\000"
 1724      43464770 
 1724      696F4F70 
 1724      656E4472 
 1724      61696E5F 
 1725              	.LASF114:
 1726 0840 75617274 		.ascii	"uartRxPin\000"
 1726      52785069 
 1726      6E00
 1727              	.LASF122:
 1728 084a 6D79436C 		.ascii	"myClockCfg\000"
 1728      6F636B43 
 1728      666700
 1729              	.LASF71:
 1730 0855 68617264 		.ascii	"hardwareCfg\000"
 1730      77617265 
ARM GAS  /tmp/ccBn4kZf.s 			page 40


 1730      43666700 
 1731              	.LASF97:
 1732 0861 656E4550 		.ascii	"enEPCFUartStopBits_1\000"
 1732      43465561 
 1732      72745374 
 1732      6F704269 
 1732      74735F31 
 1733              	.LASF30:
 1734 0876 656E4550 		.ascii	"enEPCFClkSrc_Max\000"
 1734      4346436C 
 1734      6B537263 
 1734      5F4D6178 
 1734      00
 1735              	.LASF16:
 1736 0887 75696E74 		.ascii	"uint8_t\000"
 1736      385F7400 
 1737              	.LASF52:
 1738 088f 456E4550 		.ascii	"EnEPCFGpioPinMode_t\000"
 1738      43464770 
 1738      696F5069 
 1738      6E4D6F64 
 1738      655F7400 
 1739              	.LASF31:
 1740 08a3 456E4550 		.ascii	"EnEPCFClkSrc_t\000"
 1740      4346436C 
 1740      6B537263 
 1740      5F7400
 1741              	.LASF88:
 1742 08b2 656E4550 		.ascii	"enEPCFUartDatabits_Max\000"
 1742      43465561 
 1742      72744461 
 1742      74616269 
 1742      74735F4D 
 1743              	.LASF100:
 1744 08c9 456E4550 		.ascii	"EnEPCFUartStopBits_t\000"
 1744      43465561 
 1744      72745374 
 1744      6F704269 
 1744      74735F74 
 1745              	.LASF90:
 1746 08de 656E4550 		.ascii	"enEPCFUartParity_None\000"
 1746      43465561 
 1746      72745061 
 1746      72697479 
 1746      5F4E6F6E 
 1747              	.LASF68:
 1748 08f4 6F70656E 		.ascii	"openDrain\000"
 1748      44726169 
 1748      6E00
 1749              	.LASF85:
 1750 08fe 656E4550 		.ascii	"enEPCFUartDatabits_6\000"
 1750      43465561 
 1750      72744461 
 1750      74616269 
 1750      74735F36 
 1751              	.LASF86:
 1752 0913 656E4550 		.ascii	"enEPCFUartDatabits_7\000"
ARM GAS  /tmp/ccBn4kZf.s 			page 41


 1752      43465561 
 1752      72744461 
 1752      74616269 
 1752      74735F37 
 1753              	.LASF87:
 1754 0928 656E4550 		.ascii	"enEPCFUartDatabits_8\000"
 1754      43465561 
 1754      72744461 
 1754      74616269 
 1754      74735F38 
 1755              		.ident	"GCC: (15:4.9.3+svn231177-1) 4.9.3 20150529 (prerelease)"
ARM GAS  /tmp/ccBn4kZf.s 			page 42


DEFINED SYMBOLS
                            *ABS*:0000000000000000 appConfig.c
                            *COM*:0000000000000004 myClock
                            *COM*:0000000000000004 myGpio
                            *COM*:0000000000000004 LED
                            *COM*:0000000000000004 myLED
                            *COM*:0000000000000004 Switch
                            *COM*:0000000000000004 myUART
     /tmp/ccBn4kZf.s:59     .data:0000000000000000 myClockCfg
     /tmp/ccBn4kZf.s:56     .data:0000000000000000 $d
     /tmp/ccBn4kZf.s:71     .data:000000000000000c myGpioCfg
     /tmp/ccBn4kZf.s:88     .data:0000000000000018 LED_Config
     /tmp/ccBn4kZf.s:105    .data:0000000000000024 myLED_Config
     /tmp/ccBn4kZf.s:122    .data:0000000000000030 Switch_Config
     /tmp/ccBn4kZf.s:139    .data:000000000000003c uartHWCfg
     /tmp/ccBn4kZf.s:154    .data:0000000000000040 uart_Config
     /tmp/ccBn4kZf.s:175    .text:0000000000000000 $t
     /tmp/ccBn4kZf.s:180    .text:0000000000000000 delay
     /tmp/ccBn4kZf.s:218    .text:0000000000000020 $d
     /tmp/ccBn4kZf.s:222    .text:0000000000000024 $t
     /tmp/ccBn4kZf.s:227    .text:0000000000000024 appInit
     /tmp/ccBn4kZf.s:313    .text:00000000000000a0 $d
                     .debug_frame:0000000000000010 $d

UNDEFINED SYMBOLS
epcfCreateSysClk
epcf_uart_createNative
epcf_gpio_createNative
