ARM GAS  /tmp/ccqfXqFC.s 			page 1


   1              		.syntax unified
   2              		.cpu cortex-m3
   3              		.fpu softvfp
   4              		.eabi_attribute 20, 1	@ Tag_ABI_FP_denormal
   5              		.eabi_attribute 21, 1	@ Tag_ABI_FP_exceptions
   6              		.eabi_attribute 23, 3	@ Tag_ABI_FP_number_model
   7              		.eabi_attribute 24, 1	@ Tag_ABI_align8_needed
   8              		.eabi_attribute 25, 1	@ Tag_ABI_align8_preserved
   9              		.eabi_attribute 26, 1	@ Tag_ABI_enum_size
  10              		.eabi_attribute 30, 6	@ Tag_ABI_optimization_goals
  11              		.eabi_attribute 34, 1	@ Tag_CPU_unaligned_access
  12              		.eabi_attribute 18, 4	@ Tag_ABI_PCS_wchar_t
  13              		.file	"gpio.c"
  14              	@ GNU C (15:4.9.3+svn231177-1) version 4.9.3 20150529 (prerelease) (arm-none-eabi)
  15              	@	compiled by GNU C version 5.2.1 20151129, GMP version 6.1.0, MPFR version 3.1.3, MPC version 1.0.
  16              	@ warning: MPFR header version 3.1.3 differs from library version 3.1.4.
  17              	@ GGC heuristics: --param ggc-min-expand=100 --param ggc-min-heapsize=131072
  18              	@ options passed:  -I . -I ./include -I ../pcf/include -imultilib armv7-m
  19              	@ -MD Build/Obj/Debug/gpio.d -MF Build/.dep/gpio.o.d -MP
  20              	@ -MQ Build/Obj/Debug/gpio.o -D__USES_INITFINI__
  21              	@ ../epcf/peripheral/source/gpio/gpio.c -mcpu=cortex-m3 -mthumb
  22              	@ -auxbase-strip Build/Obj/Debug/gpio.o -gdwarf-2 -O0 -Wall -Wno-cpp
  23              	@ -std=gnu99 -fomit-frame-pointer -fverbose-asm
  24              	@ options enabled:  -faggressive-loop-optimizations -fauto-inc-dec -fcommon
  25              	@ -fdelete-null-pointer-checks -fdwarf2-cfi-asm -fearly-inlining
  26              	@ -feliminate-unused-debug-types -ffunction-cse -fgcse-lm -fgnu-runtime
  27              	@ -fgnu-unique -fident -finline-atomics -fira-hoist-pressure
  28              	@ -fira-share-save-slots -fira-share-spill-slots -fivopts
  29              	@ -fkeep-static-consts -fleading-underscore -flifetime-dse -fmath-errno
  30              	@ -fmerge-debug-strings -fomit-frame-pointer -fpeephole
  31              	@ -fprefetch-loop-arrays -freg-struct-return
  32              	@ -fsched-critical-path-heuristic -fsched-dep-count-heuristic
  33              	@ -fsched-group-heuristic -fsched-interblock -fsched-last-insn-heuristic
  34              	@ -fsched-rank-heuristic -fsched-spec -fsched-spec-insn-heuristic
  35              	@ -fsched-stalled-insns-dep -fshow-column -fsigned-zeros
  36              	@ -fsplit-ivs-in-unroller -fstrict-volatile-bitfields -fsync-libcalls
  37              	@ -ftrapping-math -ftree-coalesce-vars -ftree-cselim -ftree-forwprop
  38              	@ -ftree-loop-if-convert -ftree-loop-im -ftree-loop-ivcanon
  39              	@ -ftree-loop-optimize -ftree-parallelize-loops= -ftree-phiprop
  40              	@ -ftree-reassoc -ftree-scev-cprop -funit-at-a-time -fverbose-asm
  41              	@ -fzero-initialized-in-bss -mfix-cortex-m3-ldrd -mlittle-endian -mlra
  42              	@ -mpic-data-is-text-relative -msched-prolog -mthumb -munaligned-access
  43              	@ -mvectorize-with-neon-quad
  44              	
  45              		.text
  46              	.Ltext0:
  47              		.cfi_sections	.debug_frame
  48              		.align	2
  49              		.global	epcf_gpio_createNative
  50              		.thumb
  51              		.thumb_func
  52              		.type	epcf_gpio_createNative, %function
  53              	epcf_gpio_createNative:
  54              	.LFB40:
  55              		.file 1 "../epcf/peripheral/source/gpio/gpio.c"
   1:../epcf/peripheral/source/gpio/gpio.c **** /**
   2:../epcf/peripheral/source/gpio/gpio.c ****  * \file  gpio.c
ARM GAS  /tmp/ccqfXqFC.s 			page 2


   3:../epcf/peripheral/source/gpio/gpio.c ****  * \brief This file is used to configure a GPIO device
   4:../epcf/peripheral/source/gpio/gpio.c ****  */
   5:../epcf/peripheral/source/gpio/gpio.c **** 
   6:../epcf/peripheral/source/gpio/gpio.c ****  #include "pcf.h"
   7:../epcf/peripheral/source/gpio/gpio.c **** 
   8:../epcf/peripheral/source/gpio/gpio.c **** #define __EPCF_GPIO_HIDDEN_INCLUDE PCF_CONDITIONAL_INCLUDE_FILE(EPCF_DIR_PATH/,peripheral/source/,g
   9:../epcf/peripheral/source/gpio/gpio.c **** #include  __EPCF_GPIO_HIDDEN_INCLUDE
  10:../epcf/peripheral/source/gpio/gpio.c **** #undef __EPCF_GPIO_HIDDEN_INCLUDE
  11:../epcf/peripheral/source/gpio/gpio.c **** 
  12:../epcf/peripheral/source/gpio/gpio.c **** #include "./gpio_hidden.h"
  13:../epcf/peripheral/source/gpio/gpio.c **** 
  14:../epcf/peripheral/source/gpio/gpio.c **** EPCFGpioDevice_t* epcf_gpio_createNative(EPCFGpioCfg_t* pGpioConfig)
  15:../epcf/peripheral/source/gpio/gpio.c **** {
  56              		.loc 1 15 0
  57              		.cfi_startproc
  58              		@ args = 0, pretend = 0, frame = 16
  59              		@ frame_needed = 0, uses_anonymous_args = 0
  60 0000 00B5     		push	{lr}	@
  61              	.LCFI0:
  62              		.cfi_def_cfa_offset 4
  63              		.cfi_offset 14, -4
  64 0002 85B0     		sub	sp, sp, #20	@,,
  65              	.LCFI1:
  66              		.cfi_def_cfa_offset 24
  67 0004 0190     		str	r0, [sp, #4]	@ pGpioConfig, pGpioConfig
  16:../epcf/peripheral/source/gpio/gpio.c ****     EPCFGpioDevice_t* pGpioDevice;
  17:../epcf/peripheral/source/gpio/gpio.c ****     int8_t status=0;
  68              		.loc 1 17 0
  69 0006 0023     		movs	r3, #0	@ tmp116,
  70 0008 8DF80F30 		strb	r3, [sp, #15]	@ tmp117, status
  18:../epcf/peripheral/source/gpio/gpio.c **** 
  19:../epcf/peripheral/source/gpio/gpio.c **** 	if(epcf_gpio_nativeGetDeviceCount())
  71              		.loc 1 19 0
  72 000c FFF7FEFF 		bl	epcf_gpio_nativeGetDeviceCount	@
  73 0010 0346     		mov	r3, r0	@ D.6246,
  74 0012 002B     		cmp	r3, #0	@ D.6246,
  75 0014 26D0     		beq	.L2	@,
  20:../epcf/peripheral/source/gpio/gpio.c **** 	{
  21:../epcf/peripheral/source/gpio/gpio.c **** 		pGpioDevice = (EPCFGpioDevice_t *)malloc(sizeof(EPCFGpioDevice_t));
  76              		.loc 1 21 0
  77 0016 0820     		movs	r0, #8	@,
  78 0018 FFF7FEFF 		bl	malloc	@
  79 001c 0346     		mov	r3, r0	@ tmp118,
  80 001e 0293     		str	r3, [sp, #8]	@ tmp118, pGpioDevice
  22:../epcf/peripheral/source/gpio/gpio.c **** 		if (pGpioDevice == PCF_NULL)
  81              		.loc 1 22 0
  82 0020 029B     		ldr	r3, [sp, #8]	@ tmp119, pGpioDevice
  83 0022 002B     		cmp	r3, #0	@ tmp119,
  84 0024 01D1     		bne	.L3	@,
  23:../epcf/peripheral/source/gpio/gpio.c **** 			return PCF_NULL;
  85              		.loc 1 23 0
  86 0026 0023     		movs	r3, #0	@ D.6245,
  87 0028 1DE0     		b	.L4	@
  88              	.L3:
  24:../epcf/peripheral/source/gpio/gpio.c **** 
  25:../epcf/peripheral/source/gpio/gpio.c **** 		pGpioDevice->portPin.port 		= pGpioConfig->portPin.port;
  89              		.loc 1 25 0
ARM GAS  /tmp/ccqfXqFC.s 			page 3


  90 002a 019B     		ldr	r3, [sp, #4]	@ tmp120, pGpioConfig
  91 002c 1A78     		ldrb	r2, [r3]	@ zero_extendqisi2	@ D.6247, pGpioConfig_6(D)->portPin.port
  92 002e 029B     		ldr	r3, [sp, #8]	@ tmp121, pGpioDevice
  93 0030 1A71     		strb	r2, [r3, #4]	@ tmp122, pGpioDevice_4->portPin.port
  26:../epcf/peripheral/source/gpio/gpio.c **** 		pGpioDevice->portPin.pin 		= pGpioConfig->portPin.pin;
  94              		.loc 1 26 0
  95 0032 019B     		ldr	r3, [sp, #4]	@ tmp123, pGpioConfig
  96 0034 5A78     		ldrb	r2, [r3, #1]	@ zero_extendqisi2	@ D.6247, pGpioConfig_6(D)->portPin.pin
  97 0036 029B     		ldr	r3, [sp, #8]	@ tmp124, pGpioDevice
  98 0038 5A71     		strb	r2, [r3, #5]	@ tmp125, pGpioDevice_4->portPin.pin
  27:../epcf/peripheral/source/gpio/gpio.c **** 		pGpioDevice->direction 			= pGpioConfig->direction;
  99              		.loc 1 27 0
 100 003a 019B     		ldr	r3, [sp, #4]	@ tmp126, pGpioConfig
 101 003c 9A78     		ldrb	r2, [r3, #2]	@ zero_extendqisi2	@ D.6248, pGpioConfig_6(D)->direction
 102 003e 029B     		ldr	r3, [sp, #8]	@ tmp127, pGpioDevice
 103 0040 9A71     		strb	r2, [r3, #6]	@ tmp128, pGpioDevice_4->direction
  28:../epcf/peripheral/source/gpio/gpio.c **** 		pGpioDevice->controllerConfig 	= PCF_NULL;
 104              		.loc 1 28 0
 105 0042 029B     		ldr	r3, [sp, #8]	@ tmp129, pGpioDevice
 106 0044 0022     		movs	r2, #0	@ tmp130,
 107 0046 1A60     		str	r2, [r3]	@ tmp130, pGpioDevice_4->controllerConfig
  29:../epcf/peripheral/source/gpio/gpio.c **** 
  30:../epcf/peripheral/source/gpio/gpio.c **** 		status = epcf_gpio_nativeInit(pGpioConfig);
 108              		.loc 1 30 0
 109 0048 0198     		ldr	r0, [sp, #4]	@, pGpioConfig
 110 004a FFF7FEFF 		bl	epcf_gpio_nativeInit	@
 111 004e 0346     		mov	r3, r0	@ tmp131,
 112 0050 8DF80F30 		strb	r3, [sp, #15]	@ tmp132, status
  31:../epcf/peripheral/source/gpio/gpio.c **** 	    if(status != 0)
 113              		.loc 1 31 0
 114 0054 9DF90F30 		ldrsb	r3, [sp, #15]	@ tmp133, status
 115 0058 002B     		cmp	r3, #0	@ tmp133,
 116 005a 01D0     		beq	.L5	@,
  32:../epcf/peripheral/source/gpio/gpio.c **** 	         return PCF_NULL;
 117              		.loc 1 32 0
 118 005c 0023     		movs	r3, #0	@ D.6245,
 119 005e 02E0     		b	.L4	@
 120              	.L5:
  33:../epcf/peripheral/source/gpio/gpio.c **** 
  34:../epcf/peripheral/source/gpio/gpio.c ****         return pGpioDevice;
 121              		.loc 1 34 0
 122 0060 029B     		ldr	r3, [sp, #8]	@ D.6245, pGpioDevice
 123 0062 00E0     		b	.L4	@
 124              	.L2:
  35:../epcf/peripheral/source/gpio/gpio.c ****     }
  36:../epcf/peripheral/source/gpio/gpio.c ****     else
  37:../epcf/peripheral/source/gpio/gpio.c ****         return PCF_NULL;
 125              		.loc 1 37 0
 126 0064 0023     		movs	r3, #0	@ D.6245,
 127              	.L4:
  38:../epcf/peripheral/source/gpio/gpio.c **** }
 128              		.loc 1 38 0
 129 0066 1846     		mov	r0, r3	@, <retval>
 130 0068 05B0     		add	sp, sp, #20	@,,
 131              	.LCFI2:
 132              		.cfi_def_cfa_offset 4
 133              		@ sp needed	@
ARM GAS  /tmp/ccqfXqFC.s 			page 4


 134 006a 5DF804FB 		ldr	pc, [sp], #4	@
 135              		.cfi_endproc
 136              	.LFE40:
 137              		.size	epcf_gpio_createNative, .-epcf_gpio_createNative
 138 006e 00BF     		.align	2
 139              		.global	epcf_gpio_set
 140              		.thumb
 141              		.thumb_func
 142              		.type	epcf_gpio_set, %function
 143              	epcf_gpio_set:
 144              	.LFB41:
  39:../epcf/peripheral/source/gpio/gpio.c **** 
  40:../epcf/peripheral/source/gpio/gpio.c **** #ifdef EPCF_SUPPORT_EXTENDED_GPIO
  41:../epcf/peripheral/source/gpio/gpio.c **** EPCFGpioDevice_t* epcf_gpio_createExtended(EPCFGpioController_t* pGpioController, EPCFGpioCfg_t* pG
  42:../epcf/peripheral/source/gpio/gpio.c **** {
  43:../epcf/peripheral/source/gpio/gpio.c ****     EPCFGpioDevice_t* pGpioDevice=0;
  44:../epcf/peripheral/source/gpio/gpio.c ****     int8_t status=0;
  45:../epcf/peripheral/source/gpio/gpio.c **** 
  46:../epcf/peripheral/source/gpio/gpio.c ****     if(epcf_gpio_extGetDeviceCount(pGpioController))
  47:../epcf/peripheral/source/gpio/gpio.c ****     {
  48:../epcf/peripheral/source/gpio/gpio.c ****         pGpioDevice = (EPCFGpioDevice_t *)malloc(sizeof(EPCFGpioDevice_t));
  49:../epcf/peripheral/source/gpio/gpio.c ****         if (pGpioDevice == 0)
  50:../epcf/peripheral/source/gpio/gpio.c ****             return 0;
  51:../epcf/peripheral/source/gpio/gpio.c **** 
  52:../epcf/peripheral/source/gpio/gpio.c ****         pGpioDevice->portPin.port       = pGpioConfig->portPin.port;
  53:../epcf/peripheral/source/gpio/gpio.c ****         pGpioDevice->portPin.pin        = pGpioConfig->portPin.pin;
  54:../epcf/peripheral/source/gpio/gpio.c ****         pGpioDevice->direction          = pGpioConfig->direction;
  55:../epcf/peripheral/source/gpio/gpio.c ****         pGpioDevice->controllerConfig   = pGpioController;
  56:../epcf/peripheral/source/gpio/gpio.c **** 
  57:../epcf/peripheral/source/gpio/gpio.c **** 
  58:../epcf/peripheral/source/gpio/gpio.c ****             status = pGpioController->gpioInit(pGpioDevice, pGpioConfig);
  59:../epcf/peripheral/source/gpio/gpio.c ****             if(status != 0)
  60:../epcf/peripheral/source/gpio/gpio.c ****                 return NULL;
  61:../epcf/peripheral/source/gpio/gpio.c **** 
  62:../epcf/peripheral/source/gpio/gpio.c ****         return pGpioDevice;
  63:../epcf/peripheral/source/gpio/gpio.c ****     }
  64:../epcf/peripheral/source/gpio/gpio.c ****     else
  65:../epcf/peripheral/source/gpio/gpio.c ****         return NULL;
  66:../epcf/peripheral/source/gpio/gpio.c **** }
  67:../epcf/peripheral/source/gpio/gpio.c **** #endif
  68:../epcf/peripheral/source/gpio/gpio.c **** 
  69:../epcf/peripheral/source/gpio/gpio.c **** int8_t epcf_gpio_set(EPCFGpioDevice_t* pGpiodevice)
  70:../epcf/peripheral/source/gpio/gpio.c **** {
 145              		.loc 1 70 0
 146              		.cfi_startproc
 147              		@ args = 0, pretend = 0, frame = 16
 148              		@ frame_needed = 0, uses_anonymous_args = 0
 149 0070 00B5     		push	{lr}	@
 150              	.LCFI3:
 151              		.cfi_def_cfa_offset 4
 152              		.cfi_offset 14, -4
 153 0072 85B0     		sub	sp, sp, #20	@,,
 154              	.LCFI4:
 155              		.cfi_def_cfa_offset 24
 156 0074 0190     		str	r0, [sp, #4]	@ pGpiodevice, pGpiodevice
  71:../epcf/peripheral/source/gpio/gpio.c ****     int8_t status=0;
 157              		.loc 1 71 0
ARM GAS  /tmp/ccqfXqFC.s 			page 5


 158 0076 0023     		movs	r3, #0	@ tmp115,
 159 0078 8DF80F30 		strb	r3, [sp, #15]	@ tmp116, status
  72:../epcf/peripheral/source/gpio/gpio.c **** 
  73:../epcf/peripheral/source/gpio/gpio.c ****     if(pGpiodevice->controllerConfig == NULL)
 160              		.loc 1 73 0
 161 007c 019B     		ldr	r3, [sp, #4]	@ tmp117, pGpiodevice
 162 007e 1B68     		ldr	r3, [r3]	@ D.6249, pGpiodevice_3(D)->controllerConfig
 163 0080 002B     		cmp	r3, #0	@ D.6249,
 164 0082 06D1     		bne	.L7	@,
  74:../epcf/peripheral/source/gpio/gpio.c ****     {
  75:../epcf/peripheral/source/gpio/gpio.c ****         status = epcf_gpio_nativeSet(pGpiodevice);
 165              		.loc 1 75 0
 166 0084 0198     		ldr	r0, [sp, #4]	@, pGpiodevice
 167 0086 FFF7FEFF 		bl	epcf_gpio_nativeSet	@
 168 008a 0346     		mov	r3, r0	@ tmp118,
 169 008c 8DF80F30 		strb	r3, [sp, #15]	@ tmp119, status
 170 0090 07E0     		b	.L8	@
 171              	.L7:
  76:../epcf/peripheral/source/gpio/gpio.c ****     }
  77:../epcf/peripheral/source/gpio/gpio.c ****     else
  78:../epcf/peripheral/source/gpio/gpio.c ****     {
  79:../epcf/peripheral/source/gpio/gpio.c ****         status = pGpiodevice->controllerConfig->gpioSet(pGpiodevice);
 172              		.loc 1 79 0
 173 0092 019B     		ldr	r3, [sp, #4]	@ tmp120, pGpiodevice
 174 0094 1B68     		ldr	r3, [r3]	@ D.6249, pGpiodevice_3(D)->controllerConfig
 175 0096 5B68     		ldr	r3, [r3, #4]	@ D.6250, _6->gpioSet
 176 0098 0198     		ldr	r0, [sp, #4]	@, pGpiodevice
 177 009a 9847     		blx	r3	@ D.6250
 178 009c 0346     		mov	r3, r0	@ tmp121,
 179 009e 8DF80F30 		strb	r3, [sp, #15]	@ tmp122, status
 180              	.L8:
  80:../epcf/peripheral/source/gpio/gpio.c ****     }
  81:../epcf/peripheral/source/gpio/gpio.c ****     return status;
 181              		.loc 1 81 0
 182 00a2 9DF80F30 		ldrb	r3, [sp, #15]	@ zero_extendqisi2	@ D.6251, status
 183 00a6 5BB2     		sxtb	r3, r3	@ tmp124, D.6251
  82:../epcf/peripheral/source/gpio/gpio.c **** }
 184              		.loc 1 82 0
 185 00a8 1846     		mov	r0, r3	@, <retval>
 186 00aa 05B0     		add	sp, sp, #20	@,,
 187              	.LCFI5:
 188              		.cfi_def_cfa_offset 4
 189              		@ sp needed	@
 190 00ac 5DF804FB 		ldr	pc, [sp], #4	@
 191              		.cfi_endproc
 192              	.LFE41:
 193              		.size	epcf_gpio_set, .-epcf_gpio_set
 194              		.align	2
 195              		.global	epcf_gpio_clear
 196              		.thumb
 197              		.thumb_func
 198              		.type	epcf_gpio_clear, %function
 199              	epcf_gpio_clear:
 200              	.LFB42:
  83:../epcf/peripheral/source/gpio/gpio.c **** 
  84:../epcf/peripheral/source/gpio/gpio.c **** int8_t epcf_gpio_clear(EPCFGpioDevice_t* pGpiodevice)
  85:../epcf/peripheral/source/gpio/gpio.c **** {
ARM GAS  /tmp/ccqfXqFC.s 			page 6


 201              		.loc 1 85 0
 202              		.cfi_startproc
 203              		@ args = 0, pretend = 0, frame = 16
 204              		@ frame_needed = 0, uses_anonymous_args = 0
 205 00b0 00B5     		push	{lr}	@
 206              	.LCFI6:
 207              		.cfi_def_cfa_offset 4
 208              		.cfi_offset 14, -4
 209 00b2 85B0     		sub	sp, sp, #20	@,,
 210              	.LCFI7:
 211              		.cfi_def_cfa_offset 24
 212 00b4 0190     		str	r0, [sp, #4]	@ pGpiodevice, pGpiodevice
  86:../epcf/peripheral/source/gpio/gpio.c ****     int8_t status=0;
 213              		.loc 1 86 0
 214 00b6 0023     		movs	r3, #0	@ tmp115,
 215 00b8 8DF80F30 		strb	r3, [sp, #15]	@ tmp116, status
  87:../epcf/peripheral/source/gpio/gpio.c **** 
  88:../epcf/peripheral/source/gpio/gpio.c ****     if(pGpiodevice->controllerConfig == NULL)
 216              		.loc 1 88 0
 217 00bc 019B     		ldr	r3, [sp, #4]	@ tmp117, pGpiodevice
 218 00be 1B68     		ldr	r3, [r3]	@ D.6252, pGpiodevice_3(D)->controllerConfig
 219 00c0 002B     		cmp	r3, #0	@ D.6252,
 220 00c2 06D1     		bne	.L11	@,
  89:../epcf/peripheral/source/gpio/gpio.c ****     {
  90:../epcf/peripheral/source/gpio/gpio.c ****         status = epcf_gpio_nativeClear(pGpiodevice);
 221              		.loc 1 90 0
 222 00c4 0198     		ldr	r0, [sp, #4]	@, pGpiodevice
 223 00c6 FFF7FEFF 		bl	epcf_gpio_nativeClear	@
 224 00ca 0346     		mov	r3, r0	@ tmp118,
 225 00cc 8DF80F30 		strb	r3, [sp, #15]	@ tmp119, status
 226 00d0 07E0     		b	.L12	@
 227              	.L11:
  91:../epcf/peripheral/source/gpio/gpio.c ****     }
  92:../epcf/peripheral/source/gpio/gpio.c ****     else
  93:../epcf/peripheral/source/gpio/gpio.c ****     {
  94:../epcf/peripheral/source/gpio/gpio.c ****         status = pGpiodevice->controllerConfig->gpioClear(pGpiodevice);
 228              		.loc 1 94 0
 229 00d2 019B     		ldr	r3, [sp, #4]	@ tmp120, pGpiodevice
 230 00d4 1B68     		ldr	r3, [r3]	@ D.6252, pGpiodevice_3(D)->controllerConfig
 231 00d6 9B68     		ldr	r3, [r3, #8]	@ D.6253, _6->gpioClear
 232 00d8 0198     		ldr	r0, [sp, #4]	@, pGpiodevice
 233 00da 9847     		blx	r3	@ D.6253
 234 00dc 0346     		mov	r3, r0	@ tmp121,
 235 00de 8DF80F30 		strb	r3, [sp, #15]	@ tmp122, status
 236              	.L12:
  95:../epcf/peripheral/source/gpio/gpio.c ****     }
  96:../epcf/peripheral/source/gpio/gpio.c ****     return status;
 237              		.loc 1 96 0
 238 00e2 9DF80F30 		ldrb	r3, [sp, #15]	@ zero_extendqisi2	@ D.6254, status
 239 00e6 5BB2     		sxtb	r3, r3	@ tmp124, D.6254
  97:../epcf/peripheral/source/gpio/gpio.c **** }
 240              		.loc 1 97 0
 241 00e8 1846     		mov	r0, r3	@, <retval>
 242 00ea 05B0     		add	sp, sp, #20	@,,
 243              	.LCFI8:
 244              		.cfi_def_cfa_offset 4
 245              		@ sp needed	@
ARM GAS  /tmp/ccqfXqFC.s 			page 7


 246 00ec 5DF804FB 		ldr	pc, [sp], #4	@
 247              		.cfi_endproc
 248              	.LFE42:
 249              		.size	epcf_gpio_clear, .-epcf_gpio_clear
 250              		.align	2
 251              		.global	epcf_gpio_read
 252              		.thumb
 253              		.thumb_func
 254              		.type	epcf_gpio_read, %function
 255              	epcf_gpio_read:
 256              	.LFB43:
  98:../epcf/peripheral/source/gpio/gpio.c **** 
  99:../epcf/peripheral/source/gpio/gpio.c **** int8_t epcf_gpio_read(EPCFGpioDevice_t* pGpiodevice)
 100:../epcf/peripheral/source/gpio/gpio.c **** {
 257              		.loc 1 100 0
 258              		.cfi_startproc
 259              		@ args = 0, pretend = 0, frame = 16
 260              		@ frame_needed = 0, uses_anonymous_args = 0
 261 00f0 00B5     		push	{lr}	@
 262              	.LCFI9:
 263              		.cfi_def_cfa_offset 4
 264              		.cfi_offset 14, -4
 265 00f2 85B0     		sub	sp, sp, #20	@,,
 266              	.LCFI10:
 267              		.cfi_def_cfa_offset 24
 268 00f4 0190     		str	r0, [sp, #4]	@ pGpiodevice, pGpiodevice
 101:../epcf/peripheral/source/gpio/gpio.c ****     int8_t retVal=0;
 269              		.loc 1 101 0
 270 00f6 0023     		movs	r3, #0	@ tmp115,
 271 00f8 8DF80F30 		strb	r3, [sp, #15]	@ tmp116, retVal
 102:../epcf/peripheral/source/gpio/gpio.c **** 
 103:../epcf/peripheral/source/gpio/gpio.c ****     if(pGpiodevice->controllerConfig == NULL)
 272              		.loc 1 103 0
 273 00fc 019B     		ldr	r3, [sp, #4]	@ tmp117, pGpiodevice
 274 00fe 1B68     		ldr	r3, [r3]	@ D.6255, pGpiodevice_3(D)->controllerConfig
 275 0100 002B     		cmp	r3, #0	@ D.6255,
 276 0102 06D1     		bne	.L15	@,
 104:../epcf/peripheral/source/gpio/gpio.c ****     {
 105:../epcf/peripheral/source/gpio/gpio.c ****         retVal = epcf_gpio_nativeRead(pGpiodevice);
 277              		.loc 1 105 0
 278 0104 0198     		ldr	r0, [sp, #4]	@, pGpiodevice
 279 0106 FFF7FEFF 		bl	epcf_gpio_nativeRead	@
 280 010a 0346     		mov	r3, r0	@ tmp118,
 281 010c 8DF80F30 		strb	r3, [sp, #15]	@ tmp119, retVal
 282 0110 07E0     		b	.L16	@
 283              	.L15:
 106:../epcf/peripheral/source/gpio/gpio.c ****     }
 107:../epcf/peripheral/source/gpio/gpio.c ****     else
 108:../epcf/peripheral/source/gpio/gpio.c ****     {
 109:../epcf/peripheral/source/gpio/gpio.c ****         retVal = pGpiodevice->controllerConfig->gpioRead(pGpiodevice);
 284              		.loc 1 109 0
 285 0112 019B     		ldr	r3, [sp, #4]	@ tmp120, pGpiodevice
 286 0114 1B68     		ldr	r3, [r3]	@ D.6255, pGpiodevice_3(D)->controllerConfig
 287 0116 DB68     		ldr	r3, [r3, #12]	@ D.6256, _6->gpioRead
 288 0118 0198     		ldr	r0, [sp, #4]	@, pGpiodevice
 289 011a 9847     		blx	r3	@ D.6256
 290 011c 0346     		mov	r3, r0	@ tmp121,
ARM GAS  /tmp/ccqfXqFC.s 			page 8


 291 011e 8DF80F30 		strb	r3, [sp, #15]	@ tmp122, retVal
 292              	.L16:
 110:../epcf/peripheral/source/gpio/gpio.c ****     }
 111:../epcf/peripheral/source/gpio/gpio.c ****     return retVal;
 293              		.loc 1 111 0
 294 0122 9DF80F30 		ldrb	r3, [sp, #15]	@ zero_extendqisi2	@ D.6257, retVal
 295 0126 5BB2     		sxtb	r3, r3	@ tmp124, D.6257
 112:../epcf/peripheral/source/gpio/gpio.c **** }
 296              		.loc 1 112 0
 297 0128 1846     		mov	r0, r3	@, <retval>
 298 012a 05B0     		add	sp, sp, #20	@,,
 299              	.LCFI11:
 300              		.cfi_def_cfa_offset 4
 301              		@ sp needed	@
 302 012c 5DF804FB 		ldr	pc, [sp], #4	@
 303              		.cfi_endproc
 304              	.LFE43:
 305              		.size	epcf_gpio_read, .-epcf_gpio_read
 306              		.align	2
 307              		.global	epcf_gpio_setDirection
 308              		.thumb
 309              		.thumb_func
 310              		.type	epcf_gpio_setDirection, %function
 311              	epcf_gpio_setDirection:
 312              	.LFB44:
 113:../epcf/peripheral/source/gpio/gpio.c **** 
 114:../epcf/peripheral/source/gpio/gpio.c **** int8_t epcf_gpio_setDirection(EPCFGpioDevice_t* pGpiodevice, EnEPCFGpioDirection_t direction)
 115:../epcf/peripheral/source/gpio/gpio.c **** {
 313              		.loc 1 115 0
 314              		.cfi_startproc
 315              		@ args = 0, pretend = 0, frame = 16
 316              		@ frame_needed = 0, uses_anonymous_args = 0
 317 0130 00B5     		push	{lr}	@
 318              	.LCFI12:
 319              		.cfi_def_cfa_offset 4
 320              		.cfi_offset 14, -4
 321 0132 85B0     		sub	sp, sp, #20	@,,
 322              	.LCFI13:
 323              		.cfi_def_cfa_offset 24
 324 0134 0190     		str	r0, [sp, #4]	@ pGpiodevice, pGpiodevice
 325 0136 0B46     		mov	r3, r1	@ tmp115, direction
 326 0138 8DF80330 		strb	r3, [sp, #3]	@ tmp116, direction
 116:../epcf/peripheral/source/gpio/gpio.c ****     int8_t status=0;
 327              		.loc 1 116 0
 328 013c 0023     		movs	r3, #0	@ tmp117,
 329 013e 8DF80F30 		strb	r3, [sp, #15]	@ tmp118, status
 117:../epcf/peripheral/source/gpio/gpio.c **** 
 118:../epcf/peripheral/source/gpio/gpio.c ****     if(pGpiodevice->controllerConfig == NULL)
 330              		.loc 1 118 0
 331 0142 019B     		ldr	r3, [sp, #4]	@ tmp119, pGpiodevice
 332 0144 1B68     		ldr	r3, [r3]	@ D.6258, pGpiodevice_3(D)->controllerConfig
 333 0146 002B     		cmp	r3, #0	@ D.6258,
 334 0148 09D1     		bne	.L19	@,
 119:../epcf/peripheral/source/gpio/gpio.c ****     {
 120:../epcf/peripheral/source/gpio/gpio.c ****         status = epcf_gpio_nativeSetDirection(pGpiodevice,direction);
 335              		.loc 1 120 0
 336 014a 9DF80330 		ldrb	r3, [sp, #3]	@ zero_extendqisi2	@ tmp120, direction
ARM GAS  /tmp/ccqfXqFC.s 			page 9


 337 014e 0198     		ldr	r0, [sp, #4]	@, pGpiodevice
 338 0150 1946     		mov	r1, r3	@, tmp120
 339 0152 FFF7FEFF 		bl	epcf_gpio_nativeSetDirection	@
 340 0156 0346     		mov	r3, r0	@ tmp121,
 341 0158 8DF80F30 		strb	r3, [sp, #15]	@ tmp122, status
 342 015c 0AE0     		b	.L20	@
 343              	.L19:
 121:../epcf/peripheral/source/gpio/gpio.c ****     }
 122:../epcf/peripheral/source/gpio/gpio.c ****     else
 123:../epcf/peripheral/source/gpio/gpio.c ****     {
 124:../epcf/peripheral/source/gpio/gpio.c ****         status = pGpiodevice->controllerConfig->gpioSetDirection(pGpiodevice,direction);
 344              		.loc 1 124 0
 345 015e 019B     		ldr	r3, [sp, #4]	@ tmp123, pGpiodevice
 346 0160 1B68     		ldr	r3, [r3]	@ D.6258, pGpiodevice_3(D)->controllerConfig
 347 0162 1B69     		ldr	r3, [r3, #16]	@ D.6259, _7->gpioSetDirection
 348 0164 9DF80320 		ldrb	r2, [sp, #3]	@ zero_extendqisi2	@ tmp124, direction
 349 0168 0198     		ldr	r0, [sp, #4]	@, pGpiodevice
 350 016a 1146     		mov	r1, r2	@, tmp124
 351 016c 9847     		blx	r3	@ D.6259
 352 016e 0346     		mov	r3, r0	@ tmp125,
 353 0170 8DF80F30 		strb	r3, [sp, #15]	@ tmp126, status
 354              	.L20:
 125:../epcf/peripheral/source/gpio/gpio.c ****     }
 126:../epcf/peripheral/source/gpio/gpio.c ****     return status;
 355              		.loc 1 126 0
 356 0174 9DF80F30 		ldrb	r3, [sp, #15]	@ zero_extendqisi2	@ D.6260, status
 357 0178 5BB2     		sxtb	r3, r3	@ tmp128, D.6260
 127:../epcf/peripheral/source/gpio/gpio.c **** }
 358              		.loc 1 127 0
 359 017a 1846     		mov	r0, r3	@, <retval>
 360 017c 05B0     		add	sp, sp, #20	@,,
 361              	.LCFI14:
 362              		.cfi_def_cfa_offset 4
 363              		@ sp needed	@
 364 017e 5DF804FB 		ldr	pc, [sp], #4	@
 365              		.cfi_endproc
 366              	.LFE44:
 367              		.size	epcf_gpio_setDirection, .-epcf_gpio_setDirection
 368 0182 00BF     		.align	2
 369              		.global	epcf_gpio_getDeviceCount
 370              		.thumb
 371              		.thumb_func
 372              		.type	epcf_gpio_getDeviceCount, %function
 373              	epcf_gpio_getDeviceCount:
 374              	.LFB45:
 128:../epcf/peripheral/source/gpio/gpio.c **** 
 129:../epcf/peripheral/source/gpio/gpio.c **** #ifdef EPCF_USING_MT_ENV
 130:../epcf/peripheral/source/gpio/gpio.c **** // TODO : Adding the Support for EPCF_USING_MT_ENV
 131:../epcf/peripheral/source/gpio/gpio.c **** // TODO : Add Comments for Function Discription.
 132:../epcf/peripheral/source/gpio/gpio.c **** extern int8_t epcf_gpio_lock(EPCFGpioDevice_t* pGpioDevice)
 133:../epcf/peripheral/source/gpio/gpio.c **** {
 134:../epcf/peripheral/source/gpio/gpio.c **** 
 135:../epcf/peripheral/source/gpio/gpio.c **** }
 136:../epcf/peripheral/source/gpio/gpio.c **** extern int8_t epcf_gpio_unlock(EPCFGpioDevice_t* pGpioDevice)
 137:../epcf/peripheral/source/gpio/gpio.c **** {
 138:../epcf/peripheral/source/gpio/gpio.c **** 
 139:../epcf/peripheral/source/gpio/gpio.c **** }
ARM GAS  /tmp/ccqfXqFC.s 			page 10


 140:../epcf/peripheral/source/gpio/gpio.c **** #endif
 141:../epcf/peripheral/source/gpio/gpio.c **** 
 142:../epcf/peripheral/source/gpio/gpio.c **** uint8_t epcf_gpio_getDeviceCount()
 143:../epcf/peripheral/source/gpio/gpio.c **** {
 375              		.loc 1 143 0
 376              		.cfi_startproc
 377              		@ args = 0, pretend = 0, frame = 8
 378              		@ frame_needed = 0, uses_anonymous_args = 0
 379 0184 00B5     		push	{lr}	@
 380              	.LCFI15:
 381              		.cfi_def_cfa_offset 4
 382              		.cfi_offset 14, -4
 383 0186 83B0     		sub	sp, sp, #12	@,,
 384              	.LCFI16:
 385              		.cfi_def_cfa_offset 16
 144:../epcf/peripheral/source/gpio/gpio.c **** 	uint8_t retVal=0;
 386              		.loc 1 144 0
 387 0188 0023     		movs	r3, #0	@ tmp113,
 388 018a 8DF80730 		strb	r3, [sp, #7]	@ tmp114, retVal
 145:../epcf/peripheral/source/gpio/gpio.c ****     retVal = epcf_gpio_nativeGetDeviceCount();
 389              		.loc 1 145 0
 390 018e FFF7FEFF 		bl	epcf_gpio_nativeGetDeviceCount	@
 391 0192 0346     		mov	r3, r0	@ D.6261,
 392 0194 8DF80730 		strb	r3, [sp, #7]	@ tmp115, retVal
 146:../epcf/peripheral/source/gpio/gpio.c ****     return retVal;
 393              		.loc 1 146 0
 394 0198 9DF80730 		ldrb	r3, [sp, #7]	@ zero_extendqisi2	@ D.6262, retVal
 147:../epcf/peripheral/source/gpio/gpio.c **** }
 395              		.loc 1 147 0
 396 019c 1846     		mov	r0, r3	@, <retval>
 397 019e 03B0     		add	sp, sp, #12	@,,
 398              	.LCFI17:
 399              		.cfi_def_cfa_offset 4
 400              		@ sp needed	@
 401 01a0 5DF804FB 		ldr	pc, [sp], #4	@
 402              		.cfi_endproc
 403              	.LFE45:
 404              		.size	epcf_gpio_getDeviceCount, .-epcf_gpio_getDeviceCount
 405              		.align	2
 406              		.global	epcf_gpio_extGetDeviceCount
 407              		.thumb
 408              		.thumb_func
 409              		.type	epcf_gpio_extGetDeviceCount, %function
 410              	epcf_gpio_extGetDeviceCount:
 411              	.LFB46:
 148:../epcf/peripheral/source/gpio/gpio.c **** 
 149:../epcf/peripheral/source/gpio/gpio.c **** uint8_t epcf_gpio_extGetDeviceCount(EPCFGpioController_t* pGpioController)
 150:../epcf/peripheral/source/gpio/gpio.c **** {
 412              		.loc 1 150 0
 413              		.cfi_startproc
 414              		@ args = 0, pretend = 0, frame = 16
 415              		@ frame_needed = 0, uses_anonymous_args = 0
 416 01a4 00B5     		push	{lr}	@
 417              	.LCFI18:
 418              		.cfi_def_cfa_offset 4
 419              		.cfi_offset 14, -4
 420 01a6 85B0     		sub	sp, sp, #20	@,,
ARM GAS  /tmp/ccqfXqFC.s 			page 11


 421              	.LCFI19:
 422              		.cfi_def_cfa_offset 24
 423 01a8 0190     		str	r0, [sp, #4]	@ pGpioController, pGpioController
 151:../epcf/peripheral/source/gpio/gpio.c **** 	uint8_t retVal;
 152:../epcf/peripheral/source/gpio/gpio.c **** 	retVal = pGpioController->gpioGetDeviceCount(pGpioController);
 424              		.loc 1 152 0
 425 01aa 019B     		ldr	r3, [sp, #4]	@ tmp114, pGpioController
 426 01ac 5B69     		ldr	r3, [r3, #20]	@ D.6263, pGpioController_1(D)->gpioGetDeviceCount
 427 01ae 0198     		ldr	r0, [sp, #4]	@, pGpioController
 428 01b0 9847     		blx	r3	@ D.6263
 429 01b2 0346     		mov	r3, r0	@ D.6264,
 430 01b4 8DF80F30 		strb	r3, [sp, #15]	@ tmp115, retVal
 153:../epcf/peripheral/source/gpio/gpio.c **** 	return retVal;
 431              		.loc 1 153 0
 432 01b8 9DF80F30 		ldrb	r3, [sp, #15]	@ zero_extendqisi2	@ D.6265, retVal
 154:../epcf/peripheral/source/gpio/gpio.c **** }
 433              		.loc 1 154 0
 434 01bc 1846     		mov	r0, r3	@, <retval>
 435 01be 05B0     		add	sp, sp, #20	@,,
 436              	.LCFI20:
 437              		.cfi_def_cfa_offset 4
 438              		@ sp needed	@
 439 01c0 5DF804FB 		ldr	pc, [sp], #4	@
 440              		.cfi_endproc
 441              	.LFE46:
 442              		.size	epcf_gpio_extGetDeviceCount, .-epcf_gpio_extGetDeviceCount
 443              	.Letext0:
 444              		.file 2 "/usr/include/newlib/machine/_default_types.h"
 445              		.file 3 "/usr/include/newlib/sys/_stdint.h"
 446              		.file 4 "../pcf/include/../../epcf/./common/types.h"
 447              		.file 5 "../pcf/include/../../epcf/./common/portpin.h"
 448              		.file 6 "./include/../../epcf/peripheral/include/./gpio/gpio.h"
 449              		.file 7 "./include/../../epcf/peripheral/source/gpio/gpio_hidden.h"
 450              		.file 8 "../pcf/include/private/arch/arm/cm3/nxp/lpc1768/./../../../../arm/cm3/nxp/lpc1768/lpc1768
 451              		.section	.debug_info,"",%progbits
 452              	.Ldebug_info0:
 453 0000 B4050000 		.4byte	0x5b4
 454 0004 0200     		.2byte	0x2
 455 0006 00000000 		.4byte	.Ldebug_abbrev0
 456 000a 04       		.byte	0x4
 457 000b 01       		.uleb128 0x1
 458 000c 41010000 		.4byte	.LASF89
 459 0010 01       		.byte	0x1
 460 0011 69050000 		.4byte	.LASF90
 461 0015 12020000 		.4byte	.LASF91
 462 0019 00000000 		.4byte	.Ltext0
 463 001d C4010000 		.4byte	.Letext0
 464 0021 00000000 		.4byte	.Ldebug_line0
 465 0025 02       		.uleb128 0x2
 466 0026 04       		.byte	0x4
 467 0027 07       		.byte	0x7
 468 0028 B4030000 		.4byte	.LASF0
 469 002c 03       		.uleb128 0x3
 470 002d 04       		.byte	0x4
 471 002e 05       		.byte	0x5
 472 002f 696E7400 		.ascii	"int\000"
 473 0033 04       		.uleb128 0x4
ARM GAS  /tmp/ccqfXqFC.s 			page 12


 474 0034 2C030000 		.4byte	.LASF2
 475 0038 02       		.byte	0x2
 476 0039 1B       		.byte	0x1b
 477 003a 3E000000 		.4byte	0x3e
 478 003e 02       		.uleb128 0x2
 479 003f 01       		.byte	0x1
 480 0040 06       		.byte	0x6
 481 0041 54030000 		.4byte	.LASF1
 482 0045 04       		.uleb128 0x4
 483 0046 FC020000 		.4byte	.LASF3
 484 004a 02       		.byte	0x2
 485 004b 1D       		.byte	0x1d
 486 004c 50000000 		.4byte	0x50
 487 0050 02       		.uleb128 0x2
 488 0051 01       		.byte	0x1
 489 0052 08       		.byte	0x8
 490 0053 35030000 		.4byte	.LASF4
 491 0057 02       		.uleb128 0x2
 492 0058 02       		.byte	0x2
 493 0059 05       		.byte	0x5
 494 005a 4F000000 		.4byte	.LASF5
 495 005e 02       		.uleb128 0x2
 496 005f 02       		.byte	0x2
 497 0060 07       		.byte	0x7
 498 0061 2B040000 		.4byte	.LASF6
 499 0065 04       		.uleb128 0x4
 500 0066 21040000 		.4byte	.LASF7
 501 006a 02       		.byte	0x2
 502 006b 3F       		.byte	0x3f
 503 006c 70000000 		.4byte	0x70
 504 0070 02       		.uleb128 0x2
 505 0071 04       		.byte	0x4
 506 0072 05       		.byte	0x5
 507 0073 B5020000 		.4byte	.LASF8
 508 0077 04       		.uleb128 0x4
 509 0078 B8000000 		.4byte	.LASF9
 510 007c 02       		.byte	0x2
 511 007d 41       		.byte	0x41
 512 007e 82000000 		.4byte	0x82
 513 0082 02       		.uleb128 0x2
 514 0083 04       		.byte	0x4
 515 0084 07       		.byte	0x7
 516 0085 B5040000 		.4byte	.LASF10
 517 0089 02       		.uleb128 0x2
 518 008a 08       		.byte	0x8
 519 008b 05       		.byte	0x5
 520 008c 86020000 		.4byte	.LASF11
 521 0090 02       		.uleb128 0x2
 522 0091 08       		.byte	0x8
 523 0092 07       		.byte	0x7
 524 0093 60030000 		.4byte	.LASF12
 525 0097 02       		.uleb128 0x2
 526 0098 04       		.byte	0x4
 527 0099 07       		.byte	0x7
 528 009a 73000000 		.4byte	.LASF13
 529 009e 05       		.uleb128 0x5
 530 009f 04       		.byte	0x4
ARM GAS  /tmp/ccqfXqFC.s 			page 13


 531 00a0 02       		.uleb128 0x2
 532 00a1 01       		.byte	0x1
 533 00a2 08       		.byte	0x8
 534 00a3 0A040000 		.4byte	.LASF14
 535 00a7 04       		.uleb128 0x4
 536 00a8 38000000 		.4byte	.LASF15
 537 00ac 03       		.byte	0x3
 538 00ad 13       		.byte	0x13
 539 00ae 33000000 		.4byte	0x33
 540 00b2 04       		.uleb128 0x4
 541 00b3 0E010000 		.4byte	.LASF16
 542 00b7 03       		.byte	0x3
 543 00b8 14       		.byte	0x14
 544 00b9 45000000 		.4byte	0x45
 545 00bd 04       		.uleb128 0x4
 546 00be 0F040000 		.4byte	.LASF17
 547 00c2 03       		.byte	0x3
 548 00c3 1F       		.byte	0x1f
 549 00c4 65000000 		.4byte	0x65
 550 00c8 04       		.uleb128 0x4
 551 00c9 BD010000 		.4byte	.LASF18
 552 00cd 03       		.byte	0x3
 553 00ce 20       		.byte	0x20
 554 00cf 77000000 		.4byte	0x77
 555 00d3 02       		.uleb128 0x2
 556 00d4 04       		.byte	0x4
 557 00d5 04       		.byte	0x4
 558 00d6 4F020000 		.4byte	.LASF19
 559 00da 06       		.uleb128 0x6
 560 00db 01       		.byte	0x1
 561 00dc 04       		.byte	0x4
 562 00dd 06       		.byte	0x6
 563 00de F5000000 		.4byte	0xf5
 564 00e2 07       		.uleb128 0x7
 565 00e3 6A060000 		.4byte	.LASF20
 566 00e7 00       		.sleb128 0
 567 00e8 07       		.uleb128 0x7
 568 00e9 6E040000 		.4byte	.LASF21
 569 00ed 01       		.sleb128 1
 570 00ee 07       		.uleb128 0x7
 571 00ef 1A050000 		.4byte	.LASF22
 572 00f3 02       		.sleb128 2
 573 00f4 00       		.byte	0
 574 00f5 04       		.uleb128 0x4
 575 00f6 76020000 		.4byte	.LASF23
 576 00fa 04       		.byte	0x4
 577 00fb 0A       		.byte	0xa
 578 00fc DA000000 		.4byte	0xda
 579 0100 08       		.uleb128 0x8
 580 0101 02       		.byte	0x2
 581 0102 05       		.byte	0x5
 582 0103 47       		.byte	0x47
 583 0104 25010000 		.4byte	0x125
 584 0108 09       		.uleb128 0x9
 585 0109 69040000 		.4byte	.LASF24
 586 010d 05       		.byte	0x5
 587 010e 49       		.byte	0x49
ARM GAS  /tmp/ccqfXqFC.s 			page 14


 588 010f B2000000 		.4byte	0xb2
 589 0113 02       		.byte	0x2
 590 0114 23       		.byte	0x23
 591 0115 00       		.uleb128 0
 592 0116 0A       		.uleb128 0xa
 593 0117 70696E00 		.ascii	"pin\000"
 594 011b 05       		.byte	0x5
 595 011c 4A       		.byte	0x4a
 596 011d B2000000 		.4byte	0xb2
 597 0121 02       		.byte	0x2
 598 0122 23       		.byte	0x23
 599 0123 01       		.uleb128 0x1
 600 0124 00       		.byte	0
 601 0125 04       		.uleb128 0x4
 602 0126 F6050000 		.4byte	.LASF25
 603 012a 05       		.byte	0x5
 604 012b 4B       		.byte	0x4b
 605 012c 00010000 		.4byte	0x100
 606 0130 04       		.uleb128 0x4
 607 0131 B7050000 		.4byte	.LASF26
 608 0135 06       		.byte	0x6
 609 0136 0A       		.byte	0xa
 610 0137 3B010000 		.4byte	0x13b
 611 013b 0B       		.uleb128 0xb
 612 013c B3060000 		.4byte	.LASF63
 613 0140 08       		.byte	0x8
 614 0141 07       		.byte	0x7
 615 0142 16       		.byte	0x16
 616 0143 80010000 		.4byte	0x180
 617 0147 09       		.uleb128 0x9
 618 0148 8F050000 		.4byte	.LASF27
 619 014c 07       		.byte	0x7
 620 014d 18       		.byte	0x18
 621 014e E8030000 		.4byte	0x3e8
 622 0152 02       		.byte	0x2
 623 0153 23       		.byte	0x23
 624 0154 00       		.uleb128 0
 625 0155 09       		.uleb128 0x9
 626 0156 E0040000 		.4byte	.LASF28
 627 015a 07       		.byte	0x7
 628 015b 19       		.byte	0x19
 629 015c 25010000 		.4byte	0x125
 630 0160 02       		.byte	0x2
 631 0161 23       		.byte	0x23
 632 0162 04       		.uleb128 0x4
 633 0163 09       		.uleb128 0x9
 634 0164 AE000000 		.4byte	.LASF29
 635 0168 07       		.byte	0x7
 636 0169 1A       		.byte	0x1a
 637 016a A5010000 		.4byte	0x1a5
 638 016e 02       		.byte	0x2
 639 016f 23       		.byte	0x23
 640 0170 06       		.uleb128 0x6
 641 0171 09       		.uleb128 0x9
 642 0172 F5010000 		.4byte	.LASF30
 643 0176 07       		.byte	0x7
 644 0177 1C       		.byte	0x1c
ARM GAS  /tmp/ccqfXqFC.s 			page 15


 645 0178 B2000000 		.4byte	0xb2
 646 017c 02       		.byte	0x2
 647 017d 23       		.byte	0x23
 648 017e 07       		.uleb128 0x7
 649 017f 00       		.byte	0
 650 0180 0C       		.uleb128 0xc
 651 0181 7C000000 		.4byte	.LASF36
 652 0185 01       		.byte	0x1
 653 0186 06       		.byte	0x6
 654 0187 0D       		.byte	0xd
 655 0188 A5010000 		.4byte	0x1a5
 656 018c 07       		.uleb128 0x7
 657 018d 59000000 		.4byte	.LASF31
 658 0191 00       		.sleb128 0
 659 0192 07       		.uleb128 0x7
 660 0193 1A060000 		.4byte	.LASF32
 661 0197 01       		.sleb128 1
 662 0198 07       		.uleb128 0x7
 663 0199 50060000 		.4byte	.LASF33
 664 019d 02       		.sleb128 2
 665 019e 07       		.uleb128 0x7
 666 019f CE020000 		.4byte	.LASF34
 667 01a3 03       		.sleb128 3
 668 01a4 00       		.byte	0
 669 01a5 04       		.uleb128 0x4
 670 01a6 E6020000 		.4byte	.LASF35
 671 01aa 06       		.byte	0x6
 672 01ab 13       		.byte	0x13
 673 01ac 80010000 		.4byte	0x180
 674 01b0 0C       		.uleb128 0xc
 675 01b1 64020000 		.4byte	.LASF37
 676 01b5 01       		.byte	0x1
 677 01b6 06       		.byte	0x6
 678 01b7 16       		.byte	0x16
 679 01b8 DB010000 		.4byte	0x1db
 680 01bc 07       		.uleb128 0x7
 681 01bd C7040000 		.4byte	.LASF38
 682 01c1 00       		.sleb128 0
 683 01c2 07       		.uleb128 0x7
 684 01c3 C1030000 		.4byte	.LASF39
 685 01c7 01       		.sleb128 1
 686 01c8 07       		.uleb128 0x7
 687 01c9 96040000 		.4byte	.LASF40
 688 01cd 02       		.sleb128 2
 689 01ce 07       		.uleb128 0x7
 690 01cf 35060000 		.4byte	.LASF41
 691 01d3 03       		.sleb128 3
 692 01d4 07       		.uleb128 0x7
 693 01d5 04060000 		.4byte	.LASF42
 694 01d9 04       		.sleb128 4
 695 01da 00       		.byte	0
 696 01db 04       		.uleb128 0x4
 697 01dc 3D050000 		.4byte	.LASF43
 698 01e0 06       		.byte	0x6
 699 01e1 1D       		.byte	0x1d
 700 01e2 B0010000 		.4byte	0x1b0
 701 01e6 0C       		.uleb128 0xc
ARM GAS  /tmp/ccqfXqFC.s 			page 16


 702 01e7 3E040000 		.4byte	.LASF44
 703 01eb 01       		.byte	0x1
 704 01ec 06       		.byte	0x6
 705 01ed 20       		.byte	0x20
 706 01ee 05020000 		.4byte	0x205
 707 01f2 07       		.uleb128 0x7
 708 01f3 25010000 		.4byte	.LASF45
 709 01f7 00       		.sleb128 0
 710 01f8 07       		.uleb128 0x7
 711 01f9 99030000 		.4byte	.LASF46
 712 01fd 01       		.sleb128 1
 713 01fe 07       		.uleb128 0x7
 714 01ff 51050000 		.4byte	.LASF47
 715 0203 02       		.sleb128 2
 716 0204 00       		.byte	0
 717 0205 04       		.uleb128 0x4
 718 0206 00000000 		.4byte	.LASF48
 719 020a 06       		.byte	0x6
 720 020b 25       		.byte	0x25
 721 020c E6010000 		.4byte	0x1e6
 722 0210 06       		.uleb128 0x6
 723 0211 01       		.byte	0x1
 724 0212 06       		.byte	0x6
 725 0213 29       		.byte	0x29
 726 0214 3D020000 		.4byte	0x23d
 727 0218 07       		.uleb128 0x7
 728 0219 90000000 		.4byte	.LASF49
 729 021d 00       		.sleb128 0
 730 021e 07       		.uleb128 0x7
 731 021f 0F030000 		.4byte	.LASF50
 732 0223 01       		.sleb128 1
 733 0224 07       		.uleb128 0x7
 734 0225 C8050000 		.4byte	.LASF51
 735 0229 02       		.sleb128 2
 736 022a 07       		.uleb128 0x7
 737 022b 4E040000 		.4byte	.LASF52
 738 022f 03       		.sleb128 3
 739 0230 07       		.uleb128 0x7
 740 0231 D9010000 		.4byte	.LASF53
 741 0235 04       		.sleb128 4
 742 0236 07       		.uleb128 0x7
 743 0237 04050000 		.4byte	.LASF54
 744 023b 05       		.sleb128 5
 745 023c 00       		.byte	0
 746 023d 04       		.uleb128 0x4
 747 023e 24000000 		.4byte	.LASF55
 748 0242 06       		.byte	0x6
 749 0243 30       		.byte	0x30
 750 0244 10020000 		.4byte	0x210
 751 0248 08       		.uleb128 0x8
 752 0249 0C       		.byte	0xc
 753 024a 06       		.byte	0x6
 754 024b 3B       		.byte	0x3b
 755 024c B3020000 		.4byte	0x2b3
 756 0250 09       		.uleb128 0x9
 757 0251 E0040000 		.4byte	.LASF28
 758 0255 06       		.byte	0x6
ARM GAS  /tmp/ccqfXqFC.s 			page 17


 759 0256 3D       		.byte	0x3d
 760 0257 25010000 		.4byte	0x125
 761 025b 02       		.byte	0x2
 762 025c 23       		.byte	0x23
 763 025d 00       		.uleb128 0
 764 025e 09       		.uleb128 0x9
 765 025f AE000000 		.4byte	.LASF29
 766 0263 06       		.byte	0x6
 767 0264 3E       		.byte	0x3e
 768 0265 A5010000 		.4byte	0x1a5
 769 0269 02       		.byte	0x2
 770 026a 23       		.byte	0x23
 771 026b 02       		.uleb128 0x2
 772 026c 09       		.uleb128 0x9
 773 026d C3000000 		.4byte	.LASF56
 774 0271 06       		.byte	0x6
 775 0272 3F       		.byte	0x3f
 776 0273 DB010000 		.4byte	0x1db
 777 0277 02       		.byte	0x2
 778 0278 23       		.byte	0x23
 779 0279 03       		.uleb128 0x3
 780 027a 09       		.uleb128 0x9
 781 027b B3010000 		.4byte	.LASF57
 782 027f 06       		.byte	0x6
 783 0280 40       		.byte	0x40
 784 0281 05020000 		.4byte	0x205
 785 0285 02       		.byte	0x2
 786 0286 23       		.byte	0x23
 787 0287 04       		.uleb128 0x4
 788 0288 09       		.uleb128 0x9
 789 0289 A9010000 		.4byte	.LASF58
 790 028d 06       		.byte	0x6
 791 028e 41       		.byte	0x41
 792 028f F5000000 		.4byte	0xf5
 793 0293 02       		.byte	0x2
 794 0294 23       		.byte	0x23
 795 0295 05       		.uleb128 0x5
 796 0296 09       		.uleb128 0x9
 797 0297 0A020000 		.4byte	.LASF59
 798 029b 06       		.byte	0x6
 799 029c 42       		.byte	0x42
 800 029d 3D020000 		.4byte	0x23d
 801 02a1 02       		.byte	0x2
 802 02a2 23       		.byte	0x23
 803 02a3 06       		.uleb128 0x6
 804 02a4 09       		.uleb128 0x9
 805 02a5 8B060000 		.4byte	.LASF60
 806 02a9 06       		.byte	0x6
 807 02aa 43       		.byte	0x43
 808 02ab 9E000000 		.4byte	0x9e
 809 02af 02       		.byte	0x2
 810 02b0 23       		.byte	0x23
 811 02b1 08       		.uleb128 0x8
 812 02b2 00       		.byte	0
 813 02b3 04       		.uleb128 0x4
 814 02b4 16000000 		.4byte	.LASF61
 815 02b8 06       		.byte	0x6
ARM GAS  /tmp/ccqfXqFC.s 			page 18


 816 02b9 44       		.byte	0x44
 817 02ba 48020000 		.4byte	0x248
 818 02be 04       		.uleb128 0x4
 819 02bf 81040000 		.4byte	.LASF62
 820 02c3 07       		.byte	0x7
 821 02c4 0C       		.byte	0xc
 822 02c5 C9020000 		.4byte	0x2c9
 823 02c9 0B       		.uleb128 0xb
 824 02ca A2020000 		.4byte	.LASF64
 825 02ce 1C       		.byte	0x1c
 826 02cf 07       		.byte	0x7
 827 02d0 20       		.byte	0x20
 828 02d1 38030000 		.4byte	0x338
 829 02d5 09       		.uleb128 0x9
 830 02d6 05010000 		.4byte	.LASF65
 831 02da 07       		.byte	0x7
 832 02db 22       		.byte	0x22
 833 02dc 38030000 		.4byte	0x338
 834 02e0 02       		.byte	0x2
 835 02e1 23       		.byte	0x23
 836 02e2 00       		.uleb128 0
 837 02e3 09       		.uleb128 0x9
 838 02e4 77030000 		.4byte	.LASF66
 839 02e8 07       		.byte	0x7
 840 02e9 23       		.byte	0x23
 841 02ea 6A030000 		.4byte	0x36a
 842 02ee 02       		.byte	0x2
 843 02ef 23       		.byte	0x23
 844 02f0 04       		.uleb128 0x4
 845 02f1 09       		.uleb128 0x9
 846 02f2 17040000 		.4byte	.LASF67
 847 02f6 07       		.byte	0x7
 848 02f7 24       		.byte	0x24
 849 02f8 8B030000 		.4byte	0x38b
 850 02fc 02       		.byte	0x2
 851 02fd 23       		.byte	0x23
 852 02fe 08       		.uleb128 0x8
 853 02ff 09       		.uleb128 0x9
 854 0300 06030000 		.4byte	.LASF68
 855 0304 07       		.byte	0x7
 856 0305 25       		.byte	0x25
 857 0306 96030000 		.4byte	0x396
 858 030a 02       		.byte	0x2
 859 030b 23       		.byte	0x23
 860 030c 0C       		.uleb128 0xc
 861 030d 09       		.uleb128 0x9
 862 030e 2C050000 		.4byte	.LASF69
 863 0312 07       		.byte	0x7
 864 0313 26       		.byte	0x26
 865 0314 A1030000 		.4byte	0x3a1
 866 0318 02       		.byte	0x2
 867 0319 23       		.byte	0x23
 868 031a 10       		.uleb128 0x10
 869 031b 09       		.uleb128 0x9
 870 031c C6010000 		.4byte	.LASF70
 871 0320 07       		.byte	0x7
 872 0321 27       		.byte	0x27
ARM GAS  /tmp/ccqfXqFC.s 			page 19


 873 0322 C7030000 		.4byte	0x3c7
 874 0326 02       		.byte	0x2
 875 0327 23       		.byte	0x23
 876 0328 14       		.uleb128 0x14
 877 0329 09       		.uleb128 0x9
 878 032a 8B060000 		.4byte	.LASF60
 879 032e 07       		.byte	0x7
 880 032f 28       		.byte	0x28
 881 0330 9E000000 		.4byte	0x9e
 882 0334 02       		.byte	0x2
 883 0335 23       		.byte	0x23
 884 0336 18       		.uleb128 0x18
 885 0337 00       		.byte	0
 886 0338 04       		.uleb128 0x4
 887 0339 3F000000 		.4byte	.LASF71
 888 033d 07       		.byte	0x7
 889 033e 0F       		.byte	0xf
 890 033f 43030000 		.4byte	0x343
 891 0343 0D       		.uleb128 0xd
 892 0344 04       		.byte	0x4
 893 0345 49030000 		.4byte	0x349
 894 0349 0E       		.uleb128 0xe
 895 034a 01       		.byte	0x1
 896 034b A7000000 		.4byte	0xa7
 897 034f 5E030000 		.4byte	0x35e
 898 0353 0F       		.uleb128 0xf
 899 0354 5E030000 		.4byte	0x35e
 900 0358 0F       		.uleb128 0xf
 901 0359 64030000 		.4byte	0x364
 902 035d 00       		.byte	0
 903 035e 0D       		.uleb128 0xd
 904 035f 04       		.byte	0x4
 905 0360 30010000 		.4byte	0x130
 906 0364 0D       		.uleb128 0xd
 907 0365 04       		.byte	0x4
 908 0366 B3020000 		.4byte	0x2b3
 909 036a 04       		.uleb128 0x4
 910 036b 16010000 		.4byte	.LASF72
 911 036f 07       		.byte	0x7
 912 0370 10       		.byte	0x10
 913 0371 75030000 		.4byte	0x375
 914 0375 0D       		.uleb128 0xd
 915 0376 04       		.byte	0x4
 916 0377 7B030000 		.4byte	0x37b
 917 037b 0E       		.uleb128 0xe
 918 037c 01       		.byte	0x1
 919 037d A7000000 		.4byte	0xa7
 920 0381 8B030000 		.4byte	0x38b
 921 0385 0F       		.uleb128 0xf
 922 0386 5E030000 		.4byte	0x35e
 923 038a 00       		.byte	0
 924 038b 04       		.uleb128 0x4
 925 038c 43030000 		.4byte	.LASF73
 926 0390 07       		.byte	0x7
 927 0391 11       		.byte	0x11
 928 0392 75030000 		.4byte	0x375
 929 0396 04       		.uleb128 0x4
ARM GAS  /tmp/ccqfXqFC.s 			page 20


 930 0397 DC030000 		.4byte	.LASF74
 931 039b 07       		.byte	0x7
 932 039c 12       		.byte	0x12
 933 039d 75030000 		.4byte	0x375
 934 03a1 04       		.uleb128 0x4
 935 03a2 ED000000 		.4byte	.LASF75
 936 03a6 07       		.byte	0x7
 937 03a7 13       		.byte	0x13
 938 03a8 AC030000 		.4byte	0x3ac
 939 03ac 0D       		.uleb128 0xd
 940 03ad 04       		.byte	0x4
 941 03ae B2030000 		.4byte	0x3b2
 942 03b2 0E       		.uleb128 0xe
 943 03b3 01       		.byte	0x1
 944 03b4 A7000000 		.4byte	0xa7
 945 03b8 C7030000 		.4byte	0x3c7
 946 03bc 0F       		.uleb128 0xf
 947 03bd 5E030000 		.4byte	0x35e
 948 03c1 0F       		.uleb128 0xf
 949 03c2 A5010000 		.4byte	0x1a5
 950 03c6 00       		.byte	0
 951 03c7 04       		.uleb128 0x4
 952 03c8 7F030000 		.4byte	.LASF76
 953 03cc 07       		.byte	0x7
 954 03cd 14       		.byte	0x14
 955 03ce D2030000 		.4byte	0x3d2
 956 03d2 0D       		.uleb128 0xd
 957 03d3 04       		.byte	0x4
 958 03d4 D8030000 		.4byte	0x3d8
 959 03d8 0E       		.uleb128 0xe
 960 03d9 01       		.byte	0x1
 961 03da C8000000 		.4byte	0xc8
 962 03de E8030000 		.4byte	0x3e8
 963 03e2 0F       		.uleb128 0xf
 964 03e3 E8030000 		.4byte	0x3e8
 965 03e7 00       		.byte	0
 966 03e8 0D       		.uleb128 0xd
 967 03e9 04       		.byte	0x4
 968 03ea BE020000 		.4byte	0x2be
 969 03ee 10       		.uleb128 0x10
 970 03ef 01       		.byte	0x1
 971 03f0 EC030000 		.4byte	.LASF79
 972 03f4 01       		.byte	0x1
 973 03f5 0E       		.byte	0xe
 974 03f6 01       		.byte	0x1
 975 03f7 37040000 		.4byte	0x437
 976 03fb 00000000 		.4byte	.LFB40
 977 03ff 6E000000 		.4byte	.LFE40
 978 0403 00000000 		.4byte	.LLST0
 979 0407 01       		.byte	0x1
 980 0408 37040000 		.4byte	0x437
 981 040c 11       		.uleb128 0x11
 982 040d E8040000 		.4byte	.LASF81
 983 0411 01       		.byte	0x1
 984 0412 0E       		.byte	0xe
 985 0413 64030000 		.4byte	0x364
 986 0417 02       		.byte	0x2
ARM GAS  /tmp/ccqfXqFC.s 			page 21


 987 0418 91       		.byte	0x91
 988 0419 6C       		.sleb128 -20
 989 041a 12       		.uleb128 0x12
 990 041b E3050000 		.4byte	.LASF77
 991 041f 01       		.byte	0x1
 992 0420 10       		.byte	0x10
 993 0421 37040000 		.4byte	0x437
 994 0425 02       		.byte	0x2
 995 0426 91       		.byte	0x91
 996 0427 70       		.sleb128 -16
 997 0428 12       		.uleb128 0x12
 998 0429 03040000 		.4byte	.LASF78
 999 042d 01       		.byte	0x1
 1000 042e 11       		.byte	0x11
 1001 042f A7000000 		.4byte	0xa7
 1002 0433 02       		.byte	0x2
 1003 0434 91       		.byte	0x91
 1004 0435 77       		.sleb128 -9
 1005 0436 00       		.byte	0
 1006 0437 0D       		.uleb128 0xd
 1007 0438 04       		.byte	0x4
 1008 0439 3B010000 		.4byte	0x13b
 1009 043d 10       		.uleb128 0x10
 1010 043e 01       		.byte	0x1
 1011 043f 94020000 		.4byte	.LASF80
 1012 0443 01       		.byte	0x1
 1013 0444 45       		.byte	0x45
 1014 0445 01       		.byte	0x1
 1015 0446 A7000000 		.4byte	0xa7
 1016 044a 70000000 		.4byte	.LFB41
 1017 044e B0000000 		.4byte	.LFE41
 1018 0452 38000000 		.4byte	.LLST1
 1019 0456 01       		.byte	0x1
 1020 0457 78040000 		.4byte	0x478
 1021 045b 11       		.uleb128 0x11
 1022 045c C8000000 		.4byte	.LASF82
 1023 0460 01       		.byte	0x1
 1024 0461 45       		.byte	0x45
 1025 0462 37040000 		.4byte	0x437
 1026 0466 02       		.byte	0x2
 1027 0467 91       		.byte	0x91
 1028 0468 6C       		.sleb128 -20
 1029 0469 12       		.uleb128 0x12
 1030 046a 03040000 		.4byte	.LASF78
 1031 046e 01       		.byte	0x1
 1032 046f 47       		.byte	0x47
 1033 0470 A7000000 		.4byte	0xa7
 1034 0474 02       		.byte	0x2
 1035 0475 91       		.byte	0x91
 1036 0476 77       		.sleb128 -9
 1037 0477 00       		.byte	0
 1038 0478 10       		.uleb128 0x10
 1039 0479 01       		.byte	0x1
 1040 047a BE020000 		.4byte	.LASF83
 1041 047e 01       		.byte	0x1
 1042 047f 54       		.byte	0x54
 1043 0480 01       		.byte	0x1
ARM GAS  /tmp/ccqfXqFC.s 			page 22


 1044 0481 A7000000 		.4byte	0xa7
 1045 0485 B0000000 		.4byte	.LFB42
 1046 0489 F0000000 		.4byte	.LFE42
 1047 048d 70000000 		.4byte	.LLST2
 1048 0491 01       		.byte	0x1
 1049 0492 B3040000 		.4byte	0x4b3
 1050 0496 11       		.uleb128 0x11
 1051 0497 C8000000 		.4byte	.LASF82
 1052 049b 01       		.byte	0x1
 1053 049c 54       		.byte	0x54
 1054 049d 37040000 		.4byte	0x437
 1055 04a1 02       		.byte	0x2
 1056 04a2 91       		.byte	0x91
 1057 04a3 6C       		.sleb128 -20
 1058 04a4 12       		.uleb128 0x12
 1059 04a5 03040000 		.4byte	.LASF78
 1060 04a9 01       		.byte	0x1
 1061 04aa 56       		.byte	0x56
 1062 04ab A7000000 		.4byte	0xa7
 1063 04af 02       		.byte	0x2
 1064 04b0 91       		.byte	0x91
 1065 04b1 77       		.sleb128 -9
 1066 04b2 00       		.byte	0
 1067 04b3 10       		.uleb128 0x10
 1068 04b4 01       		.byte	0x1
 1069 04b5 55020000 		.4byte	.LASF84
 1070 04b9 01       		.byte	0x1
 1071 04ba 63       		.byte	0x63
 1072 04bb 01       		.byte	0x1
 1073 04bc A7000000 		.4byte	0xa7
 1074 04c0 F0000000 		.4byte	.LFB43
 1075 04c4 30010000 		.4byte	.LFE43
 1076 04c8 A8000000 		.4byte	.LLST3
 1077 04cc 01       		.byte	0x1
 1078 04cd EE040000 		.4byte	0x4ee
 1079 04d1 11       		.uleb128 0x11
 1080 04d2 C8000000 		.4byte	.LASF82
 1081 04d6 01       		.byte	0x1
 1082 04d7 63       		.byte	0x63
 1083 04d8 37040000 		.4byte	0x437
 1084 04dc 02       		.byte	0x2
 1085 04dd 91       		.byte	0x91
 1086 04de 6C       		.sleb128 -20
 1087 04df 12       		.uleb128 0x12
 1088 04e0 EF050000 		.4byte	.LASF85
 1089 04e4 01       		.byte	0x1
 1090 04e5 65       		.byte	0x65
 1091 04e6 A7000000 		.4byte	0xa7
 1092 04ea 02       		.byte	0x2
 1093 04eb 91       		.byte	0x91
 1094 04ec 77       		.sleb128 -9
 1095 04ed 00       		.byte	0
 1096 04ee 10       		.uleb128 0x10
 1097 04ef 01       		.byte	0x1
 1098 04f0 A0050000 		.4byte	.LASF86
 1099 04f4 01       		.byte	0x1
 1100 04f5 72       		.byte	0x72
ARM GAS  /tmp/ccqfXqFC.s 			page 23


 1101 04f6 01       		.byte	0x1
 1102 04f7 A7000000 		.4byte	0xa7
 1103 04fb 30010000 		.4byte	.LFB44
 1104 04ff 82010000 		.4byte	.LFE44
 1105 0503 E0000000 		.4byte	.LLST4
 1106 0507 01       		.byte	0x1
 1107 0508 37050000 		.4byte	0x537
 1108 050c 11       		.uleb128 0x11
 1109 050d C8000000 		.4byte	.LASF82
 1110 0511 01       		.byte	0x1
 1111 0512 72       		.byte	0x72
 1112 0513 37040000 		.4byte	0x437
 1113 0517 02       		.byte	0x2
 1114 0518 91       		.byte	0x91
 1115 0519 6C       		.sleb128 -20
 1116 051a 11       		.uleb128 0x11
 1117 051b AE000000 		.4byte	.LASF29
 1118 051f 01       		.byte	0x1
 1119 0520 72       		.byte	0x72
 1120 0521 A5010000 		.4byte	0x1a5
 1121 0525 02       		.byte	0x2
 1122 0526 91       		.byte	0x91
 1123 0527 6B       		.sleb128 -21
 1124 0528 12       		.uleb128 0x12
 1125 0529 03040000 		.4byte	.LASF78
 1126 052d 01       		.byte	0x1
 1127 052e 74       		.byte	0x74
 1128 052f A7000000 		.4byte	0xa7
 1129 0533 02       		.byte	0x2
 1130 0534 91       		.byte	0x91
 1131 0535 77       		.sleb128 -9
 1132 0536 00       		.byte	0
 1133 0537 13       		.uleb128 0x13
 1134 0538 01       		.byte	0x1
 1135 0539 D4000000 		.4byte	.LASF92
 1136 053d 01       		.byte	0x1
 1137 053e 8E       		.byte	0x8e
 1138 053f B2000000 		.4byte	0xb2
 1139 0543 84010000 		.4byte	.LFB45
 1140 0547 A4010000 		.4byte	.LFE45
 1141 054b 18010000 		.4byte	.LLST5
 1142 054f 01       		.byte	0x1
 1143 0550 63050000 		.4byte	0x563
 1144 0554 12       		.uleb128 0x12
 1145 0555 EF050000 		.4byte	.LASF85
 1146 0559 01       		.byte	0x1
 1147 055a 90       		.byte	0x90
 1148 055b B2000000 		.4byte	0xb2
 1149 055f 02       		.byte	0x2
 1150 0560 91       		.byte	0x91
 1151 0561 77       		.sleb128 -9
 1152 0562 00       		.byte	0
 1153 0563 10       		.uleb128 0x10
 1154 0564 01       		.byte	0x1
 1155 0565 97060000 		.4byte	.LASF87
 1156 0569 01       		.byte	0x1
 1157 056a 95       		.byte	0x95
ARM GAS  /tmp/ccqfXqFC.s 			page 24


 1158 056b 01       		.byte	0x1
 1159 056c B2000000 		.4byte	0xb2
 1160 0570 A4010000 		.4byte	.LFB46
 1161 0574 C4010000 		.4byte	.LFE46
 1162 0578 50010000 		.4byte	.LLST6
 1163 057c 01       		.byte	0x1
 1164 057d 9E050000 		.4byte	0x59e
 1165 0581 11       		.uleb128 0x11
 1166 0582 F4040000 		.4byte	.LASF88
 1167 0586 01       		.byte	0x1
 1168 0587 95       		.byte	0x95
 1169 0588 9E050000 		.4byte	0x59e
 1170 058c 02       		.byte	0x2
 1171 058d 91       		.byte	0x91
 1172 058e 6C       		.sleb128 -20
 1173 058f 12       		.uleb128 0x12
 1174 0590 EF050000 		.4byte	.LASF85
 1175 0594 01       		.byte	0x1
 1176 0595 97       		.byte	0x97
 1177 0596 B2000000 		.4byte	0xb2
 1178 059a 02       		.byte	0x2
 1179 059b 91       		.byte	0x91
 1180 059c 77       		.sleb128 -9
 1181 059d 00       		.byte	0
 1182 059e 0D       		.uleb128 0xd
 1183 059f 04       		.byte	0x4
 1184 05a0 C9020000 		.4byte	0x2c9
 1185 05a4 14       		.uleb128 0x14
 1186 05a5 7E060000 		.4byte	.LASF93
 1187 05a9 08       		.byte	0x8
 1188 05aa E602     		.2byte	0x2e6
 1189 05ac B2050000 		.4byte	0x5b2
 1190 05b0 01       		.byte	0x1
 1191 05b1 01       		.byte	0x1
 1192 05b2 15       		.uleb128 0x15
 1193 05b3 BD000000 		.4byte	0xbd
 1194 05b7 00       		.byte	0
 1195              		.section	.debug_abbrev,"",%progbits
 1196              	.Ldebug_abbrev0:
 1197 0000 01       		.uleb128 0x1
 1198 0001 11       		.uleb128 0x11
 1199 0002 01       		.byte	0x1
 1200 0003 25       		.uleb128 0x25
 1201 0004 0E       		.uleb128 0xe
 1202 0005 13       		.uleb128 0x13
 1203 0006 0B       		.uleb128 0xb
 1204 0007 03       		.uleb128 0x3
 1205 0008 0E       		.uleb128 0xe
 1206 0009 1B       		.uleb128 0x1b
 1207 000a 0E       		.uleb128 0xe
 1208 000b 11       		.uleb128 0x11
 1209 000c 01       		.uleb128 0x1
 1210 000d 12       		.uleb128 0x12
 1211 000e 01       		.uleb128 0x1
 1212 000f 10       		.uleb128 0x10
 1213 0010 06       		.uleb128 0x6
 1214 0011 00       		.byte	0
ARM GAS  /tmp/ccqfXqFC.s 			page 25


 1215 0012 00       		.byte	0
 1216 0013 02       		.uleb128 0x2
 1217 0014 24       		.uleb128 0x24
 1218 0015 00       		.byte	0
 1219 0016 0B       		.uleb128 0xb
 1220 0017 0B       		.uleb128 0xb
 1221 0018 3E       		.uleb128 0x3e
 1222 0019 0B       		.uleb128 0xb
 1223 001a 03       		.uleb128 0x3
 1224 001b 0E       		.uleb128 0xe
 1225 001c 00       		.byte	0
 1226 001d 00       		.byte	0
 1227 001e 03       		.uleb128 0x3
 1228 001f 24       		.uleb128 0x24
 1229 0020 00       		.byte	0
 1230 0021 0B       		.uleb128 0xb
 1231 0022 0B       		.uleb128 0xb
 1232 0023 3E       		.uleb128 0x3e
 1233 0024 0B       		.uleb128 0xb
 1234 0025 03       		.uleb128 0x3
 1235 0026 08       		.uleb128 0x8
 1236 0027 00       		.byte	0
 1237 0028 00       		.byte	0
 1238 0029 04       		.uleb128 0x4
 1239 002a 16       		.uleb128 0x16
 1240 002b 00       		.byte	0
 1241 002c 03       		.uleb128 0x3
 1242 002d 0E       		.uleb128 0xe
 1243 002e 3A       		.uleb128 0x3a
 1244 002f 0B       		.uleb128 0xb
 1245 0030 3B       		.uleb128 0x3b
 1246 0031 0B       		.uleb128 0xb
 1247 0032 49       		.uleb128 0x49
 1248 0033 13       		.uleb128 0x13
 1249 0034 00       		.byte	0
 1250 0035 00       		.byte	0
 1251 0036 05       		.uleb128 0x5
 1252 0037 0F       		.uleb128 0xf
 1253 0038 00       		.byte	0
 1254 0039 0B       		.uleb128 0xb
 1255 003a 0B       		.uleb128 0xb
 1256 003b 00       		.byte	0
 1257 003c 00       		.byte	0
 1258 003d 06       		.uleb128 0x6
 1259 003e 04       		.uleb128 0x4
 1260 003f 01       		.byte	0x1
 1261 0040 0B       		.uleb128 0xb
 1262 0041 0B       		.uleb128 0xb
 1263 0042 3A       		.uleb128 0x3a
 1264 0043 0B       		.uleb128 0xb
 1265 0044 3B       		.uleb128 0x3b
 1266 0045 0B       		.uleb128 0xb
 1267 0046 01       		.uleb128 0x1
 1268 0047 13       		.uleb128 0x13
 1269 0048 00       		.byte	0
 1270 0049 00       		.byte	0
 1271 004a 07       		.uleb128 0x7
ARM GAS  /tmp/ccqfXqFC.s 			page 26


 1272 004b 28       		.uleb128 0x28
 1273 004c 00       		.byte	0
 1274 004d 03       		.uleb128 0x3
 1275 004e 0E       		.uleb128 0xe
 1276 004f 1C       		.uleb128 0x1c
 1277 0050 0D       		.uleb128 0xd
 1278 0051 00       		.byte	0
 1279 0052 00       		.byte	0
 1280 0053 08       		.uleb128 0x8
 1281 0054 13       		.uleb128 0x13
 1282 0055 01       		.byte	0x1
 1283 0056 0B       		.uleb128 0xb
 1284 0057 0B       		.uleb128 0xb
 1285 0058 3A       		.uleb128 0x3a
 1286 0059 0B       		.uleb128 0xb
 1287 005a 3B       		.uleb128 0x3b
 1288 005b 0B       		.uleb128 0xb
 1289 005c 01       		.uleb128 0x1
 1290 005d 13       		.uleb128 0x13
 1291 005e 00       		.byte	0
 1292 005f 00       		.byte	0
 1293 0060 09       		.uleb128 0x9
 1294 0061 0D       		.uleb128 0xd
 1295 0062 00       		.byte	0
 1296 0063 03       		.uleb128 0x3
 1297 0064 0E       		.uleb128 0xe
 1298 0065 3A       		.uleb128 0x3a
 1299 0066 0B       		.uleb128 0xb
 1300 0067 3B       		.uleb128 0x3b
 1301 0068 0B       		.uleb128 0xb
 1302 0069 49       		.uleb128 0x49
 1303 006a 13       		.uleb128 0x13
 1304 006b 38       		.uleb128 0x38
 1305 006c 0A       		.uleb128 0xa
 1306 006d 00       		.byte	0
 1307 006e 00       		.byte	0
 1308 006f 0A       		.uleb128 0xa
 1309 0070 0D       		.uleb128 0xd
 1310 0071 00       		.byte	0
 1311 0072 03       		.uleb128 0x3
 1312 0073 08       		.uleb128 0x8
 1313 0074 3A       		.uleb128 0x3a
 1314 0075 0B       		.uleb128 0xb
 1315 0076 3B       		.uleb128 0x3b
 1316 0077 0B       		.uleb128 0xb
 1317 0078 49       		.uleb128 0x49
 1318 0079 13       		.uleb128 0x13
 1319 007a 38       		.uleb128 0x38
 1320 007b 0A       		.uleb128 0xa
 1321 007c 00       		.byte	0
 1322 007d 00       		.byte	0
 1323 007e 0B       		.uleb128 0xb
 1324 007f 13       		.uleb128 0x13
 1325 0080 01       		.byte	0x1
 1326 0081 03       		.uleb128 0x3
 1327 0082 0E       		.uleb128 0xe
 1328 0083 0B       		.uleb128 0xb
ARM GAS  /tmp/ccqfXqFC.s 			page 27


 1329 0084 0B       		.uleb128 0xb
 1330 0085 3A       		.uleb128 0x3a
 1331 0086 0B       		.uleb128 0xb
 1332 0087 3B       		.uleb128 0x3b
 1333 0088 0B       		.uleb128 0xb
 1334 0089 01       		.uleb128 0x1
 1335 008a 13       		.uleb128 0x13
 1336 008b 00       		.byte	0
 1337 008c 00       		.byte	0
 1338 008d 0C       		.uleb128 0xc
 1339 008e 04       		.uleb128 0x4
 1340 008f 01       		.byte	0x1
 1341 0090 03       		.uleb128 0x3
 1342 0091 0E       		.uleb128 0xe
 1343 0092 0B       		.uleb128 0xb
 1344 0093 0B       		.uleb128 0xb
 1345 0094 3A       		.uleb128 0x3a
 1346 0095 0B       		.uleb128 0xb
 1347 0096 3B       		.uleb128 0x3b
 1348 0097 0B       		.uleb128 0xb
 1349 0098 01       		.uleb128 0x1
 1350 0099 13       		.uleb128 0x13
 1351 009a 00       		.byte	0
 1352 009b 00       		.byte	0
 1353 009c 0D       		.uleb128 0xd
 1354 009d 0F       		.uleb128 0xf
 1355 009e 00       		.byte	0
 1356 009f 0B       		.uleb128 0xb
 1357 00a0 0B       		.uleb128 0xb
 1358 00a1 49       		.uleb128 0x49
 1359 00a2 13       		.uleb128 0x13
 1360 00a3 00       		.byte	0
 1361 00a4 00       		.byte	0
 1362 00a5 0E       		.uleb128 0xe
 1363 00a6 15       		.uleb128 0x15
 1364 00a7 01       		.byte	0x1
 1365 00a8 27       		.uleb128 0x27
 1366 00a9 0C       		.uleb128 0xc
 1367 00aa 49       		.uleb128 0x49
 1368 00ab 13       		.uleb128 0x13
 1369 00ac 01       		.uleb128 0x1
 1370 00ad 13       		.uleb128 0x13
 1371 00ae 00       		.byte	0
 1372 00af 00       		.byte	0
 1373 00b0 0F       		.uleb128 0xf
 1374 00b1 05       		.uleb128 0x5
 1375 00b2 00       		.byte	0
 1376 00b3 49       		.uleb128 0x49
 1377 00b4 13       		.uleb128 0x13
 1378 00b5 00       		.byte	0
 1379 00b6 00       		.byte	0
 1380 00b7 10       		.uleb128 0x10
 1381 00b8 2E       		.uleb128 0x2e
 1382 00b9 01       		.byte	0x1
 1383 00ba 3F       		.uleb128 0x3f
 1384 00bb 0C       		.uleb128 0xc
 1385 00bc 03       		.uleb128 0x3
ARM GAS  /tmp/ccqfXqFC.s 			page 28


 1386 00bd 0E       		.uleb128 0xe
 1387 00be 3A       		.uleb128 0x3a
 1388 00bf 0B       		.uleb128 0xb
 1389 00c0 3B       		.uleb128 0x3b
 1390 00c1 0B       		.uleb128 0xb
 1391 00c2 27       		.uleb128 0x27
 1392 00c3 0C       		.uleb128 0xc
 1393 00c4 49       		.uleb128 0x49
 1394 00c5 13       		.uleb128 0x13
 1395 00c6 11       		.uleb128 0x11
 1396 00c7 01       		.uleb128 0x1
 1397 00c8 12       		.uleb128 0x12
 1398 00c9 01       		.uleb128 0x1
 1399 00ca 40       		.uleb128 0x40
 1400 00cb 06       		.uleb128 0x6
 1401 00cc 9642     		.uleb128 0x2116
 1402 00ce 0C       		.uleb128 0xc
 1403 00cf 01       		.uleb128 0x1
 1404 00d0 13       		.uleb128 0x13
 1405 00d1 00       		.byte	0
 1406 00d2 00       		.byte	0
 1407 00d3 11       		.uleb128 0x11
 1408 00d4 05       		.uleb128 0x5
 1409 00d5 00       		.byte	0
 1410 00d6 03       		.uleb128 0x3
 1411 00d7 0E       		.uleb128 0xe
 1412 00d8 3A       		.uleb128 0x3a
 1413 00d9 0B       		.uleb128 0xb
 1414 00da 3B       		.uleb128 0x3b
 1415 00db 0B       		.uleb128 0xb
 1416 00dc 49       		.uleb128 0x49
 1417 00dd 13       		.uleb128 0x13
 1418 00de 02       		.uleb128 0x2
 1419 00df 0A       		.uleb128 0xa
 1420 00e0 00       		.byte	0
 1421 00e1 00       		.byte	0
 1422 00e2 12       		.uleb128 0x12
 1423 00e3 34       		.uleb128 0x34
 1424 00e4 00       		.byte	0
 1425 00e5 03       		.uleb128 0x3
 1426 00e6 0E       		.uleb128 0xe
 1427 00e7 3A       		.uleb128 0x3a
 1428 00e8 0B       		.uleb128 0xb
 1429 00e9 3B       		.uleb128 0x3b
 1430 00ea 0B       		.uleb128 0xb
 1431 00eb 49       		.uleb128 0x49
 1432 00ec 13       		.uleb128 0x13
 1433 00ed 02       		.uleb128 0x2
 1434 00ee 0A       		.uleb128 0xa
 1435 00ef 00       		.byte	0
 1436 00f0 00       		.byte	0
 1437 00f1 13       		.uleb128 0x13
 1438 00f2 2E       		.uleb128 0x2e
 1439 00f3 01       		.byte	0x1
 1440 00f4 3F       		.uleb128 0x3f
 1441 00f5 0C       		.uleb128 0xc
 1442 00f6 03       		.uleb128 0x3
ARM GAS  /tmp/ccqfXqFC.s 			page 29


 1443 00f7 0E       		.uleb128 0xe
 1444 00f8 3A       		.uleb128 0x3a
 1445 00f9 0B       		.uleb128 0xb
 1446 00fa 3B       		.uleb128 0x3b
 1447 00fb 0B       		.uleb128 0xb
 1448 00fc 49       		.uleb128 0x49
 1449 00fd 13       		.uleb128 0x13
 1450 00fe 11       		.uleb128 0x11
 1451 00ff 01       		.uleb128 0x1
 1452 0100 12       		.uleb128 0x12
 1453 0101 01       		.uleb128 0x1
 1454 0102 40       		.uleb128 0x40
 1455 0103 06       		.uleb128 0x6
 1456 0104 9642     		.uleb128 0x2116
 1457 0106 0C       		.uleb128 0xc
 1458 0107 01       		.uleb128 0x1
 1459 0108 13       		.uleb128 0x13
 1460 0109 00       		.byte	0
 1461 010a 00       		.byte	0
 1462 010b 14       		.uleb128 0x14
 1463 010c 34       		.uleb128 0x34
 1464 010d 00       		.byte	0
 1465 010e 03       		.uleb128 0x3
 1466 010f 0E       		.uleb128 0xe
 1467 0110 3A       		.uleb128 0x3a
 1468 0111 0B       		.uleb128 0xb
 1469 0112 3B       		.uleb128 0x3b
 1470 0113 05       		.uleb128 0x5
 1471 0114 49       		.uleb128 0x49
 1472 0115 13       		.uleb128 0x13
 1473 0116 3F       		.uleb128 0x3f
 1474 0117 0C       		.uleb128 0xc
 1475 0118 3C       		.uleb128 0x3c
 1476 0119 0C       		.uleb128 0xc
 1477 011a 00       		.byte	0
 1478 011b 00       		.byte	0
 1479 011c 15       		.uleb128 0x15
 1480 011d 35       		.uleb128 0x35
 1481 011e 00       		.byte	0
 1482 011f 49       		.uleb128 0x49
 1483 0120 13       		.uleb128 0x13
 1484 0121 00       		.byte	0
 1485 0122 00       		.byte	0
 1486 0123 00       		.byte	0
 1487              		.section	.debug_loc,"",%progbits
 1488              	.Ldebug_loc0:
 1489              	.LLST0:
 1490 0000 00000000 		.4byte	.LFB40-.Ltext0
 1491 0004 02000000 		.4byte	.LCFI0-.Ltext0
 1492 0008 0200     		.2byte	0x2
 1493 000a 7D       		.byte	0x7d
 1494 000b 00       		.sleb128 0
 1495 000c 02000000 		.4byte	.LCFI0-.Ltext0
 1496 0010 04000000 		.4byte	.LCFI1-.Ltext0
 1497 0014 0200     		.2byte	0x2
 1498 0016 7D       		.byte	0x7d
 1499 0017 04       		.sleb128 4
ARM GAS  /tmp/ccqfXqFC.s 			page 30


 1500 0018 04000000 		.4byte	.LCFI1-.Ltext0
 1501 001c 6A000000 		.4byte	.LCFI2-.Ltext0
 1502 0020 0200     		.2byte	0x2
 1503 0022 7D       		.byte	0x7d
 1504 0023 18       		.sleb128 24
 1505 0024 6A000000 		.4byte	.LCFI2-.Ltext0
 1506 0028 6E000000 		.4byte	.LFE40-.Ltext0
 1507 002c 0200     		.2byte	0x2
 1508 002e 7D       		.byte	0x7d
 1509 002f 04       		.sleb128 4
 1510 0030 00000000 		.4byte	0
 1511 0034 00000000 		.4byte	0
 1512              	.LLST1:
 1513 0038 70000000 		.4byte	.LFB41-.Ltext0
 1514 003c 72000000 		.4byte	.LCFI3-.Ltext0
 1515 0040 0200     		.2byte	0x2
 1516 0042 7D       		.byte	0x7d
 1517 0043 00       		.sleb128 0
 1518 0044 72000000 		.4byte	.LCFI3-.Ltext0
 1519 0048 74000000 		.4byte	.LCFI4-.Ltext0
 1520 004c 0200     		.2byte	0x2
 1521 004e 7D       		.byte	0x7d
 1522 004f 04       		.sleb128 4
 1523 0050 74000000 		.4byte	.LCFI4-.Ltext0
 1524 0054 AC000000 		.4byte	.LCFI5-.Ltext0
 1525 0058 0200     		.2byte	0x2
 1526 005a 7D       		.byte	0x7d
 1527 005b 18       		.sleb128 24
 1528 005c AC000000 		.4byte	.LCFI5-.Ltext0
 1529 0060 B0000000 		.4byte	.LFE41-.Ltext0
 1530 0064 0200     		.2byte	0x2
 1531 0066 7D       		.byte	0x7d
 1532 0067 04       		.sleb128 4
 1533 0068 00000000 		.4byte	0
 1534 006c 00000000 		.4byte	0
 1535              	.LLST2:
 1536 0070 B0000000 		.4byte	.LFB42-.Ltext0
 1537 0074 B2000000 		.4byte	.LCFI6-.Ltext0
 1538 0078 0200     		.2byte	0x2
 1539 007a 7D       		.byte	0x7d
 1540 007b 00       		.sleb128 0
 1541 007c B2000000 		.4byte	.LCFI6-.Ltext0
 1542 0080 B4000000 		.4byte	.LCFI7-.Ltext0
 1543 0084 0200     		.2byte	0x2
 1544 0086 7D       		.byte	0x7d
 1545 0087 04       		.sleb128 4
 1546 0088 B4000000 		.4byte	.LCFI7-.Ltext0
 1547 008c EC000000 		.4byte	.LCFI8-.Ltext0
 1548 0090 0200     		.2byte	0x2
 1549 0092 7D       		.byte	0x7d
 1550 0093 18       		.sleb128 24
 1551 0094 EC000000 		.4byte	.LCFI8-.Ltext0
 1552 0098 F0000000 		.4byte	.LFE42-.Ltext0
 1553 009c 0200     		.2byte	0x2
 1554 009e 7D       		.byte	0x7d
 1555 009f 04       		.sleb128 4
 1556 00a0 00000000 		.4byte	0
ARM GAS  /tmp/ccqfXqFC.s 			page 31


 1557 00a4 00000000 		.4byte	0
 1558              	.LLST3:
 1559 00a8 F0000000 		.4byte	.LFB43-.Ltext0
 1560 00ac F2000000 		.4byte	.LCFI9-.Ltext0
 1561 00b0 0200     		.2byte	0x2
 1562 00b2 7D       		.byte	0x7d
 1563 00b3 00       		.sleb128 0
 1564 00b4 F2000000 		.4byte	.LCFI9-.Ltext0
 1565 00b8 F4000000 		.4byte	.LCFI10-.Ltext0
 1566 00bc 0200     		.2byte	0x2
 1567 00be 7D       		.byte	0x7d
 1568 00bf 04       		.sleb128 4
 1569 00c0 F4000000 		.4byte	.LCFI10-.Ltext0
 1570 00c4 2C010000 		.4byte	.LCFI11-.Ltext0
 1571 00c8 0200     		.2byte	0x2
 1572 00ca 7D       		.byte	0x7d
 1573 00cb 18       		.sleb128 24
 1574 00cc 2C010000 		.4byte	.LCFI11-.Ltext0
 1575 00d0 30010000 		.4byte	.LFE43-.Ltext0
 1576 00d4 0200     		.2byte	0x2
 1577 00d6 7D       		.byte	0x7d
 1578 00d7 04       		.sleb128 4
 1579 00d8 00000000 		.4byte	0
 1580 00dc 00000000 		.4byte	0
 1581              	.LLST4:
 1582 00e0 30010000 		.4byte	.LFB44-.Ltext0
 1583 00e4 32010000 		.4byte	.LCFI12-.Ltext0
 1584 00e8 0200     		.2byte	0x2
 1585 00ea 7D       		.byte	0x7d
 1586 00eb 00       		.sleb128 0
 1587 00ec 32010000 		.4byte	.LCFI12-.Ltext0
 1588 00f0 34010000 		.4byte	.LCFI13-.Ltext0
 1589 00f4 0200     		.2byte	0x2
 1590 00f6 7D       		.byte	0x7d
 1591 00f7 04       		.sleb128 4
 1592 00f8 34010000 		.4byte	.LCFI13-.Ltext0
 1593 00fc 7E010000 		.4byte	.LCFI14-.Ltext0
 1594 0100 0200     		.2byte	0x2
 1595 0102 7D       		.byte	0x7d
 1596 0103 18       		.sleb128 24
 1597 0104 7E010000 		.4byte	.LCFI14-.Ltext0
 1598 0108 82010000 		.4byte	.LFE44-.Ltext0
 1599 010c 0200     		.2byte	0x2
 1600 010e 7D       		.byte	0x7d
 1601 010f 04       		.sleb128 4
 1602 0110 00000000 		.4byte	0
 1603 0114 00000000 		.4byte	0
 1604              	.LLST5:
 1605 0118 84010000 		.4byte	.LFB45-.Ltext0
 1606 011c 86010000 		.4byte	.LCFI15-.Ltext0
 1607 0120 0200     		.2byte	0x2
 1608 0122 7D       		.byte	0x7d
 1609 0123 00       		.sleb128 0
 1610 0124 86010000 		.4byte	.LCFI15-.Ltext0
 1611 0128 88010000 		.4byte	.LCFI16-.Ltext0
 1612 012c 0200     		.2byte	0x2
 1613 012e 7D       		.byte	0x7d
ARM GAS  /tmp/ccqfXqFC.s 			page 32


 1614 012f 04       		.sleb128 4
 1615 0130 88010000 		.4byte	.LCFI16-.Ltext0
 1616 0134 A0010000 		.4byte	.LCFI17-.Ltext0
 1617 0138 0200     		.2byte	0x2
 1618 013a 7D       		.byte	0x7d
 1619 013b 10       		.sleb128 16
 1620 013c A0010000 		.4byte	.LCFI17-.Ltext0
 1621 0140 A4010000 		.4byte	.LFE45-.Ltext0
 1622 0144 0200     		.2byte	0x2
 1623 0146 7D       		.byte	0x7d
 1624 0147 04       		.sleb128 4
 1625 0148 00000000 		.4byte	0
 1626 014c 00000000 		.4byte	0
 1627              	.LLST6:
 1628 0150 A4010000 		.4byte	.LFB46-.Ltext0
 1629 0154 A6010000 		.4byte	.LCFI18-.Ltext0
 1630 0158 0200     		.2byte	0x2
 1631 015a 7D       		.byte	0x7d
 1632 015b 00       		.sleb128 0
 1633 015c A6010000 		.4byte	.LCFI18-.Ltext0
 1634 0160 A8010000 		.4byte	.LCFI19-.Ltext0
 1635 0164 0200     		.2byte	0x2
 1636 0166 7D       		.byte	0x7d
 1637 0167 04       		.sleb128 4
 1638 0168 A8010000 		.4byte	.LCFI19-.Ltext0
 1639 016c C0010000 		.4byte	.LCFI20-.Ltext0
 1640 0170 0200     		.2byte	0x2
 1641 0172 7D       		.byte	0x7d
 1642 0173 18       		.sleb128 24
 1643 0174 C0010000 		.4byte	.LCFI20-.Ltext0
 1644 0178 C4010000 		.4byte	.LFE46-.Ltext0
 1645 017c 0200     		.2byte	0x2
 1646 017e 7D       		.byte	0x7d
 1647 017f 04       		.sleb128 4
 1648 0180 00000000 		.4byte	0
 1649 0184 00000000 		.4byte	0
 1650              		.section	.debug_aranges,"",%progbits
 1651 0000 1C000000 		.4byte	0x1c
 1652 0004 0200     		.2byte	0x2
 1653 0006 00000000 		.4byte	.Ldebug_info0
 1654 000a 04       		.byte	0x4
 1655 000b 00       		.byte	0
 1656 000c 0000     		.2byte	0
 1657 000e 0000     		.2byte	0
 1658 0010 00000000 		.4byte	.Ltext0
 1659 0014 C4010000 		.4byte	.Letext0-.Ltext0
 1660 0018 00000000 		.4byte	0
 1661 001c 00000000 		.4byte	0
 1662              		.section	.debug_line,"",%progbits
 1663              	.Ldebug_line0:
 1664 0000 F2010000 		.section	.debug_str,"MS",%progbits,1
 1664      0200A501 
 1664      00000201 
 1664      FB0E0D00 
 1664      01010101 
 1665              	.LASF48:
 1666 0000 456E4550 		.ascii	"EnEPCFGpioOpenDrain_t\000"
ARM GAS  /tmp/ccqfXqFC.s 			page 33


 1666      43464770 
 1666      696F4F70 
 1666      656E4472 
 1666      61696E5F 
 1667              	.LASF61:
 1668 0016 45504346 		.ascii	"EPCFGpioCfg_t\000"
 1668      4770696F 
 1668      4366675F 
 1668      7400
 1669              	.LASF55:
 1670 0024 456E4550 		.ascii	"EnEPCFGpioIntMode_t\000"
 1670      43464770 
 1670      696F496E 
 1670      744D6F64 
 1670      655F7400 
 1671              	.LASF15:
 1672 0038 696E7438 		.ascii	"int8_t\000"
 1672      5F7400
 1673              	.LASF71:
 1674 003f 65706366 		.ascii	"epcfGpioInit_fp\000"
 1674      4770696F 
 1674      496E6974 
 1674      5F667000 
 1675              	.LASF5:
 1676 004f 73686F72 		.ascii	"short int\000"
 1676      7420696E 
 1676      7400
 1677              	.LASF31:
 1678 0059 656E4550 		.ascii	"enEPCFGpioDirection_Input\000"
 1678      43464770 
 1678      696F4469 
 1678      72656374 
 1678      696F6E5F 
 1679              	.LASF13:
 1680 0073 73697A65 		.ascii	"sizetype\000"
 1680      74797065 
 1680      00
 1681              	.LASF36:
 1682 007c 456E4550 		.ascii	"EnEPCFGpioDirection\000"
 1682      43464770 
 1682      696F4469 
 1682      72656374 
 1682      696F6E00 
 1683              	.LASF49:
 1684 0090 656E4550 		.ascii	"enEPCFGpioIntMode_FallingEdge\000"
 1684      43464770 
 1684      696F496E 
 1684      744D6F64 
 1684      655F4661 
 1685              	.LASF29:
 1686 00ae 64697265 		.ascii	"direction\000"
 1686      6374696F 
 1686      6E00
 1687              	.LASF9:
 1688 00b8 5F5F7569 		.ascii	"__uint32_t\000"
 1688      6E743332 
 1688      5F7400
ARM GAS  /tmp/ccqfXqFC.s 			page 34


 1689              	.LASF56:
 1690 00c3 6D6F6465 		.ascii	"mode\000"
 1690      00
 1691              	.LASF82:
 1692 00c8 70477069 		.ascii	"pGpiodevice\000"
 1692      6F646576 
 1692      69636500 
 1693              	.LASF92:
 1694 00d4 65706366 		.ascii	"epcf_gpio_getDeviceCount\000"
 1694      5F677069 
 1694      6F5F6765 
 1694      74446576 
 1694      69636543 
 1695              	.LASF75:
 1696 00ed 65706366 		.ascii	"epcfGpioSetDirection_fp\000"
 1696      4770696F 
 1696      53657444 
 1696      69726563 
 1696      74696F6E 
 1697              	.LASF65:
 1698 0105 6770696F 		.ascii	"gpioInit\000"
 1698      496E6974 
 1698      00
 1699              	.LASF16:
 1700 010e 75696E74 		.ascii	"uint8_t\000"
 1700      385F7400 
 1701              	.LASF72:
 1702 0116 65706366 		.ascii	"epcfGpioSet_fp\000"
 1702      4770696F 
 1702      5365745F 
 1702      667000
 1703              	.LASF45:
 1704 0125 656E4550 		.ascii	"enEPCFGpioOpenDrain_Disable\000"
 1704      43464770 
 1704      696F4F70 
 1704      656E4472 
 1704      61696E5F 
 1705              	.LASF89:
 1706 0141 474E5520 		.ascii	"GNU C 4.9.3 20150529 (prerelease) -mcpu=cortex-m3 -"
 1706      4320342E 
 1706      392E3320 
 1706      32303135 
 1706      30353239 
 1707 0174 6D746875 		.ascii	"mthumb -gdwarf-2 -O0 -std=gnu99 -fomit-frame-pointe"
 1707      6D62202D 
 1707      67647761 
 1707      72662D32 
 1707      202D4F30 
 1708 01a7 7200     		.ascii	"r\000"
 1709              	.LASF58:
 1710 01a9 696E7445 		.ascii	"intEnable\000"
 1710      6E61626C 
 1710      6500
 1711              	.LASF57:
 1712 01b3 6F70656E 		.ascii	"openDrain\000"
 1712      44726169 
 1712      6E00
ARM GAS  /tmp/ccqfXqFC.s 			page 35


 1713              	.LASF18:
 1714 01bd 75696E74 		.ascii	"uint32_t\000"
 1714      33325F74 
 1714      00
 1715              	.LASF70:
 1716 01c6 6770696F 		.ascii	"gpioGetDeviceCount\000"
 1716      47657444 
 1716      65766963 
 1716      65436F75 
 1716      6E7400
 1717              	.LASF53:
 1718 01d9 656E4550 		.ascii	"enEPCFGpioIntMode_HighLevel\000"
 1718      43464770 
 1718      696F496E 
 1718      744D6F64 
 1718      655F4869 
 1719              	.LASF30:
 1720 01f5 65787465 		.ascii	"extendedGpioDeviceId\000"
 1720      6E646564 
 1720      4770696F 
 1720      44657669 
 1720      63654964 
 1721              	.LASF59:
 1722 020a 696E744D 		.ascii	"intMode\000"
 1722      6F646500 
 1723              	.LASF91:
 1724 0212 2F686F6D 		.ascii	"/home/majorviraj/Desktop/self_balancing/firmware/Bl"
 1724      652F6D61 
 1724      6A6F7276 
 1724      6972616A 
 1724      2F446573 
 1725 0245 696E6B30 		.ascii	"ink01/app\000"
 1725      312F6170 
 1725      7000
 1726              	.LASF19:
 1727 024f 666C6F61 		.ascii	"float\000"
 1727      7400
 1728              	.LASF84:
 1729 0255 65706366 		.ascii	"epcf_gpio_read\000"
 1729      5F677069 
 1729      6F5F7265 
 1729      616400
 1730              	.LASF37:
 1731 0264 456E4550 		.ascii	"EnEPCFGpioPinMode\000"
 1731      43464770 
 1731      696F5069 
 1731      6E4D6F64 
 1731      6500
 1732              	.LASF23:
 1733 0276 456E4550 		.ascii	"EnEPCFBoolean_t\000"
 1733      4346426F 
 1733      6F6C6561 
 1733      6E5F7400 
 1734              	.LASF11:
 1735 0286 6C6F6E67 		.ascii	"long long int\000"
 1735      206C6F6E 
 1735      6720696E 
ARM GAS  /tmp/ccqfXqFC.s 			page 36


 1735      7400
 1736              	.LASF80:
 1737 0294 65706366 		.ascii	"epcf_gpio_set\000"
 1737      5F677069 
 1737      6F5F7365 
 1737      7400
 1738              	.LASF64:
 1739 02a2 45504346 		.ascii	"EPCFGpioController\000"
 1739      4770696F 
 1739      436F6E74 
 1739      726F6C6C 
 1739      657200
 1740              	.LASF8:
 1741 02b5 6C6F6E67 		.ascii	"long int\000"
 1741      20696E74 
 1741      00
 1742              	.LASF83:
 1743 02be 65706366 		.ascii	"epcf_gpio_clear\000"
 1743      5F677069 
 1743      6F5F636C 
 1743      65617200 
 1744              	.LASF34:
 1745 02ce 656E4550 		.ascii	"enEPCFGpioDirection_Max\000"
 1745      43464770 
 1745      696F4469 
 1745      72656374 
 1745      696F6E5F 
 1746              	.LASF35:
 1747 02e6 456E4550 		.ascii	"EnEPCFGpioDirection_t\000"
 1747      43464770 
 1747      696F4469 
 1747      72656374 
 1747      696F6E5F 
 1748              	.LASF3:
 1749 02fc 5F5F7569 		.ascii	"__uint8_t\000"
 1749      6E74385F 
 1749      7400
 1750              	.LASF68:
 1751 0306 6770696F 		.ascii	"gpioRead\000"
 1751      52656164 
 1751      00
 1752              	.LASF50:
 1753 030f 656E4550 		.ascii	"enEPCFGpioIntMode_RisingEdge\000"
 1753      43464770 
 1753      696F496E 
 1753      744D6F64 
 1753      655F5269 
 1754              	.LASF2:
 1755 032c 5F5F696E 		.ascii	"__int8_t\000"
 1755      74385F74 
 1755      00
 1756              	.LASF4:
 1757 0335 756E7369 		.ascii	"unsigned char\000"
 1757      676E6564 
 1757      20636861 
 1757      7200
 1758              	.LASF73:
ARM GAS  /tmp/ccqfXqFC.s 			page 37


 1759 0343 65706366 		.ascii	"epcfGpioClear_fp\000"
 1759      4770696F 
 1759      436C6561 
 1759      725F6670 
 1759      00
 1760              	.LASF1:
 1761 0354 7369676E 		.ascii	"signed char\000"
 1761      65642063 
 1761      68617200 
 1762              	.LASF12:
 1763 0360 6C6F6E67 		.ascii	"long long unsigned int\000"
 1763      206C6F6E 
 1763      6720756E 
 1763      7369676E 
 1763      65642069 
 1764              	.LASF66:
 1765 0377 6770696F 		.ascii	"gpioSet\000"
 1765      53657400 
 1766              	.LASF76:
 1767 037f 65706366 		.ascii	"epcfGpioGetDeviceCount_fp\000"
 1767      4770696F 
 1767      47657444 
 1767      65766963 
 1767      65436F75 
 1768              	.LASF46:
 1769 0399 656E4550 		.ascii	"enEPCFGpioOpenDrain_Enable\000"
 1769      43464770 
 1769      696F4F70 
 1769      656E4472 
 1769      61696E5F 
 1770              	.LASF0:
 1771 03b4 756E7369 		.ascii	"unsigned int\000"
 1771      676E6564 
 1771      20696E74 
 1771      00
 1772              	.LASF39:
 1773 03c1 656E4550 		.ascii	"enEPCFGpioPinMode_Repeater\000"
 1773      43464770 
 1773      696F5069 
 1773      6E4D6F64 
 1773      655F5265 
 1774              	.LASF74:
 1775 03dc 65706366 		.ascii	"epcfGpioRead_fp\000"
 1775      4770696F 
 1775      52656164 
 1775      5F667000 
 1776              	.LASF79:
 1777 03ec 65706366 		.ascii	"epcf_gpio_createNative\000"
 1777      5F677069 
 1777      6F5F6372 
 1777      65617465 
 1777      4E617469 
 1778              	.LASF78:
 1779 0403 73746174 		.ascii	"status\000"
 1779      757300
 1780              	.LASF14:
 1781 040a 63686172 		.ascii	"char\000"
ARM GAS  /tmp/ccqfXqFC.s 			page 38


 1781      00
 1782              	.LASF17:
 1783 040f 696E7433 		.ascii	"int32_t\000"
 1783      325F7400 
 1784              	.LASF67:
 1785 0417 6770696F 		.ascii	"gpioClear\000"
 1785      436C6561 
 1785      7200
 1786              	.LASF7:
 1787 0421 5F5F696E 		.ascii	"__int32_t\000"
 1787      7433325F 
 1787      7400
 1788              	.LASF6:
 1789 042b 73686F72 		.ascii	"short unsigned int\000"
 1789      7420756E 
 1789      7369676E 
 1789      65642069 
 1789      6E7400
 1790              	.LASF44:
 1791 043e 456E4550 		.ascii	"EnEPCFOpenDrain\000"
 1791      43464F70 
 1791      656E4472 
 1791      61696E00 
 1792              	.LASF52:
 1793 044e 656E4550 		.ascii	"enEPCFGpioIntMode_LowLevel\000"
 1793      43464770 
 1793      696F496E 
 1793      744D6F64 
 1793      655F4C6F 
 1794              	.LASF24:
 1795 0469 706F7274 		.ascii	"port\000"
 1795      00
 1796              	.LASF21:
 1797 046e 656E4550 		.ascii	"enEPCFBoolean_True\000"
 1797      4346426F 
 1797      6F6C6561 
 1797      6E5F5472 
 1797      756500
 1798              	.LASF62:
 1799 0481 45504346 		.ascii	"EPCFGpioController_t\000"
 1799      4770696F 
 1799      436F6E74 
 1799      726F6C6C 
 1799      65725F74 
 1800              	.LASF40:
 1801 0496 656E4550 		.ascii	"enEPCFGpioPinMode_NoPullUpDown\000"
 1801      43464770 
 1801      696F5069 
 1801      6E4D6F64 
 1801      655F4E6F 
 1802              	.LASF10:
 1803 04b5 6C6F6E67 		.ascii	"long unsigned int\000"
 1803      20756E73 
 1803      69676E65 
 1803      6420696E 
 1803      7400
 1804              	.LASF38:
ARM GAS  /tmp/ccqfXqFC.s 			page 39


 1805 04c7 656E4550 		.ascii	"enEPCFGpioPinMode_PullUp\000"
 1805      43464770 
 1805      696F5069 
 1805      6E4D6F64 
 1805      655F5075 
 1806              	.LASF28:
 1807 04e0 706F7274 		.ascii	"portPin\000"
 1807      50696E00 
 1808              	.LASF81:
 1809 04e8 70477069 		.ascii	"pGpioConfig\000"
 1809      6F436F6E 
 1809      66696700 
 1810              	.LASF88:
 1811 04f4 70477069 		.ascii	"pGpioController\000"
 1811      6F436F6E 
 1811      74726F6C 
 1811      6C657200 
 1812              	.LASF54:
 1813 0504 656E4550 		.ascii	"enEPCFGpioIntMode_Max\000"
 1813      43464770 
 1813      696F496E 
 1813      744D6F64 
 1813      655F4D61 
 1814              	.LASF22:
 1815 051a 656E4550 		.ascii	"enEPCFBoolean_Max\000"
 1815      4346426F 
 1815      6F6C6561 
 1815      6E5F4D61 
 1815      7800
 1816              	.LASF69:
 1817 052c 6770696F 		.ascii	"gpioSetDirection\000"
 1817      53657444 
 1817      69726563 
 1817      74696F6E 
 1817      00
 1818              	.LASF43:
 1819 053d 456E4550 		.ascii	"EnEPCFGpioPinMode_t\000"
 1819      43464770 
 1819      696F5069 
 1819      6E4D6F64 
 1819      655F7400 
 1820              	.LASF47:
 1821 0551 656E4550 		.ascii	"enEPCFGpioOpenDrain_Max\000"
 1821      43464770 
 1821      696F4F70 
 1821      656E4472 
 1821      61696E5F 
 1822              	.LASF90:
 1823 0569 2E2E2F65 		.ascii	"../epcf/peripheral/source/gpio/gpio.c\000"
 1823      7063662F 
 1823      70657269 
 1823      70686572 
 1823      616C2F73 
 1824              	.LASF27:
 1825 058f 636F6E74 		.ascii	"controllerConfig\000"
 1825      726F6C6C 
 1825      6572436F 
ARM GAS  /tmp/ccqfXqFC.s 			page 40


 1825      6E666967 
 1825      00
 1826              	.LASF86:
 1827 05a0 65706366 		.ascii	"epcf_gpio_setDirection\000"
 1827      5F677069 
 1827      6F5F7365 
 1827      74446972 
 1827      65637469 
 1828              	.LASF26:
 1829 05b7 45504346 		.ascii	"EPCFGpioDevice_t\000"
 1829      4770696F 
 1829      44657669 
 1829      63655F74 
 1829      00
 1830              	.LASF51:
 1831 05c8 656E4550 		.ascii	"enEPCFGpioIntMode_BothEdge\000"
 1831      43464770 
 1831      696F496E 
 1831      744D6F64 
 1831      655F426F 
 1832              	.LASF77:
 1833 05e3 70477069 		.ascii	"pGpioDevice\000"
 1833      6F446576 
 1833      69636500 
 1834              	.LASF85:
 1835 05ef 72657456 		.ascii	"retVal\000"
 1835      616C00
 1836              	.LASF25:
 1837 05f6 45504346 		.ascii	"EPCFPortPin_t\000"
 1837      506F7274 
 1837      50696E5F 
 1837      7400
 1838              	.LASF42:
 1839 0604 656E4550 		.ascii	"enEPCFGpioPinMode_Max\000"
 1839      43464770 
 1839      696F5069 
 1839      6E4D6F64 
 1839      655F4D61 
 1840              	.LASF32:
 1841 061a 656E4550 		.ascii	"enEPCFGpioDirection_Output\000"
 1841      43464770 
 1841      696F4469 
 1841      72656374 
 1841      696F6E5F 
 1842              	.LASF41:
 1843 0635 656E4550 		.ascii	"enEPCFGpioPinMode_PullDown\000"
 1843      43464770 
 1843      696F5069 
 1843      6E4D6F64 
 1843      655F5075 
 1844              	.LASF33:
 1845 0650 656E4550 		.ascii	"enEPCFGpioDirection_HighZ\000"
 1845      43464770 
 1845      696F4469 
 1845      72656374 
 1845      696F6E5F 
 1846              	.LASF20:
ARM GAS  /tmp/ccqfXqFC.s 			page 41


 1847 066a 656E4550 		.ascii	"enEPCFBoolean_False\000"
 1847      4346426F 
 1847      6F6C6561 
 1847      6E5F4661 
 1847      6C736500 
 1848              	.LASF93:
 1849 067e 49544D5F 		.ascii	"ITM_RxBuffer\000"
 1849      52784275 
 1849      66666572 
 1849      00
 1850              	.LASF60:
 1851 068b 68617264 		.ascii	"hardwareCfg\000"
 1851      77617265 
 1851      43666700 
 1852              	.LASF87:
 1853 0697 65706366 		.ascii	"epcf_gpio_extGetDeviceCount\000"
 1853      5F677069 
 1853      6F5F6578 
 1853      74476574 
 1853      44657669 
 1854              	.LASF63:
 1855 06b3 45504346 		.ascii	"EPCFGpioDevice\000"
 1855      4770696F 
 1855      44657669 
 1855      636500
 1856              		.ident	"GCC: (15:4.9.3+svn231177-1) 4.9.3 20150529 (prerelease)"
ARM GAS  /tmp/ccqfXqFC.s 			page 42


DEFINED SYMBOLS
                            *ABS*:0000000000000000 gpio.c
     /tmp/ccqfXqFC.s:48     .text:0000000000000000 $t
     /tmp/ccqfXqFC.s:53     .text:0000000000000000 epcf_gpio_createNative
     /tmp/ccqfXqFC.s:143    .text:0000000000000070 epcf_gpio_set
     /tmp/ccqfXqFC.s:199    .text:00000000000000b0 epcf_gpio_clear
     /tmp/ccqfXqFC.s:255    .text:00000000000000f0 epcf_gpio_read
     /tmp/ccqfXqFC.s:311    .text:0000000000000130 epcf_gpio_setDirection
     /tmp/ccqfXqFC.s:373    .text:0000000000000184 epcf_gpio_getDeviceCount
     /tmp/ccqfXqFC.s:410    .text:00000000000001a4 epcf_gpio_extGetDeviceCount
                     .debug_frame:0000000000000010 $d

UNDEFINED SYMBOLS
epcf_gpio_nativeGetDeviceCount
malloc
epcf_gpio_nativeInit
epcf_gpio_nativeSet
epcf_gpio_nativeClear
epcf_gpio_nativeRead
epcf_gpio_nativeSetDirection
